{"meta": {"format": 3, "version": "7.6.1", "timestamp": "2025-07-05T10:02:52.637351", "branch_coverage": false, "show_contexts": false}, "files": {"apps/core/__init__.py": {"executed_lines": [1], "summary": {"covered_lines": 0, "num_statements": 0, "percent_covered": 100.0, "percent_covered_display": "100", "missing_lines": 0, "excluded_lines": 0}, "missing_lines": [], "excluded_lines": [], "functions": {"": {"executed_lines": [], "summary": {"covered_lines": 0, "num_statements": 0, "percent_covered": 100.0, "percent_covered_display": "100", "missing_lines": 0, "excluded_lines": 0}, "missing_lines": [], "excluded_lines": []}}, "classes": {"": {"executed_lines": [], "summary": {"covered_lines": 0, "num_statements": 0, "percent_covered": 100.0, "percent_covered_display": "100", "missing_lines": 0, "excluded_lines": 0}, "missing_lines": [], "excluded_lines": []}}}, "apps/core/services.py": {"executed_lines": [1, 5, 6, 7, 8, 10, 11, 14, 15, 20, 21, 33, 34, 36, 46, 60, 71, 76, 77, 87, 88, 90, 91, 94, 103, 114, 116, 117, 128, 129, 131, 132, 137, 143, 144, 146, 148, 149, 160, 172, 174, 175, 183, 187, 193, 195, 197, 198, 202, 203, 204, 214, 216, 217, 227, 230, 234, 246, 247, 250, 256, 257, 258, 260, 261, 263, 265, 266, 272, 278, 284, 285, 288, 289, 290, 291, 295, 297, 319, 320, 329, 332, 336, 339, 340, 343, 355, 359], "summary": {"covered_lines": 86, "num_statements": 100, "percent_covered": 86.0, "percent_covered_display": "86", "missing_lines": 14, "excluded_lines": 0}, "missing_lines": [73, 74, 133, 134, 184, 200, 211, 212, 228, 231, 293, 330, 333, 337], "excluded_lines": [], "functions": {"CRISPIntegrationService.create_organization_with_trust_setup": {"executed_lines": [33, 34, 36, 46, 60, 71], "summary": {"covered_lines": 6, "num_statements": 8, "percent_covered": 75.0, "percent_covered_display": "75", "missing_lines": 2, "excluded_lines": 0}, "missing_lines": [73, 74], "excluded_lines": []}, "CRISPIntegrationService.invite_user_to_organization": {"executed_lines": [87, 88, 90, 91, 94, 103, 114], "summary": {"covered_lines": 7, "num_statements": 7, "percent_covered": 100.0, "percent_covered_display": "100", "missing_lines": 0, "excluded_lines": 0}, "missing_lines": [], "excluded_lines": []}, "CRISPIntegrationService.create_trust_relationship": {"executed_lines": [128, 129, 131, 132, 137, 143, 144, 146, 148, 149, 160, 172], "summary": {"covered_lines": 12, "num_statements": 14, "percent_covered": 85.71428571428571, "percent_covered_display": "86", "missing_lines": 2, "excluded_lines": 0}, "missing_lines": [133, 134], "excluded_lines": []}, "CRISPIntegrationService.get_user_accessible_intelligence_sources": {"executed_lines": [183, 187, 193, 195, 197, 198, 202, 203, 204, 214], "summary": {"covered_lines": 10, "num_statements": 14, "percent_covered": 71.42857142857143, "percent_covered_display": "71", "missing_lines": 4, "excluded_lines": 0}, "missing_lines": [184, 200, 211, 212], "excluded_lines": []}, "CRISPIntegrationService.can_user_access_intelligence": {"executed_lines": [227, 230, 234, 246, 247, 250, 256, 257, 258, 260, 261, 263], "summary": {"covered_lines": 12, "num_statements": 14, "percent_covered": 85.71428571428571, "percent_covered_display": "86", "missing_lines": 2, "excluded_lines": 0}, "missing_lines": [228, 231], "excluded_lines": []}, "CRISPIntegrationService.get_organization_trust_dashboard_data": {"executed_lines": [272, 278, 284, 285, 288, 289, 290, 291, 295, 297], "summary": {"covered_lines": 10, "num_statements": 11, "percent_covered": 90.9090909090909, "percent_covered_display": "91", "missing_lines": 1, "excluded_lines": 0}, "missing_lines": [293], "excluded_lines": []}, "CRISPIntegrationService.approve_trust_relationship": {"executed_lines": [329, 332, 336, 339, 340, 343, 355], "summary": {"covered_lines": 7, "num_statements": 10, "percent_covered": 70.0, "percent_covered_display": "70", "missing_lines": 3, "excluded_lines": 0}, "missing_lines": [330, 333, 337], "excluded_lines": []}, "": {"executed_lines": [1, 5, 6, 7, 8, 10, 11, 14, 15, 20, 21, 76, 77, 116, 117, 174, 175, 216, 217, 265, 266, 319, 320, 359], "summary": {"covered_lines": 22, "num_statements": 22, "percent_covered": 100.0, "percent_covered_display": "100", "missing_lines": 0, "excluded_lines": 0}, "missing_lines": [], "excluded_lines": []}}, "classes": {"CRISPIntegrationService": {"executed_lines": [33, 34, 36, 46, 60, 71, 87, 88, 90, 91, 94, 103, 114, 128, 129, 131, 132, 137, 143, 144, 146, 148, 149, 160, 172, 183, 187, 193, 195, 197, 198, 202, 203, 204, 214, 227, 230, 234, 246, 247, 250, 256, 257, 258, 260, 261, 263, 272, 278, 284, 285, 288, 289, 290, 291, 295, 297, 329, 332, 336, 339, 340, 343, 355], "summary": {"covered_lines": 64, "num_statements": 78, "percent_covered": 82.05128205128206, "percent_covered_display": "82", "missing_lines": 14, "excluded_lines": 0}, "missing_lines": [73, 74, 133, 134, 184, 200, 211, 212, 228, 231, 293, 330, 333, 337], "excluded_lines": []}, "": {"executed_lines": [1, 5, 6, 7, 8, 10, 11, 14, 15, 20, 21, 76, 77, 116, 117, 174, 175, 216, 217, 265, 266, 319, 320, 359], "summary": {"covered_lines": 22, "num_statements": 22, "percent_covered": 100.0, "percent_covered_display": "100", "missing_lines": 0, "excluded_lines": 0}, "missing_lines": [], "excluded_lines": []}}}, "apps/core/tests/__init__.py": {"executed_lines": [1, 7], "summary": {"covered_lines": 1, "num_statements": 1, "percent_covered": 100.0, "percent_covered_display": "100", "missing_lines": 0, "excluded_lines": 0}, "missing_lines": [], "excluded_lines": [], "functions": {"": {"executed_lines": [1, 7], "summary": {"covered_lines": 1, "num_statements": 1, "percent_covered": 100.0, "percent_covered_display": "100", "missing_lines": 0, "excluded_lines": 0}, "missing_lines": [], "excluded_lines": []}}, "classes": {"": {"executed_lines": [1, 7], "summary": {"covered_lines": 1, "num_statements": 1, "percent_covered": 100.0, "percent_covered_display": "100", "missing_lines": 0, "excluded_lines": 0}, "missing_lines": [], "excluded_lines": []}}}, "apps/core/tests/apps.py": {"executed_lines": [], "summary": {"covered_lines": 0, "num_statements": 5, "percent_covered": 0.0, "percent_covered_display": "0", "missing_lines": 5, "excluded_lines": 0}, "missing_lines": [1, 4, 5, 6, 7], "excluded_lines": [], "functions": {"": {"executed_lines": [], "summary": {"covered_lines": 0, "num_statements": 5, "percent_covered": 0.0, "percent_covered_display": "0", "missing_lines": 5, "excluded_lines": 0}, "missing_lines": [1, 4, 5, 6, 7], "excluded_lines": []}}, "classes": {"TestsConfig": {"executed_lines": [], "summary": {"covered_lines": 0, "num_statements": 0, "percent_covered": 100.0, "percent_covered_display": "100", "missing_lines": 0, "excluded_lines": 0}, "missing_lines": [], "excluded_lines": []}, "": {"executed_lines": [], "summary": {"covered_lines": 0, "num_statements": 5, "percent_covered": 0.0, "percent_covered_display": "0", "missing_lines": 5, "excluded_lines": 0}, "missing_lines": [1, 4, 5, 6, 7], "excluded_lines": []}}}, "apps/core/tests/factories.py": {"executed_lines": [], "summary": {"covered_lines": 0, "num_statements": 82, "percent_covered": 0.0, "percent_covered_display": "0", "missing_lines": 82, "excluded_lines": 0}, "missing_lines": [4, 5, 6, 7, 8, 9, 11, 16, 19, 20, 21, 23, 24, 25, 26, 27, 30, 31, 32, 34, 35, 36, 37, 38, 39, 40, 41, 44, 45, 46, 48, 49, 50, 51, 52, 53, 54, 55, 56, 57, 60, 61, 62, 64, 65, 66, 67, 68, 69, 70, 73, 74, 75, 77, 78, 79, 80, 81, 82, 85, 86, 87, 89, 90, 91, 92, 93, 94, 99, 102, 103, 104, 106, 107, 108, 109, 110, 111, 112, 113, 114, 115], "excluded_lines": [], "functions": {"": {"executed_lines": [], "summary": {"covered_lines": 0, "num_statements": 82, "percent_covered": 0.0, "percent_covered_display": "0", "missing_lines": 82, "excluded_lines": 0}, "missing_lines": [4, 5, 6, 7, 8, 9, 11, 16, 19, 20, 21, 23, 24, 25, 26, 27, 30, 31, 32, 34, 35, 36, 37, 38, 39, 40, 41, 44, 45, 46, 48, 49, 50, 51, 52, 53, 54, 55, 56, 57, 60, 61, 62, 64, 65, 66, 67, 68, 69, 70, 73, 74, 75, 77, 78, 79, 80, 81, 82, 85, 86, 87, 89, 90, 91, 92, 93, 94, 99, 102, 103, 104, 106, 107, 108, 109, 110, 111, 112, 113, 114, 115], "excluded_lines": []}}, "classes": {"UserFactory": {"executed_lines": [], "summary": {"covered_lines": 0, "num_statements": 0, "percent_covered": 100.0, "percent_covered_display": "100", "missing_lines": 0, "excluded_lines": 0}, "missing_lines": [], "excluded_lines": []}, "UserFactory.Meta": {"executed_lines": [], "summary": {"covered_lines": 0, "num_statements": 0, "percent_covered": 100.0, "percent_covered_display": "100", "missing_lines": 0, "excluded_lines": 0}, "missing_lines": [], "excluded_lines": []}, "TrustLevelFactory": {"executed_lines": [], "summary": {"covered_lines": 0, "num_statements": 0, "percent_covered": 100.0, "percent_covered_display": "100", "missing_lines": 0, "excluded_lines": 0}, "missing_lines": [], "excluded_lines": []}, "TrustLevelFactory.Meta": {"executed_lines": [], "summary": {"covered_lines": 0, "num_statements": 0, "percent_covered": 100.0, "percent_covered_display": "100", "missing_lines": 0, "excluded_lines": 0}, "missing_lines": [], "excluded_lines": []}, "TrustRelationshipFactory": {"executed_lines": [], "summary": {"covered_lines": 0, "num_statements": 0, "percent_covered": 100.0, "percent_covered_display": "100", "missing_lines": 0, "excluded_lines": 0}, "missing_lines": [], "excluded_lines": []}, "TrustRelationshipFactory.Meta": {"executed_lines": [], "summary": {"covered_lines": 0, "num_statements": 0, "percent_covered": 100.0, "percent_covered_display": "100", "missing_lines": 0, "excluded_lines": 0}, "missing_lines": [], "excluded_lines": []}, "TrustGroupFactory": {"executed_lines": [], "summary": {"covered_lines": 0, "num_statements": 0, "percent_covered": 100.0, "percent_covered_display": "100", "missing_lines": 0, "excluded_lines": 0}, "missing_lines": [], "excluded_lines": []}, "TrustGroupFactory.Meta": {"executed_lines": [], "summary": {"covered_lines": 0, "num_statements": 0, "percent_covered": 100.0, "percent_covered_display": "100", "missing_lines": 0, "excluded_lines": 0}, "missing_lines": [], "excluded_lines": []}, "TrustGroupMembershipFactory": {"executed_lines": [], "summary": {"covered_lines": 0, "num_statements": 0, "percent_covered": 100.0, "percent_covered_display": "100", "missing_lines": 0, "excluded_lines": 0}, "missing_lines": [], "excluded_lines": []}, "TrustGroupMembershipFactory.Meta": {"executed_lines": [], "summary": {"covered_lines": 0, "num_statements": 0, "percent_covered": 100.0, "percent_covered_display": "100", "missing_lines": 0, "excluded_lines": 0}, "missing_lines": [], "excluded_lines": []}, "SharingPolicyFactory": {"executed_lines": [], "summary": {"covered_lines": 0, "num_statements": 0, "percent_covered": 100.0, "percent_covered_display": "100", "missing_lines": 0, "excluded_lines": 0}, "missing_lines": [], "excluded_lines": []}, "SharingPolicyFactory.Meta": {"executed_lines": [], "summary": {"covered_lines": 0, "num_statements": 0, "percent_covered": 100.0, "percent_covered_display": "100", "missing_lines": 0, "excluded_lines": 0}, "missing_lines": [], "excluded_lines": []}, "TrustLogFactory": {"executed_lines": [], "summary": {"covered_lines": 0, "num_statements": 0, "percent_covered": 100.0, "percent_covered_display": "100", "missing_lines": 0, "excluded_lines": 0}, "missing_lines": [], "excluded_lines": []}, "TrustLogFactory.Meta": {"executed_lines": [], "summary": {"covered_lines": 0, "num_statements": 0, "percent_covered": 100.0, "percent_covered_display": "100", "missing_lines": 0, "excluded_lines": 0}, "missing_lines": [], "excluded_lines": []}, "": {"executed_lines": [], "summary": {"covered_lines": 0, "num_statements": 82, "percent_covered": 0.0, "percent_covered_display": "0", "missing_lines": 82, "excluded_lines": 0}, "missing_lines": [4, 5, 6, 7, 8, 9, 11, 16, 19, 20, 21, 23, 24, 25, 26, 27, 30, 31, 32, 34, 35, 36, 37, 38, 39, 40, 41, 44, 45, 46, 48, 49, 50, 51, 52, 53, 54, 55, 56, 57, 60, 61, 62, 64, 65, 66, 67, 68, 69, 70, 73, 74, 75, 77, 78, 79, 80, 81, 82, 85, 86, 87, 89, 90, 91, 92, 93, 94, 99, 102, 103, 104, 106, 107, 108, 109, 110, 111, 112, 113, 114, 115], "excluded_lines": []}}}, "apps/core/tests/test_models.py": {"executed_lines": [1, 7, 8, 9, 10, 12], "summary": {"covered_lines": 5, "num_statements": 54, "percent_covered": 9.25925925925926, "percent_covered_display": "9", "missing_lines": 49, "excluded_lines": 0}, "missing_lines": [15, 18, 20, 30, 31, 32, 34, 36, 45, 48, 51, 52, 60, 61, 63, 65, 73, 74, 75, 76, 78, 80, 88, 89, 91, 94, 103, 104, 111, 114, 117, 118, 126, 128, 136, 137, 139, 141, 149, 152, 155, 157, 165, 166, 167, 169, 171, 178, 179], "excluded_lines": [], "functions": {"TrustLevelTest.test_create_trust_level": {"executed_lines": [], "summary": {"covered_lines": 0, "num_statements": 4, "percent_covered": 0.0, "percent_covered_display": "0", "missing_lines": 4, "excluded_lines": 0}, "missing_lines": [20, 30, 31, 32], "excluded_lines": []}, "TrustLevelTest.test_str_representation": {"executed_lines": [], "summary": {"covered_lines": 0, "num_statements": 2, "percent_covered": 0.0, "percent_covered_display": "0", "missing_lines": 2, "excluded_lines": 0}, "missing_lines": [36, 45], "excluded_lines": []}, "TrustRelationshipTest.setUp": {"executed_lines": [], "summary": {"covered_lines": 0, "num_statements": 3, "percent_covered": 0.0, "percent_covered_display": "0", "missing_lines": 3, "excluded_lines": 0}, "missing_lines": [52, 60, 61], "excluded_lines": []}, "TrustRelationshipTest.test_create_trust_relationship": {"executed_lines": [], "summary": {"covered_lines": 0, "num_statements": 5, "percent_covered": 0.0, "percent_covered_display": "0", "missing_lines": 5, "excluded_lines": 0}, "missing_lines": [65, 73, 74, 75, 76], "excluded_lines": []}, "TrustRelationshipTest.test_same_organization_validation": {"executed_lines": [], "summary": {"covered_lines": 0, "num_statements": 3, "percent_covered": 0.0, "percent_covered_display": "0", "missing_lines": 3, "excluded_lines": 0}, "missing_lines": [80, 88, 89], "excluded_lines": []}, "TrustRelationshipTest.test_unique_together_constraint": {"executed_lines": [], "summary": {"covered_lines": 0, "num_statements": 4, "percent_covered": 0.0, "percent_covered_display": "0", "missing_lines": 4, "excluded_lines": 0}, "missing_lines": [94, 103, 104, 111], "excluded_lines": []}, "TrustGroupTest.setUp": {"executed_lines": [], "summary": {"covered_lines": 0, "num_statements": 1, "percent_covered": 0.0, "percent_covered_display": "0", "missing_lines": 1, "excluded_lines": 0}, "missing_lines": [118], "excluded_lines": []}, "TrustGroupTest.test_create_trust_group": {"executed_lines": [], "summary": {"covered_lines": 0, "num_statements": 3, "percent_covered": 0.0, "percent_covered_display": "0", "missing_lines": 3, "excluded_lines": 0}, "missing_lines": [128, 136, 137], "excluded_lines": []}, "TrustGroupTest.test_str_representation": {"executed_lines": [], "summary": {"covered_lines": 0, "num_statements": 2, "percent_covered": 0.0, "percent_covered_display": "0", "missing_lines": 2, "excluded_lines": 0}, "missing_lines": [141, 149], "excluded_lines": []}, "TrustLogTest.test_create_trust_log": {"executed_lines": [], "summary": {"covered_lines": 0, "num_statements": 4, "percent_covered": 0.0, "percent_covered_display": "0", "missing_lines": 4, "excluded_lines": 0}, "missing_lines": [157, 165, 166, 167], "excluded_lines": []}, "TrustLogTest.test_str_representation": {"executed_lines": [], "summary": {"covered_lines": 0, "num_statements": 3, "percent_covered": 0.0, "percent_covered_display": "0", "missing_lines": 3, "excluded_lines": 0}, "missing_lines": [171, 178, 179], "excluded_lines": []}, "": {"executed_lines": [1, 7, 8, 9, 10, 12], "summary": {"covered_lines": 5, "num_statements": 20, "percent_covered": 25.0, "percent_covered_display": "25", "missing_lines": 15, "excluded_lines": 0}, "missing_lines": [15, 18, 34, 48, 51, 63, 78, 91, 114, 117, 126, 139, 152, 155, 169], "excluded_lines": []}}, "classes": {"TrustLevelTest": {"executed_lines": [], "summary": {"covered_lines": 0, "num_statements": 6, "percent_covered": 0.0, "percent_covered_display": "0", "missing_lines": 6, "excluded_lines": 0}, "missing_lines": [20, 30, 31, 32, 36, 45], "excluded_lines": []}, "TrustRelationshipTest": {"executed_lines": [], "summary": {"covered_lines": 0, "num_statements": 15, "percent_covered": 0.0, "percent_covered_display": "0", "missing_lines": 15, "excluded_lines": 0}, "missing_lines": [52, 60, 61, 65, 73, 74, 75, 76, 80, 88, 89, 94, 103, 104, 111], "excluded_lines": []}, "TrustGroupTest": {"executed_lines": [], "summary": {"covered_lines": 0, "num_statements": 6, "percent_covered": 0.0, "percent_covered_display": "0", "missing_lines": 6, "excluded_lines": 0}, "missing_lines": [118, 128, 136, 137, 141, 149], "excluded_lines": []}, "TrustLogTest": {"executed_lines": [], "summary": {"covered_lines": 0, "num_statements": 7, "percent_covered": 0.0, "percent_covered_display": "0", "missing_lines": 7, "excluded_lines": 0}, "missing_lines": [157, 165, 166, 167, 171, 178, 179], "excluded_lines": []}, "": {"executed_lines": [1, 7, 8, 9, 10, 12], "summary": {"covered_lines": 5, "num_statements": 20, "percent_covered": 25.0, "percent_covered_display": "25", "missing_lines": 15, "excluded_lines": 0}, "missing_lines": [15, 18, 34, 48, 51, 63, 78, 91, 114, 117, 126, 139, 152, 155, 169], "excluded_lines": []}}}, "apps/core/tests/test_repositories.py": {"executed_lines": [1, 7, 8, 9], "summary": {"covered_lines": 3, "num_statements": 43, "percent_covered": 6.976744186046512, "percent_covered_display": "7", "missing_lines": 40, "excluded_lines": 0}, "missing_lines": [10, 17, 20, 21, 22, 23, 26, 37, 45, 47, 48, 50, 52, 53, 55, 57, 58, 61, 64, 65, 67, 69, 76, 77, 79, 81, 88, 89, 92, 95, 96, 97, 99, 107, 109, 110, 112, 114, 120, 121], "excluded_lines": [], "functions": {"TrustRelationshipRepositoryTest.setUp": {"executed_lines": [], "summary": {"covered_lines": 0, "num_statements": 5, "percent_covered": 0.0, "percent_covered_display": "0", "missing_lines": 5, "excluded_lines": 0}, "missing_lines": [21, 22, 23, 26, 37], "excluded_lines": []}, "TrustRelationshipRepositoryTest.test_get_by_id": {"executed_lines": [], "summary": {"covered_lines": 0, "num_statements": 2, "percent_covered": 0.0, "percent_covered_display": "0", "missing_lines": 2, "excluded_lines": 0}, "missing_lines": [47, 48], "excluded_lines": []}, "TrustRelationshipRepositoryTest.test_get_by_organizations": {"executed_lines": [], "summary": {"covered_lines": 0, "num_statements": 2, "percent_covered": 0.0, "percent_covered_display": "0", "missing_lines": 2, "excluded_lines": 0}, "missing_lines": [52, 53], "excluded_lines": []}, "TrustRelationshipRepositoryTest.test_get_for_organization": {"executed_lines": [], "summary": {"covered_lines": 0, "num_statements": 2, "percent_covered": 0.0, "percent_covered_display": "0", "missing_lines": 2, "excluded_lines": 0}, "missing_lines": [57, 58], "excluded_lines": []}, "TrustLevelRepositoryTest.setUp": {"executed_lines": [], "summary": {"covered_lines": 0, "num_statements": 1, "percent_covered": 0.0, "percent_covered_display": "0", "missing_lines": 1, "excluded_lines": 0}, "missing_lines": [65], "excluded_lines": []}, "TrustLevelRepositoryTest.test_create_success": {"executed_lines": [], "summary": {"covered_lines": 0, "num_statements": 3, "percent_covered": 0.0, "percent_covered_display": "0", "missing_lines": 3, "excluded_lines": 0}, "missing_lines": [69, 76, 77], "excluded_lines": []}, "TrustLevelRepositoryTest.test_get_by_name": {"executed_lines": [], "summary": {"covered_lines": 0, "num_statements": 3, "percent_covered": 0.0, "percent_covered_display": "0", "missing_lines": 3, "excluded_lines": 0}, "missing_lines": [81, 88, 89], "excluded_lines": []}, "TrustLogRepositoryTest.setUp": {"executed_lines": [], "summary": {"covered_lines": 0, "num_statements": 3, "percent_covered": 0.0, "percent_covered_display": "0", "missing_lines": 3, "excluded_lines": 0}, "missing_lines": [96, 97, 99], "excluded_lines": []}, "TrustLogRepositoryTest.test_get_by_id": {"executed_lines": [], "summary": {"covered_lines": 0, "num_statements": 2, "percent_covered": 0.0, "percent_covered_display": "0", "missing_lines": 2, "excluded_lines": 0}, "missing_lines": [109, 110], "excluded_lines": []}, "TrustLogRepositoryTest.test_create_log": {"executed_lines": [], "summary": {"covered_lines": 0, "num_statements": 3, "percent_covered": 0.0, "percent_covered_display": "0", "missing_lines": 3, "excluded_lines": 0}, "missing_lines": [114, 120, 121], "excluded_lines": []}, "": {"executed_lines": [1, 7, 8, 9], "summary": {"covered_lines": 3, "num_statements": 17, "percent_covered": 17.647058823529413, "percent_covered_display": "18", "missing_lines": 14, "excluded_lines": 0}, "missing_lines": [10, 17, 20, 45, 50, 55, 61, 64, 67, 79, 92, 95, 107, 112], "excluded_lines": []}}, "classes": {"TrustRelationshipRepositoryTest": {"executed_lines": [], "summary": {"covered_lines": 0, "num_statements": 11, "percent_covered": 0.0, "percent_covered_display": "0", "missing_lines": 11, "excluded_lines": 0}, "missing_lines": [21, 22, 23, 26, 37, 47, 48, 52, 53, 57, 58], "excluded_lines": []}, "TrustLevelRepositoryTest": {"executed_lines": [], "summary": {"covered_lines": 0, "num_statements": 7, "percent_covered": 0.0, "percent_covered_display": "0", "missing_lines": 7, "excluded_lines": 0}, "missing_lines": [65, 69, 76, 77, 81, 88, 89], "excluded_lines": []}, "TrustLogRepositoryTest": {"executed_lines": [], "summary": {"covered_lines": 0, "num_statements": 8, "percent_covered": 0.0, "percent_covered_display": "0", "missing_lines": 8, "excluded_lines": 0}, "missing_lines": [96, 97, 99, 109, 110, 114, 120, 121], "excluded_lines": []}, "": {"executed_lines": [1, 7, 8, 9], "summary": {"covered_lines": 3, "num_statements": 17, "percent_covered": 17.647058823529413, "percent_covered_display": "18", "missing_lines": 14, "excluded_lines": 0}, "missing_lines": [10, 17, 20, 45, 50, 55, 61, 64, 67, 79, 92, 95, 107, 112], "excluded_lines": []}}}, "apps/core/tests/test_services.py": {"executed_lines": [1, 7, 8, 9, 10], "summary": {"covered_lines": 4, "num_statements": 43, "percent_covered": 9.30232558139535, "percent_covered_display": "9", "missing_lines": 39, "excluded_lines": 0}, "missing_lines": [11, 12, 15, 18, 19, 20, 23, 33, 35, 42, 43, 44, 46, 49, 60, 61, 62, 63, 64, 66, 68, 77, 84, 85, 86, 89, 92, 93, 96, 106, 108, 117, 118, 119, 121, 123, 131, 137, 139], "excluded_lines": [], "functions": {"TrustServiceTest.setUp": {"executed_lines": [], "summary": {"covered_lines": 0, "num_statements": 3, "percent_covered": 0.0, "percent_covered_display": "0", "missing_lines": 3, "excluded_lines": 0}, "missing_lines": [19, 20, 23], "excluded_lines": []}, "TrustServiceTest.test_create_trust_relationship": {"executed_lines": [], "summary": {"covered_lines": 0, "num_statements": 4, "percent_covered": 0.0, "percent_covered_display": "0", "missing_lines": 4, "excluded_lines": 0}, "missing_lines": [35, 42, 43, 44], "excluded_lines": []}, "TrustServiceTest.test_check_trust_level": {"executed_lines": [], "summary": {"covered_lines": 0, "num_statements": 6, "percent_covered": 0.0, "percent_covered_display": "0", "missing_lines": 6, "excluded_lines": 0}, "missing_lines": [49, 60, 61, 62, 63, 64], "excluded_lines": []}, "TrustServiceTest.test_approve_trust_relationship": {"executed_lines": [], "summary": {"covered_lines": 0, "num_statements": 5, "percent_covered": 0.0, "percent_covered_display": "0", "missing_lines": 5, "excluded_lines": 0}, "missing_lines": [68, 77, 84, 85, 86], "excluded_lines": []}, "TrustGroupServiceTest.setUp": {"executed_lines": [], "summary": {"covered_lines": 0, "num_statements": 2, "percent_covered": 0.0, "percent_covered_display": "0", "missing_lines": 2, "excluded_lines": 0}, "missing_lines": [93, 96], "excluded_lines": []}, "TrustGroupServiceTest.test_create_trust_group": {"executed_lines": [], "summary": {"covered_lines": 0, "num_statements": 4, "percent_covered": 0.0, "percent_covered_display": "0", "missing_lines": 4, "excluded_lines": 0}, "missing_lines": [108, 117, 118, 119], "excluded_lines": []}, "TrustGroupServiceTest.test_join_trust_group": {"executed_lines": [], "summary": {"covered_lines": 0, "num_statements": 4, "percent_covered": 0.0, "percent_covered_display": "0", "missing_lines": 4, "excluded_lines": 0}, "missing_lines": [123, 131, 137, 139], "excluded_lines": []}, "": {"executed_lines": [1, 7, 8, 9, 10], "summary": {"covered_lines": 4, "num_statements": 15, "percent_covered": 26.666666666666668, "percent_covered_display": "27", "missing_lines": 11, "excluded_lines": 0}, "missing_lines": [11, 12, 15, 18, 33, 46, 66, 89, 92, 106, 121], "excluded_lines": []}}, "classes": {"TrustServiceTest": {"executed_lines": [], "summary": {"covered_lines": 0, "num_statements": 18, "percent_covered": 0.0, "percent_covered_display": "0", "missing_lines": 18, "excluded_lines": 0}, "missing_lines": [19, 20, 23, 35, 42, 43, 44, 49, 60, 61, 62, 63, 64, 68, 77, 84, 85, 86], "excluded_lines": []}, "TrustGroupServiceTest": {"executed_lines": [], "summary": {"covered_lines": 0, "num_statements": 10, "percent_covered": 0.0, "percent_covered_display": "0", "missing_lines": 10, "excluded_lines": 0}, "missing_lines": [93, 96, 108, 117, 118, 119, 123, 131, 137, 139], "excluded_lines": []}, "": {"executed_lines": [1, 7, 8, 9, 10], "summary": {"covered_lines": 4, "num_statements": 15, "percent_covered": 26.666666666666668, "percent_covered_display": "27", "missing_lines": 11, "excluded_lines": 0}, "missing_lines": [11, 12, 15, 18, 33, 46, 66, 89, 92, 106, 121], "excluded_lines": []}}}, "apps/core/tests/test_trust_patterns_coverage.py": {"executed_lines": [1, 5, 6, 7, 8, 9, 10, 11, 12, 14, 15, 19, 23, 26, 29, 33, 34], "summary": {"covered_lines": 16, "num_statements": 369, "percent_covered": 4.336043360433604, "percent_covered_display": "4", "missing_lines": 353, "excluded_lines": 0}, "missing_lines": [38, 41, 46, 48, 53, 58, 65, 73, 75, 76, 78, 80, 81, 82, 83, 85, 88, 96, 97, 99, 101, 102, 103, 105, 107, 108, 110, 112, 113, 114, 116, 118, 119, 122, 128, 130, 131, 132, 133, 135, 138, 139, 141, 142, 144, 150, 152, 153, 154, 156, 158, 159, 161, 167, 169, 170, 172, 174, 175, 177, 184, 186, 187, 188, 189, 191, 193, 194, 196, 203, 205, 206, 208, 211, 220, 221, 223, 229, 231, 232, 233, 235, 237, 238, 240, 247, 248, 250, 251, 252, 253, 254, 255, 258, 260, 262, 265, 271, 277, 279, 280, 281, 282, 284, 286, 287, 289, 294, 296, 297, 299, 301, 303, 304, 306, 315, 316, 317, 318, 319, 321, 323, 325, 333, 334, 335, 336, 338, 340, 342, 350, 351, 352, 353, 354, 356, 358, 361, 367, 369, 371, 374, 376, 377, 378, 382, 383, 384, 385, 388, 390, 392, 394, 396, 397, 400, 402, 404, 412, 421, 422, 423, 424, 427, 428, 429, 430, 433, 437, 439, 442, 451, 458, 459, 460, 461, 463, 466, 474, 475, 482, 485, 492, 501, 502, 510, 515, 517, 522, 527, 532, 534, 537, 545, 546, 549, 550, 553, 554, 557, 558, 559, 562, 563, 565, 568, 576, 585, 586, 587, 590, 591, 592, 594, 596, 597, 599, 607, 608, 611, 614, 616, 619, 625, 632, 640, 641, 642, 645, 648, 649, 651, 653, 663, 674, 675, 676, 678, 681, 690, 699, 700, 701, 703, 706, 707, 715, 717, 718, 719, 720, 721, 723, 724, 725, 726, 729, 734, 736, 741, 746, 752, 754, 756, 759, 765, 767, 768, 769, 770, 772, 774, 776, 779, 788, 790, 791, 792, 793, 794, 796, 798, 802, 803, 806, 812, 814, 815, 818, 819, 820, 822, 824, 827, 829, 832, 839, 840, 841, 842, 843, 846, 847, 850, 851, 852, 855, 857, 858, 859, 862, 867, 869, 874, 879, 885, 887, 889, 892, 900, 901, 902, 905, 907, 909, 911, 912, 913, 916, 917, 919, 920, 923, 925, 926, 929, 930, 931, 933, 935, 937, 940, 947, 948, 951, 953, 955, 957, 960, 966, 967, 968, 971], "excluded_lines": [], "functions": {"TrustPatternCoverageTests.setUp": {"executed_lines": [], "summary": {"covered_lines": 0, "num_statements": 4, "percent_covered": 0.0, "percent_covered_display": "0", "missing_lines": 4, "excluded_lines": 0}, "missing_lines": [48, 53, 58, 65], "excluded_lines": []}, "TrustPatternCoverageTests.test_basic_trust_evaluation_with_no_relationship": {"executed_lines": [], "summary": {"covered_lines": 0, "num_statements": 7, "percent_covered": 0.0, "percent_covered_display": "0", "missing_lines": 7, "excluded_lines": 0}, "missing_lines": [75, 76, 78, 80, 81, 82, 83], "excluded_lines": []}, "TrustPatternCoverageTests.test_basic_trust_evaluation_with_inactive_relationship": {"executed_lines": [], "summary": {"covered_lines": 0, "num_statements": 7, "percent_covered": 0.0, "percent_covered_display": "0", "missing_lines": 7, "excluded_lines": 0}, "missing_lines": [88, 96, 97, 99, 101, 102, 103], "excluded_lines": []}, "TrustPatternCoverageTests.test_basic_trust_evaluation_with_active_relationship": {"executed_lines": [], "summary": {"covered_lines": 0, "num_statements": 6, "percent_covered": 0.0, "percent_covered_display": "0", "missing_lines": 6, "excluded_lines": 0}, "missing_lines": [107, 108, 110, 112, 113, 114], "excluded_lines": []}, "TrustPatternCoverageTests.test_security_enhancement_decorator": {"executed_lines": [], "summary": {"covered_lines": 0, "num_statements": 8, "percent_covered": 0.0, "percent_covered_display": "0", "missing_lines": 8, "excluded_lines": 0}, "missing_lines": [118, 119, 122, 128, 130, 131, 132, 133], "excluded_lines": []}, "TrustPatternCoverageTests.test_security_enhancement_decorator_with_failed_logins": {"executed_lines": [], "summary": {"covered_lines": 0, "num_statements": 9, "percent_covered": 0.0, "percent_covered_display": "0", "missing_lines": 9, "excluded_lines": 0}, "missing_lines": [138, 139, 141, 142, 144, 150, 152, 153, 154], "excluded_lines": []}, "TrustPatternCoverageTests.test_security_enhancement_decorator_outside_business_hours": {"executed_lines": [], "summary": {"covered_lines": 0, "num_statements": 6, "percent_covered": 0.0, "percent_covered_display": "0", "missing_lines": 6, "excluded_lines": 0}, "missing_lines": [158, 159, 161, 167, 169, 170], "excluded_lines": []}, "TrustPatternCoverageTests.test_compliance_decorator": {"executed_lines": [], "summary": {"covered_lines": 0, "num_statements": 8, "percent_covered": 0.0, "percent_covered_display": "0", "missing_lines": 8, "excluded_lines": 0}, "missing_lines": [174, 175, 177, 184, 186, 187, 188, 189], "excluded_lines": []}, "TrustPatternCoverageTests.test_compliance_decorator_with_long_retention": {"executed_lines": [], "summary": {"covered_lines": 0, "num_statements": 6, "percent_covered": 0.0, "percent_covered_display": "0", "missing_lines": 6, "excluded_lines": 0}, "missing_lines": [193, 194, 196, 203, 205, 206], "excluded_lines": []}, "TrustPatternCoverageTests.test_compliance_decorator_with_sensitive_data": {"executed_lines": [], "summary": {"covered_lines": 0, "num_statements": 8, "percent_covered": 0.0, "percent_covered_display": "0", "missing_lines": 8, "excluded_lines": 0}, "missing_lines": [211, 220, 221, 223, 229, 231, 232, 233], "excluded_lines": []}, "TrustPatternCoverageTests.test_audit_decorator": {"executed_lines": [], "summary": {"covered_lines": 0, "num_statements": 12, "percent_covered": 0.0, "percent_covered_display": "0", "missing_lines": 12, "excluded_lines": 0}, "missing_lines": [237, 238, 240, 247, 248, 250, 251, 252, 253, 254, 255, 258], "excluded_lines": []}, "TrustPatternCoverageTests.test_trust_decorator_chain": {"executed_lines": [], "summary": {"covered_lines": 0, "num_statements": 8, "percent_covered": 0.0, "percent_covered_display": "0", "missing_lines": 8, "excluded_lines": 0}, "missing_lines": [262, 265, 271, 277, 279, 280, 281, 282], "excluded_lines": []}, "TrustPatternCoverageTests.test_trust_decorator_chain_direct_evaluation": {"executed_lines": [], "summary": {"covered_lines": 0, "num_statements": 6, "percent_covered": 0.0, "percent_covered_display": "0", "missing_lines": 6, "excluded_lines": 0}, "missing_lines": [286, 287, 289, 294, 296, 297], "excluded_lines": []}, "TrustPatternCoverageTests.test_trust_factory_create_relationship": {"executed_lines": [], "summary": {"covered_lines": 0, "num_statements": 9, "percent_covered": 0.0, "percent_covered_display": "0", "missing_lines": 9, "excluded_lines": 0}, "missing_lines": [301, 303, 304, 306, 315, 316, 317, 318, 319], "excluded_lines": []}, "TrustPatternCoverageTests.test_trust_factory_create_group": {"executed_lines": [], "summary": {"covered_lines": 0, "num_statements": 6, "percent_covered": 0.0, "percent_covered_display": "0", "missing_lines": 6, "excluded_lines": 0}, "missing_lines": [323, 325, 333, 334, 335, 336], "excluded_lines": []}, "TrustPatternCoverageTests.test_trust_factory_create_log": {"executed_lines": [], "summary": {"covered_lines": 0, "num_statements": 7, "percent_covered": 0.0, "percent_covered_display": "0", "missing_lines": 7, "excluded_lines": 0}, "missing_lines": [340, 342, 350, 351, 352, 353, 354], "excluded_lines": []}, "TrustPatternCoverageTests.test_global_trust_factory_instance": {"executed_lines": [], "summary": {"covered_lines": 0, "num_statements": 3, "percent_covered": 0.0, "percent_covered_display": "0", "missing_lines": 3, "excluded_lines": 0}, "missing_lines": [358, 361, 367], "excluded_lines": []}, "TrustPatternCoverageTests.test_trust_notification_observer": {"executed_lines": [], "summary": {"covered_lines": 0, "num_statements": 10, "percent_covered": 0.0, "percent_covered_display": "0", "missing_lines": 10, "excluded_lines": 0}, "missing_lines": [371, 374, 376, 377, 378, 382, 383, 384, 385, 388], "excluded_lines": []}, "TrustPatternCoverageTests.test_trust_notification_observer_with_invalid_data": {"executed_lines": [], "summary": {"covered_lines": 0, "num_statements": 5, "percent_covered": 0.0, "percent_covered_display": "0", "missing_lines": 5, "excluded_lines": 0}, "missing_lines": [392, 394, 396, 397, 400], "excluded_lines": []}, "TrustPatternCoverageTests.test_crisp_integration_service_create_organization": {"executed_lines": [], "summary": {"covered_lines": 0, "num_statements": 12, "percent_covered": 0.0, "percent_covered_display": "0", "missing_lines": 12, "excluded_lines": 0}, "missing_lines": [404, 412, 421, 422, 423, 424, 427, 428, 429, 430, 433, 437], "excluded_lines": []}, "TrustPatternCoverageTests.test_crisp_integration_service_invite_user": {"executed_lines": [], "summary": {"covered_lines": 0, "num_statements": 6, "percent_covered": 0.0, "percent_covered_display": "0", "missing_lines": 6, "excluded_lines": 0}, "missing_lines": [442, 451, 458, 459, 460, 461], "excluded_lines": []}, "TrustPatternCoverageTests.test_crisp_integration_service_invite_user_unauthorized": {"executed_lines": [], "summary": {"covered_lines": 0, "num_statements": 3, "percent_covered": 0.0, "percent_covered_display": "0", "missing_lines": 3, "excluded_lines": 0}, "missing_lines": [466, 474, 475], "excluded_lines": []}, "TrustPatternCoverageTests.test_crisp_integration_service_invite_user_wrong_organization": {"executed_lines": [], "summary": {"covered_lines": 0, "num_statements": 4, "percent_covered": 0.0, "percent_covered_display": "0", "missing_lines": 4, "excluded_lines": 0}, "missing_lines": [485, 492, 501, 502], "excluded_lines": []}, "TrustRepositoryPatternTests.setUp": {"executed_lines": [], "summary": {"covered_lines": 0, "num_statements": 4, "percent_covered": 0.0, "percent_covered_display": "0", "missing_lines": 4, "excluded_lines": 0}, "missing_lines": [517, 522, 527, 532], "excluded_lines": []}, "TrustRepositoryPatternTests.test_trust_relationship_repository_crud": {"executed_lines": [], "summary": {"covered_lines": 0, "num_statements": 12, "percent_covered": 0.0, "percent_covered_display": "0", "missing_lines": 12, "excluded_lines": 0}, "missing_lines": [537, 545, 546, 549, 550, 553, 554, 557, 558, 559, 562, 563], "excluded_lines": []}, "TrustRepositoryPatternTests.test_trust_relationship_repository_get_all": {"executed_lines": [], "summary": {"covered_lines": 0, "num_statements": 8, "percent_covered": 0.0, "percent_covered_display": "0", "missing_lines": 8, "excluded_lines": 0}, "missing_lines": [568, 576, 585, 586, 587, 590, 591, 592], "excluded_lines": []}, "TrustRepositoryPatternTests.test_trust_relationship_repository_get_by_organizations": {"executed_lines": [], "summary": {"covered_lines": 0, "num_statements": 7, "percent_covered": 0.0, "percent_covered_display": "0", "missing_lines": 7, "excluded_lines": 0}, "missing_lines": [596, 597, 599, 607, 608, 611, 614], "excluded_lines": []}, "TrustRepositoryPatternTests.test_trust_relationship_repository_get_by_trust_level": {"executed_lines": [], "summary": {"covered_lines": 0, "num_statements": 9, "percent_covered": 0.0, "percent_covered_display": "0", "missing_lines": 9, "excluded_lines": 0}, "missing_lines": [619, 625, 632, 640, 641, 642, 645, 648, 649], "excluded_lines": []}, "TrustRepositoryPatternTests.test_trust_relationship_repository_get_pending_approvals": {"executed_lines": [], "summary": {"covered_lines": 0, "num_statements": 5, "percent_covered": 0.0, "percent_covered_display": "0", "missing_lines": 5, "excluded_lines": 0}, "missing_lines": [653, 663, 674, 675, 676], "excluded_lines": []}, "TrustRepositoryPatternTests.test_trust_relationship_repository_get_expiring_soon": {"executed_lines": [], "summary": {"covered_lines": 0, "num_statements": 5, "percent_covered": 0.0, "percent_covered_display": "0", "missing_lines": 5, "excluded_lines": 0}, "missing_lines": [681, 690, 699, 700, 701], "excluded_lines": []}, "TrustRepositoryPatternTests.test_trust_relationship_repository_get_statistics": {"executed_lines": [], "summary": {"covered_lines": 0, "num_statements": 12, "percent_covered": 0.0, "percent_covered_display": "0", "missing_lines": 12, "excluded_lines": 0}, "missing_lines": [706, 707, 715, 717, 718, 719, 720, 721, 723, 724, 725, 726], "excluded_lines": []}, "TrustStrategyPatternTests.setUp": {"executed_lines": [], "summary": {"covered_lines": 0, "num_statements": 3, "percent_covered": 0.0, "percent_covered_display": "0", "missing_lines": 3, "excluded_lines": 0}, "missing_lines": [736, 741, 746], "excluded_lines": []}, "TrustStrategyPatternTests.test_basic_trust_strategy": {"executed_lines": [], "summary": {"covered_lines": 0, "num_statements": 8, "percent_covered": 0.0, "percent_covered_display": "0", "missing_lines": 8, "excluded_lines": 0}, "missing_lines": [754, 756, 759, 765, 767, 768, 769, 770], "excluded_lines": []}, "TrustStrategyPatternTests.test_advanced_trust_strategy": {"executed_lines": [], "summary": {"covered_lines": 0, "num_statements": 9, "percent_covered": 0.0, "percent_covered_display": "0", "missing_lines": 9, "excluded_lines": 0}, "missing_lines": [774, 776, 779, 788, 790, 791, 792, 793, 794], "excluded_lines": []}, "TrustStrategyPatternTests.test_trust_evaluation_context": {"executed_lines": [], "summary": {"covered_lines": 0, "num_statements": 12, "percent_covered": 0.0, "percent_covered_display": "0", "missing_lines": 12, "excluded_lines": 0}, "missing_lines": [798, 802, 803, 806, 812, 814, 815, 818, 819, 820, 822, 824], "excluded_lines": []}, "TrustStrategyPatternTests.test_trust_context_utility": {"executed_lines": [], "summary": {"covered_lines": 0, "num_statements": 16, "percent_covered": 0.0, "percent_covered_display": "0", "missing_lines": 16, "excluded_lines": 0}, "missing_lines": [829, 832, 839, 840, 841, 842, 843, 846, 847, 850, 851, 852, 855, 857, 858, 859], "excluded_lines": []}, "TrustObserverPatternTests.setUp": {"executed_lines": [], "summary": {"covered_lines": 0, "num_statements": 3, "percent_covered": 0.0, "percent_covered_display": "0", "missing_lines": 3, "excluded_lines": 0}, "missing_lines": [869, 874, 879], "excluded_lines": []}, "TrustObserverPatternTests.test_trust_audit_observer": {"executed_lines": [], "summary": {"covered_lines": 0, "num_statements": 7, "percent_covered": 0.0, "percent_covered_display": "0", "missing_lines": 7, "excluded_lines": 0}, "missing_lines": [887, 889, 892, 900, 901, 902, 905], "excluded_lines": []}, "TrustObserverPatternTests.test_trust_subject_observer_management": {"executed_lines": [], "summary": {"covered_lines": 0, "num_statements": 14, "percent_covered": 0.0, "percent_covered_display": "0", "missing_lines": 14, "excluded_lines": 0}, "missing_lines": [909, 911, 912, 913, 916, 917, 919, 920, 923, 925, 926, 929, 930, 931], "excluded_lines": []}, "TrustObserverPatternTests.test_trust_performance_observer": {"executed_lines": [], "summary": {"covered_lines": 0, "num_statements": 6, "percent_covered": 0.0, "percent_covered_display": "0", "missing_lines": 6, "excluded_lines": 0}, "missing_lines": [935, 937, 940, 947, 948, 951], "excluded_lines": []}, "TrustObserverPatternTests.test_trust_security_observer": {"executed_lines": [], "summary": {"covered_lines": 0, "num_statements": 7, "percent_covered": 0.0, "percent_covered_display": "0", "missing_lines": 7, "excluded_lines": 0}, "missing_lines": [955, 957, 960, 966, 967, 968, 971], "excluded_lines": []}, "": {"executed_lines": [1, 5, 6, 7, 8, 9, 10, 11, 12, 14, 15, 19, 23, 26, 29, 33, 34], "summary": {"covered_lines": 16, "num_statements": 62, "percent_covered": 25.806451612903224, "percent_covered_display": "26", "missing_lines": 46, "excluded_lines": 0}, "missing_lines": [38, 41, 46, 73, 85, 105, 116, 135, 156, 172, 191, 208, 235, 260, 284, 299, 321, 338, 356, 369, 390, 402, 439, 463, 482, 510, 515, 534, 565, 594, 616, 651, 678, 703, 729, 734, 752, 772, 796, 827, 862, 867, 885, 907, 933, 953], "excluded_lines": []}}, "classes": {"TrustPatternCoverageTests": {"executed_lines": [], "summary": {"covered_lines": 0, "num_statements": 160, "percent_covered": 0.0, "percent_covered_display": "0", "missing_lines": 160, "excluded_lines": 0}, "missing_lines": [48, 53, 58, 65, 75, 76, 78, 80, 81, 82, 83, 88, 96, 97, 99, 101, 102, 103, 107, 108, 110, 112, 113, 114, 118, 119, 122, 128, 130, 131, 132, 133, 138, 139, 141, 142, 144, 150, 152, 153, 154, 158, 159, 161, 167, 169, 170, 174, 175, 177, 184, 186, 187, 188, 189, 193, 194, 196, 203, 205, 206, 211, 220, 221, 223, 229, 231, 232, 233, 237, 238, 240, 247, 248, 250, 251, 252, 253, 254, 255, 258, 262, 265, 271, 277, 279, 280, 281, 282, 286, 287, 289, 294, 296, 297, 301, 303, 304, 306, 315, 316, 317, 318, 319, 323, 325, 333, 334, 335, 336, 340, 342, 350, 351, 352, 353, 354, 358, 361, 367, 371, 374, 376, 377, 378, 382, 383, 384, 385, 388, 392, 394, 396, 397, 400, 404, 412, 421, 422, 423, 424, 427, 428, 429, 430, 433, 437, 442, 451, 458, 459, 460, 461, 466, 474, 475, 485, 492, 501, 502], "excluded_lines": []}, "TrustRepositoryPatternTests": {"executed_lines": [], "summary": {"covered_lines": 0, "num_statements": 62, "percent_covered": 0.0, "percent_covered_display": "0", "missing_lines": 62, "excluded_lines": 0}, "missing_lines": [517, 522, 527, 532, 537, 545, 546, 549, 550, 553, 554, 557, 558, 559, 562, 563, 568, 576, 585, 586, 587, 590, 591, 592, 596, 597, 599, 607, 608, 611, 614, 619, 625, 632, 640, 641, 642, 645, 648, 649, 653, 663, 674, 675, 676, 681, 690, 699, 700, 701, 706, 707, 715, 717, 718, 719, 720, 721, 723, 724, 725, 726], "excluded_lines": []}, "TrustStrategyPatternTests": {"executed_lines": [], "summary": {"covered_lines": 0, "num_statements": 48, "percent_covered": 0.0, "percent_covered_display": "0", "missing_lines": 48, "excluded_lines": 0}, "missing_lines": [736, 741, 746, 754, 756, 759, 765, 767, 768, 769, 770, 774, 776, 779, 788, 790, 791, 792, 793, 794, 798, 802, 803, 806, 812, 814, 815, 818, 819, 820, 822, 824, 829, 832, 839, 840, 841, 842, 843, 846, 847, 850, 851, 852, 855, 857, 858, 859], "excluded_lines": []}, "TrustObserverPatternTests": {"executed_lines": [], "summary": {"covered_lines": 0, "num_statements": 37, "percent_covered": 0.0, "percent_covered_display": "0", "missing_lines": 37, "excluded_lines": 0}, "missing_lines": [869, 874, 879, 887, 889, 892, 900, 901, 902, 905, 909, 911, 912, 913, 916, 917, 919, 920, 923, 925, 926, 929, 930, 931, 935, 937, 940, 947, 948, 951, 955, 957, 960, 966, 967, 968, 971], "excluded_lines": []}, "": {"executed_lines": [1, 5, 6, 7, 8, 9, 10, 11, 12, 14, 15, 19, 23, 26, 29, 33, 34], "summary": {"covered_lines": 16, "num_statements": 62, "percent_covered": 25.806451612903224, "percent_covered_display": "26", "missing_lines": 46, "excluded_lines": 0}, "missing_lines": [38, 41, 46, 73, 85, 105, 116, 135, 156, 172, 191, 208, 235, 260, 284, 299, 321, 338, 356, 369, 390, 402, 439, 463, 482, 510, 515, 534, 565, 594, 616, 651, 678, 703, 729, 734, 752, 772, 796, 827, 862, 867, 885, 907, 933, 953], "excluded_lines": []}}}, "apps/core/tests/test_validators.py": {"executed_lines": [1, 7, 8, 9, 10, 12, 20, 21, 23, 24, 25, 26, 28, 30, 36, 38, 40, 46, 47, 50, 51, 53, 55, 58, 59, 61, 62, 63, 64, 66, 68, 75, 76, 78, 80, 83, 84, 86, 87, 92, 94, 100, 101, 103, 105, 106, 107], "summary": {"covered_lines": 42, "num_statements": 42, "percent_covered": 100.0, "percent_covered_display": "100", "missing_lines": 0, "excluded_lines": 0}, "missing_lines": [], "excluded_lines": [], "functions": {"TrustRelationshipValidatorTest.setUp": {"executed_lines": [24, 25, 26], "summary": {"covered_lines": 3, "num_statements": 3, "percent_covered": 100.0, "percent_covered_display": "100", "missing_lines": 0, "excluded_lines": 0}, "missing_lines": [], "excluded_lines": []}, "TrustRelationshipValidatorTest.test_validate_create_relationship_valid": {"executed_lines": [30, 36], "summary": {"covered_lines": 2, "num_statements": 2, "percent_covered": 100.0, "percent_covered_display": "100", "missing_lines": 0, "excluded_lines": 0}, "missing_lines": [], "excluded_lines": []}, "TrustRelationshipValidatorTest.test_validate_create_relationship_same_org": {"executed_lines": [40, 46, 47], "summary": {"covered_lines": 3, "num_statements": 3, "percent_covered": 100.0, "percent_covered_display": "100", "missing_lines": 0, "excluded_lines": 0}, "missing_lines": [], "excluded_lines": []}, "TrustGroupValidatorTest.test_validator_exists": {"executed_lines": [55], "summary": {"covered_lines": 1, "num_statements": 1, "percent_covered": 100.0, "percent_covered_display": "100", "missing_lines": 0, "excluded_lines": 0}, "missing_lines": [], "excluded_lines": []}, "SecurityValidatorTest.setUp": {"executed_lines": [62, 63, 64], "summary": {"covered_lines": 3, "num_statements": 3, "percent_covered": 100.0, "percent_covered_display": "100", "missing_lines": 0, "excluded_lines": 0}, "missing_lines": [], "excluded_lines": []}, "SecurityValidatorTest.test_validate_rate_limiting_basic": {"executed_lines": [68, 75, 76], "summary": {"covered_lines": 3, "num_statements": 3, "percent_covered": 100.0, "percent_covered_display": "100", "missing_lines": 0, "excluded_lines": 0}, "missing_lines": [], "excluded_lines": []}, "SecurityValidatorTest.test_security_validator_exists": {"executed_lines": [80], "summary": {"covered_lines": 1, "num_statements": 1, "percent_covered": 100.0, "percent_covered_display": "100", "missing_lines": 0, "excluded_lines": 0}, "missing_lines": [], "excluded_lines": []}, "ValidateTrustOperationTest.setUp": {"executed_lines": [87], "summary": {"covered_lines": 1, "num_statements": 1, "percent_covered": 100.0, "percent_covered_display": "100", "missing_lines": 0, "excluded_lines": 0}, "missing_lines": [], "excluded_lines": []}, "ValidateTrustOperationTest.test_validate_trust_operation_basic": {"executed_lines": [94, 100, 101], "summary": {"covered_lines": 3, "num_statements": 3, "percent_covered": 100.0, "percent_covered_display": "100", "missing_lines": 0, "excluded_lines": 0}, "missing_lines": [], "excluded_lines": []}, "ValidateTrustOperationTest.test_validate_trust_operation_invalid_data": {"executed_lines": [105, 106, 107], "summary": {"covered_lines": 3, "num_statements": 3, "percent_covered": 100.0, "percent_covered_display": "100", "missing_lines": 0, "excluded_lines": 0}, "missing_lines": [], "excluded_lines": []}, "": {"executed_lines": [1, 7, 8, 9, 10, 12, 20, 21, 23, 28, 38, 50, 51, 53, 58, 59, 61, 66, 78, 83, 84, 86, 92, 103], "summary": {"covered_lines": 19, "num_statements": 19, "percent_covered": 100.0, "percent_covered_display": "100", "missing_lines": 0, "excluded_lines": 0}, "missing_lines": [], "excluded_lines": []}}, "classes": {"TrustRelationshipValidatorTest": {"executed_lines": [24, 25, 26, 30, 36, 40, 46, 47], "summary": {"covered_lines": 8, "num_statements": 8, "percent_covered": 100.0, "percent_covered_display": "100", "missing_lines": 0, "excluded_lines": 0}, "missing_lines": [], "excluded_lines": []}, "TrustGroupValidatorTest": {"executed_lines": [55], "summary": {"covered_lines": 1, "num_statements": 1, "percent_covered": 100.0, "percent_covered_display": "100", "missing_lines": 0, "excluded_lines": 0}, "missing_lines": [], "excluded_lines": []}, "SecurityValidatorTest": {"executed_lines": [62, 63, 64, 68, 75, 76, 80], "summary": {"covered_lines": 7, "num_statements": 7, "percent_covered": 100.0, "percent_covered_display": "100", "missing_lines": 0, "excluded_lines": 0}, "missing_lines": [], "excluded_lines": []}, "ValidateTrustOperationTest": {"executed_lines": [87, 94, 100, 101, 105, 106, 107], "summary": {"covered_lines": 7, "num_statements": 7, "percent_covered": 100.0, "percent_covered_display": "100", "missing_lines": 0, "excluded_lines": 0}, "missing_lines": [], "excluded_lines": []}, "": {"executed_lines": [1, 7, 8, 9, 10, 12, 20, 21, 23, 28, 38, 50, 51, 53, 58, 59, 61, 66, 78, 83, 84, 86, 92, 103], "summary": {"covered_lines": 19, "num_statements": 19, "percent_covered": 100.0, "percent_covered_display": "100", "missing_lines": 0, "excluded_lines": 0}, "missing_lines": [], "excluded_lines": []}}}, "apps/core/tests_integration.py": {"executed_lines": [1, 5, 6, 7, 8, 9, 11, 12, 13, 15, 18, 19, 21, 24, 34, 44, 55, 63, 71, 80, 91, 102, 112, 121, 123, 131, 141, 142, 143, 144, 147, 148, 149, 150, 151, 154, 158, 159, 161, 164, 171, 172, 173, 174, 175, 178, 182, 185, 186, 194, 195, 202, 205, 213, 214, 215, 216, 217, 218, 219, 222, 226, 229, 230, 238, 239, 246, 249, 257, 263, 264, 265, 266, 267, 270, 276, 277, 278, 279, 280, 283, 287, 289, 292, 300, 303, 308, 314, 315, 316, 319, 325, 326, 329, 335, 336, 337, 339, 342, 349, 357, 358, 359, 360, 361, 364, 368, 371, 372, 373, 376, 377, 378, 380, 383, 389, 390, 391, 392, 394, 402, 411, 418, 422, 423, 424, 425, 426, 427, 430, 431, 432, 434, 437, 438, 439, 442, 443, 444, 447, 448, 449, 451, 453, 456, 468, 469, 472, 473, 474, 475, 478, 479, 481, 484, 494, 500, 509, 512, 513, 514, 517, 518, 520, 523, 533, 544, 553, 556, 564, 573, 581, 591, 592, 595, 602, 605, 613, 616, 622, 628, 629, 630, 633, 639, 640, 643, 645, 646, 647, 648, 651, 656, 658, 659, 660, 661, 663, 666, 667, 669, 670, 678, 686, 687, 690, 693, 700, 707, 714, 720, 723, 724, 725, 727, 730, 736, 737, 739, 740, 741, 744, 745, 746, 749, 750], "summary": {"covered_lines": 222, "num_statements": 222, "percent_covered": 100.0, "percent_covered_display": "100", "missing_lines": 0, "excluded_lines": 0}, "missing_lines": [], "excluded_lines": [], "functions": {"CRISPIntegrationTestCase.setUp": {"executed_lines": [24, 34, 44, 55, 63, 71, 80, 91, 102, 112], "summary": {"covered_lines": 10, "num_statements": 10, "percent_covered": 100.0, "percent_covered_display": "100", "missing_lines": 0, "excluded_lines": 0}, "missing_lines": [], "excluded_lines": []}, "CRISPIntegrationTestCase.test_create_organization_with_trust_setup": {"executed_lines": [123, 131, 141, 142, 143, 144, 147, 148, 149, 150, 151, 154, 158, 159], "summary": {"covered_lines": 14, "num_statements": 14, "percent_covered": 100.0, "percent_covered_display": "100", "missing_lines": 0, "excluded_lines": 0}, "missing_lines": [], "excluded_lines": []}, "CRISPIntegrationTestCase.test_user_invitation_system": {"executed_lines": [164, 171, 172, 173, 174, 175, 178, 182, 185, 186, 194, 195], "summary": {"covered_lines": 12, "num_statements": 12, "percent_covered": 100.0, "percent_covered_display": "100", "missing_lines": 0, "excluded_lines": 0}, "missing_lines": [], "excluded_lines": []}, "CRISPIntegrationTestCase.test_trust_relationship_creation": {"executed_lines": [205, 213, 214, 215, 216, 217, 218, 219, 222, 226, 229, 230, 238, 239], "summary": {"covered_lines": 14, "num_statements": 14, "percent_covered": 100.0, "percent_covered_display": "100", "missing_lines": 0, "excluded_lines": 0}, "missing_lines": [], "excluded_lines": []}, "CRISPIntegrationTestCase.test_trust_relationship_approval": {"executed_lines": [249, 257, 263, 264, 265, 266, 267, 270, 276, 277, 278, 279, 280, 283, 287], "summary": {"covered_lines": 15, "num_statements": 15, "percent_covered": 100.0, "percent_covered_display": "100", "missing_lines": 0, "excluded_lines": 0}, "missing_lines": [], "excluded_lines": []}, "CRISPIntegrationTestCase.test_intelligence_access_control": {"executed_lines": [292, 300, 303, 308, 314, 315, 316, 319, 325, 326, 329, 335, 336, 337], "summary": {"covered_lines": 14, "num_statements": 14, "percent_covered": 100.0, "percent_covered_display": "100", "missing_lines": 0, "excluded_lines": 0}, "missing_lines": [], "excluded_lines": []}, "CRISPIntegrationTestCase.test_user_accessible_intelligence_sources": {"executed_lines": [342, 349, 357, 358, 359, 360, 361, 364, 368, 371, 372, 373, 376, 377, 378], "summary": {"covered_lines": 15, "num_statements": 15, "percent_covered": 100.0, "percent_covered_display": "100", "missing_lines": 0, "excluded_lines": 0}, "missing_lines": [], "excluded_lines": []}, "CRISPIntegrationTestCase.test_organization_trust_dashboard": {"executed_lines": [383, 389, 390, 391, 392, 394, 402, 411, 418, 422, 423, 424, 425, 426, 427, 430, 431, 432], "summary": {"covered_lines": 18, "num_statements": 18, "percent_covered": 100.0, "percent_covered_display": "100", "missing_lines": 0, "excluded_lines": 0}, "missing_lines": [], "excluded_lines": []}, "CRISPIntegrationTestCase.test_user_role_permissions": {"executed_lines": [437, 438, 439, 442, 443, 444, 447, 448, 449], "summary": {"covered_lines": 9, "num_statements": 9, "percent_covered": 100.0, "percent_covered_display": "100", "missing_lines": 0, "excluded_lines": 0}, "missing_lines": [], "excluded_lines": []}, "CRISPIntegrationTestCase.test_audit_logging": {"executed_lines": [453, 456, 468, 469, 472, 473, 474, 475], "summary": {"covered_lines": 8, "num_statements": 8, "percent_covered": 100.0, "percent_covered_display": "100", "missing_lines": 0, "excluded_lines": 0}, "missing_lines": [], "excluded_lines": []}, "IntegrationAPITestCase.setUp": {"executed_lines": [484, 494, 500], "summary": {"covered_lines": 3, "num_statements": 3, "percent_covered": 100.0, "percent_covered_display": "100", "missing_lines": 0, "excluded_lines": 0}, "missing_lines": [], "excluded_lines": []}, "IntegrationAPITestCase.test_placeholder_api_structure": {"executed_lines": [512, 513, 514], "summary": {"covered_lines": 3, "num_statements": 3, "percent_covered": 100.0, "percent_covered_display": "100", "missing_lines": 0, "excluded_lines": 0}, "missing_lines": [], "excluded_lines": []}, "EndToEndIntegrationTestCase.setUp": {"executed_lines": [523, 533, 544], "summary": {"covered_lines": 3, "num_statements": 3, "percent_covered": 100.0, "percent_covered_display": "100", "missing_lines": 0, "excluded_lines": 0}, "missing_lines": [], "excluded_lines": []}, "EndToEndIntegrationTestCase.test_complete_organization_onboarding_workflow": {"executed_lines": [556, 564, 573, 581, 591, 592, 595, 602, 605, 613, 616, 622, 628, 629, 630, 633, 639, 640, 643, 645, 646, 647, 648, 651, 656, 658, 659, 660, 661], "summary": {"covered_lines": 29, "num_statements": 29, "percent_covered": 100.0, "percent_covered_display": "100", "missing_lines": 0, "excluded_lines": 0}, "missing_lines": [], "excluded_lines": []}, "EndToEndIntegrationTestCase.test_multi_organization_trust_network": {"executed_lines": [666, 667, 669, 670, 678, 686, 687, 690, 693, 700, 707, 714, 720, 723, 724, 725, 727, 730, 736, 737, 739, 740, 741, 744, 745, 746, 749, 750], "summary": {"covered_lines": 28, "num_statements": 28, "percent_covered": 100.0, "percent_covered_display": "100", "missing_lines": 0, "excluded_lines": 0}, "missing_lines": [], "excluded_lines": []}, "": {"executed_lines": [1, 5, 6, 7, 8, 9, 11, 12, 13, 15, 18, 19, 21, 121, 161, 202, 246, 289, 339, 380, 434, 451, 478, 479, 481, 509, 517, 518, 520, 553, 663], "summary": {"covered_lines": 27, "num_statements": 27, "percent_covered": 100.0, "percent_covered_display": "100", "missing_lines": 0, "excluded_lines": 0}, "missing_lines": [], "excluded_lines": []}}, "classes": {"CRISPIntegrationTestCase": {"executed_lines": [24, 34, 44, 55, 63, 71, 80, 91, 102, 112, 123, 131, 141, 142, 143, 144, 147, 148, 149, 150, 151, 154, 158, 159, 164, 171, 172, 173, 174, 175, 178, 182, 185, 186, 194, 195, 205, 213, 214, 215, 216, 217, 218, 219, 222, 226, 229, 230, 238, 239, 249, 257, 263, 264, 265, 266, 267, 270, 276, 277, 278, 279, 280, 283, 287, 292, 300, 303, 308, 314, 315, 316, 319, 325, 326, 329, 335, 336, 337, 342, 349, 357, 358, 359, 360, 361, 364, 368, 371, 372, 373, 376, 377, 378, 383, 389, 390, 391, 392, 394, 402, 411, 418, 422, 423, 424, 425, 426, 427, 430, 431, 432, 437, 438, 439, 442, 443, 444, 447, 448, 449, 453, 456, 468, 469, 472, 473, 474, 475], "summary": {"covered_lines": 129, "num_statements": 129, "percent_covered": 100.0, "percent_covered_display": "100", "missing_lines": 0, "excluded_lines": 0}, "missing_lines": [], "excluded_lines": []}, "IntegrationAPITestCase": {"executed_lines": [484, 494, 500, 512, 513, 514], "summary": {"covered_lines": 6, "num_statements": 6, "percent_covered": 100.0, "percent_covered_display": "100", "missing_lines": 0, "excluded_lines": 0}, "missing_lines": [], "excluded_lines": []}, "EndToEndIntegrationTestCase": {"executed_lines": [523, 533, 544, 556, 564, 573, 581, 591, 592, 595, 602, 605, 613, 616, 622, 628, 629, 630, 633, 639, 640, 643, 645, 646, 647, 648, 651, 656, 658, 659, 660, 661, 666, 667, 669, 670, 678, 686, 687, 690, 693, 700, 707, 714, 720, 723, 724, 725, 727, 730, 736, 737, 739, 740, 741, 744, 745, 746, 749, 750], "summary": {"covered_lines": 60, "num_statements": 60, "percent_covered": 100.0, "percent_covered_display": "100", "missing_lines": 0, "excluded_lines": 0}, "missing_lines": [], "excluded_lines": []}, "": {"executed_lines": [1, 5, 6, 7, 8, 9, 11, 12, 13, 15, 18, 19, 21, 121, 161, 202, 246, 289, 339, 380, 434, 451, 478, 479, 481, 509, 517, 518, 520, 553, 663], "summary": {"covered_lines": 27, "num_statements": 27, "percent_covered": 100.0, "percent_covered_display": "100", "missing_lines": 0, "excluded_lines": 0}, "missing_lines": [], "excluded_lines": []}}}, "apps/core/trust/__init__.py": {"executed_lines": [1, 9, 10], "summary": {"covered_lines": 2, "num_statements": 2, "percent_covered": 100.0, "percent_covered_display": "100", "missing_lines": 0, "excluded_lines": 0}, "missing_lines": [], "excluded_lines": [], "functions": {"": {"executed_lines": [1, 9, 10], "summary": {"covered_lines": 2, "num_statements": 2, "percent_covered": 100.0, "percent_covered_display": "100", "missing_lines": 0, "excluded_lines": 0}, "missing_lines": [], "excluded_lines": []}}, "classes": {"": {"executed_lines": [1, 9, 10], "summary": {"covered_lines": 2, "num_statements": 2, "percent_covered": 100.0, "percent_covered_display": "100", "missing_lines": 0, "excluded_lines": 0}, "missing_lines": [], "excluded_lines": []}}}, "apps/core/trust/admin.py": {"executed_lines": [], "summary": {"covered_lines": 0, "num_statements": 83, "percent_covered": 0.0, "percent_covered_display": "0", "missing_lines": 83, "excluded_lines": 0}, "missing_lines": [8, 9, 10, 11, 13, 23, 24, 27, 31, 32, 33, 34, 36, 53, 56, 57, 58, 59, 62, 63, 66, 70, 71, 72, 73, 74, 76, 92, 94, 95, 98, 99, 102, 106, 110, 111, 112, 117, 155, 157, 158, 159, 161, 163, 164, 165, 166, 168, 169, 170, 171, 174, 175, 178, 182, 183, 184, 185, 187, 201, 202, 205, 209, 210, 211, 212, 218, 220, 222, 224, 226, 228, 231, 232, 235, 239, 240, 241, 242, 244, 276, 277, 278], "excluded_lines": [], "functions": {"TrustGroupAdmin.member_count": {"executed_lines": [], "summary": {"covered_lines": 0, "num_statements": 1, "percent_covered": 0.0, "percent_covered_display": "0", "missing_lines": 1, "excluded_lines": 0}, "missing_lines": [94], "excluded_lines": []}, "TrustRelationshipAdmin.relationship_summary": {"executed_lines": [], "summary": {"covered_lines": 0, "num_statements": 2, "percent_covered": 0.0, "percent_covered_display": "0", "missing_lines": 2, "excluded_lines": 0}, "missing_lines": [157, 158], "excluded_lines": []}, "TrustRelationshipAdmin.is_effective": {"executed_lines": [], "summary": {"covered_lines": 0, "num_statements": 7, "percent_covered": 0.0, "percent_covered_display": "0", "missing_lines": 7, "excluded_lines": 0}, "missing_lines": [163, 164, 165, 166, 168, 169, 170], "excluded_lines": []}, "TrustLogAdmin.has_add_permission": {"executed_lines": [], "summary": {"covered_lines": 0, "num_statements": 1, "percent_covered": 0.0, "percent_covered_display": "0", "missing_lines": 1, "excluded_lines": 0}, "missing_lines": [220], "excluded_lines": []}, "TrustLogAdmin.has_change_permission": {"executed_lines": [], "summary": {"covered_lines": 0, "num_statements": 1, "percent_covered": 0.0, "percent_covered_display": "0", "missing_lines": 1, "excluded_lines": 0}, "missing_lines": [224], "excluded_lines": []}, "TrustLogAdmin.has_delete_permission": {"executed_lines": [], "summary": {"covered_lines": 0, "num_statements": 1, "percent_covered": 0.0, "percent_covered_display": "0", "missing_lines": 1, "excluded_lines": 0}, "missing_lines": [228], "excluded_lines": []}, "": {"executed_lines": [], "summary": {"covered_lines": 0, "num_statements": 70, "percent_covered": 0.0, "percent_covered_display": "0", "missing_lines": 70, "excluded_lines": 0}, "missing_lines": [8, 9, 10, 11, 13, 23, 24, 27, 31, 32, 33, 34, 36, 53, 56, 57, 58, 59, 62, 63, 66, 70, 71, 72, 73, 74, 76, 92, 95, 98, 99, 102, 106, 110, 111, 112, 117, 155, 159, 161, 171, 174, 175, 178, 182, 183, 184, 185, 187, 201, 202, 205, 209, 210, 211, 212, 218, 222, 226, 231, 232, 235, 239, 240, 241, 242, 244, 276, 277, 278], "excluded_lines": []}}, "classes": {"TrustLevelAdmin": {"executed_lines": [], "summary": {"covered_lines": 0, "num_statements": 0, "percent_covered": 100.0, "percent_covered_display": "100", "missing_lines": 0, "excluded_lines": 0}, "missing_lines": [], "excluded_lines": []}, "TrustGroupMembershipInline": {"executed_lines": [], "summary": {"covered_lines": 0, "num_statements": 0, "percent_covered": 100.0, "percent_covered_display": "100", "missing_lines": 0, "excluded_lines": 0}, "missing_lines": [], "excluded_lines": []}, "TrustGroupAdmin": {"executed_lines": [], "summary": {"covered_lines": 0, "num_statements": 1, "percent_covered": 0.0, "percent_covered_display": "0", "missing_lines": 1, "excluded_lines": 0}, "missing_lines": [94], "excluded_lines": []}, "TrustRelationshipAdmin": {"executed_lines": [], "summary": {"covered_lines": 0, "num_statements": 9, "percent_covered": 0.0, "percent_covered_display": "0", "missing_lines": 9, "excluded_lines": 0}, "missing_lines": [157, 158, 163, 164, 165, 166, 168, 169, 170], "excluded_lines": []}, "TrustGroupMembershipAdmin": {"executed_lines": [], "summary": {"covered_lines": 0, "num_statements": 0, "percent_covered": 100.0, "percent_covered_display": "100", "missing_lines": 0, "excluded_lines": 0}, "missing_lines": [], "excluded_lines": []}, "TrustLogAdmin": {"executed_lines": [], "summary": {"covered_lines": 0, "num_statements": 3, "percent_covered": 0.0, "percent_covered_display": "0", "missing_lines": 3, "excluded_lines": 0}, "missing_lines": [220, 224, 228], "excluded_lines": []}, "SharingPolicyAdmin": {"executed_lines": [], "summary": {"covered_lines": 0, "num_statements": 0, "percent_covered": 100.0, "percent_covered_display": "100", "missing_lines": 0, "excluded_lines": 0}, "missing_lines": [], "excluded_lines": []}, "": {"executed_lines": [], "summary": {"covered_lines": 0, "num_statements": 70, "percent_covered": 0.0, "percent_covered_display": "0", "missing_lines": 70, "excluded_lines": 0}, "missing_lines": [8, 9, 10, 11, 13, 23, 24, 27, 31, 32, 33, 34, 36, 53, 56, 57, 58, 59, 62, 63, 66, 70, 71, 72, 73, 74, 76, 92, 95, 98, 99, 102, 106, 110, 111, 112, 117, 155, 159, 161, 171, 174, 175, 178, 182, 183, 184, 185, 187, 201, 202, 205, 209, 210, 211, 212, 218, 222, 226, 231, 232, 235, 239, 240, 241, 242, 244, 276, 277, 278], "excluded_lines": []}}}, "apps/core/trust/apps.py": {"executed_lines": [], "summary": {"covered_lines": 0, "num_statements": 11, "percent_covered": 0.0, "percent_covered_display": "0", "missing_lines": 11, "excluded_lines": 0}, "missing_lines": [1, 4, 8, 9, 10, 12, 18, 19, 20, 21, 22], "excluded_lines": [], "functions": {"TrustConfig.ready": {"executed_lines": [], "summary": {"covered_lines": 0, "num_statements": 5, "percent_covered": 0.0, "percent_covered_display": "0", "missing_lines": 5, "excluded_lines": 0}, "missing_lines": [18, 19, 20, 21, 22], "excluded_lines": []}, "": {"executed_lines": [], "summary": {"covered_lines": 0, "num_statements": 6, "percent_covered": 0.0, "percent_covered_display": "0", "missing_lines": 6, "excluded_lines": 0}, "missing_lines": [1, 4, 8, 9, 10, 12], "excluded_lines": []}}, "classes": {"TrustConfig": {"executed_lines": [], "summary": {"covered_lines": 0, "num_statements": 5, "percent_covered": 0.0, "percent_covered_display": "0", "missing_lines": 5, "excluded_lines": 0}, "missing_lines": [18, 19, 20, 21, 22], "excluded_lines": []}, "": {"executed_lines": [], "summary": {"covered_lines": 0, "num_statements": 6, "percent_covered": 0.0, "percent_covered_display": "0", "missing_lines": 6, "excluded_lines": 0}, "missing_lines": [1, 4, 8, 9, 10, 12], "excluded_lines": []}}}, "apps/core/trust/models/__init__.py": {"executed_lines": [1, 8, 24], "summary": {"covered_lines": 2, "num_statements": 2, "percent_covered": 100.0, "percent_covered_display": "100", "missing_lines": 0, "excluded_lines": 0}, "missing_lines": [], "excluded_lines": [], "functions": {"": {"executed_lines": [1, 8, 24], "summary": {"covered_lines": 2, "num_statements": 2, "percent_covered": 100.0, "percent_covered_display": "100", "missing_lines": 0, "excluded_lines": 0}, "missing_lines": [], "excluded_lines": []}}, "classes": {"": {"executed_lines": [1, 8, 24], "summary": {"covered_lines": 2, "num_statements": 2, "percent_covered": 100.0, "percent_covered_display": "100", "missing_lines": 0, "excluded_lines": 0}, "missing_lines": [], "excluded_lines": []}}}, "apps/core/trust/models/trust_models.py": {"executed_lines": [1, 2, 3, 4, 5, 8, 14, 22, 29, 37, 46, 47, 51, 52, 57, 62, 65, 68, 74, 80, 84, 88, 92, 93, 94, 99, 100, 101, 102, 103, 109, 112, 121, 122, 126, 127, 131, 132, 137, 138, 142, 143, 148, 151, 156, 160, 164, 171, 175, 179, 180, 181, 185, 190, 191, 192, 193, 194, 200, 203, 207, 211, 212, 217, 218, 222, 225, 229, 235, 241, 247, 257, 263, 267, 273, 277, 284, 288, 293, 301, 305, 309, 315, 323, 327, 333, 334, 335, 340, 347, 351, 355, 362, 363, 364, 365, 366, 367, 377, 380, 387, 388, 394, 395, 401, 402, 413, 422, 449, 459, 469, 477, 483, 489, 490, 493, 494, 499, 503, 513, 517, 518, 523, 529, 536, 537, 538, 539, 540, 541, 546, 550, 551, 554, 572, 573, 578, 584, 590, 597, 604, 608, 613, 618, 622, 628, 632, 636, 638, 639, 640, 641, 642, 650, 654, 658, 662, 663, 683, 684, 688, 689, 694, 699, 703, 709, 713, 719, 732, 739, 743, 749, 755, 760, 764, 765, 766, 771, 772, 773, 774, 776, 779, 787], "summary": {"covered_lines": 178, "num_statements": 264, "percent_covered": 67.42424242424242, "percent_covered_display": "67", "missing_lines": 86, "excluded_lines": 0}, "missing_lines": [110, 113, 114, 117, 118, 119, 124, 129, 134, 201, 205, 209, 214, 378, 381, 382, 384, 385, 390, 391, 392, 397, 398, 399, 404, 405, 415, 416, 417, 418, 419, 420, 424, 425, 426, 427, 428, 429, 430, 431, 434, 435, 436, 437, 438, 440, 444, 445, 447, 451, 452, 453, 454, 455, 456, 457, 461, 462, 463, 464, 465, 466, 467, 471, 472, 473, 474, 475, 479, 480, 481, 485, 486, 547, 651, 652, 656, 660, 668, 777, 781, 782, 783, 784, 785, 789], "excluded_lines": [], "functions": {"TrustLevel.__str__": {"executed_lines": [], "summary": {"covered_lines": 0, "num_statements": 1, "percent_covered": 0.0, "percent_covered_display": "0", "missing_lines": 1, "excluded_lines": 0}, "missing_lines": [110], "excluded_lines": []}, "TrustLevel.clean": {"executed_lines": [], "summary": {"covered_lines": 0, "num_statements": 5, "percent_covered": 0.0, "percent_covered_display": "0", "missing_lines": 5, "excluded_lines": 0}, "missing_lines": [113, 114, 117, 118, 119], "excluded_lines": []}, "TrustLevel.is_default": {"executed_lines": [], "summary": {"covered_lines": 0, "num_statements": 1, "percent_covered": 0.0, "percent_covered_display": "0", "missing_lines": 1, "excluded_lines": 0}, "missing_lines": [124], "excluded_lines": []}, "TrustLevel.get_default_trust_level": {"executed_lines": [], "summary": {"covered_lines": 0, "num_statements": 1, "percent_covered": 0.0, "percent_covered_display": "0", "missing_lines": 1, "excluded_lines": 0}, "missing_lines": [129], "excluded_lines": []}, "TrustLevel.get_default": {"executed_lines": [], "summary": {"covered_lines": 0, "num_statements": 1, "percent_covered": 0.0, "percent_covered_display": "0", "missing_lines": 1, "excluded_lines": 0}, "missing_lines": [134], "excluded_lines": []}, "TrustGroup.__str__": {"executed_lines": [], "summary": {"covered_lines": 0, "num_statements": 1, "percent_covered": 0.0, "percent_covered_display": "0", "missing_lines": 1, "excluded_lines": 0}, "missing_lines": [201], "excluded_lines": []}, "TrustGroup.can_administer": {"executed_lines": [], "summary": {"covered_lines": 0, "num_statements": 1, "percent_covered": 0.0, "percent_covered_display": "0", "missing_lines": 1, "excluded_lines": 0}, "missing_lines": [205], "excluded_lines": []}, "TrustGroup.get_member_count": {"executed_lines": [], "summary": {"covered_lines": 0, "num_statements": 1, "percent_covered": 0.0, "percent_covered_display": "0", "missing_lines": 1, "excluded_lines": 0}, "missing_lines": [209], "excluded_lines": []}, "TrustGroup.member_count": {"executed_lines": [], "summary": {"covered_lines": 0, "num_statements": 1, "percent_covered": 0.0, "percent_covered_display": "0", "missing_lines": 1, "excluded_lines": 0}, "missing_lines": [214], "excluded_lines": []}, "TrustRelationship.__str__": {"executed_lines": [], "summary": {"covered_lines": 0, "num_statements": 1, "percent_covered": 0.0, "percent_covered_display": "0", "missing_lines": 1, "excluded_lines": 0}, "missing_lines": [378], "excluded_lines": []}, "TrustRelationship.clean": {"executed_lines": [], "summary": {"covered_lines": 0, "num_statements": 4, "percent_covered": 0.0, "percent_covered_display": "0", "missing_lines": 4, "excluded_lines": 0}, "missing_lines": [381, 382, 384, 385], "excluded_lines": []}, "TrustRelationship.is_expired": {"executed_lines": [], "summary": {"covered_lines": 0, "num_statements": 3, "percent_covered": 0.0, "percent_covered_display": "0", "missing_lines": 3, "excluded_lines": 0}, "missing_lines": [390, 391, 392], "excluded_lines": []}, "TrustRelationship.is_fully_approved": {"executed_lines": [], "summary": {"covered_lines": 0, "num_statements": 3, "percent_covered": 0.0, "percent_covered_display": "0", "missing_lines": 3, "excluded_lines": 0}, "missing_lines": [397, 398, 399], "excluded_lines": []}, "TrustRelationship.is_effective": {"executed_lines": [], "summary": {"covered_lines": 0, "num_statements": 2, "percent_covered": 0.0, "percent_covered_display": "0", "missing_lines": 2, "excluded_lines": 0}, "missing_lines": [404, 405], "excluded_lines": []}, "TrustRelationship.activate": {"executed_lines": [], "summary": {"covered_lines": 0, "num_statements": 6, "percent_covered": 0.0, "percent_covered_display": "0", "missing_lines": 6, "excluded_lines": 0}, "missing_lines": [415, 416, 417, 418, 419, 420], "excluded_lines": []}, "TrustRelationship.approve": {"executed_lines": [], "summary": {"covered_lines": 0, "num_statements": 17, "percent_covered": 0.0, "percent_covered_display": "0", "missing_lines": 17, "excluded_lines": 0}, "missing_lines": [424, 425, 426, 427, 428, 429, 430, 431, 434, 435, 436, 437, 438, 440, 444, 445, 447], "excluded_lines": []}, "TrustRelationship.deny": {"executed_lines": [], "summary": {"covered_lines": 0, "num_statements": 7, "percent_covered": 0.0, "percent_covered_display": "0", "missing_lines": 7, "excluded_lines": 0}, "missing_lines": [451, 452, 453, 454, 455, 456, 457], "excluded_lines": []}, "TrustRelationship.revoke": {"executed_lines": [], "summary": {"covered_lines": 0, "num_statements": 7, "percent_covered": 0.0, "percent_covered_display": "0", "missing_lines": 7, "excluded_lines": 0}, "missing_lines": [461, 462, 463, 464, 465, 466, 467], "excluded_lines": []}, "TrustRelationship.suspend": {"executed_lines": [], "summary": {"covered_lines": 0, "num_statements": 5, "percent_covered": 0.0, "percent_covered_display": "0", "missing_lines": 5, "excluded_lines": 0}, "missing_lines": [471, 472, 473, 474, 475], "excluded_lines": []}, "TrustRelationship.get_effective_anonymization_level": {"executed_lines": [], "summary": {"covered_lines": 0, "num_statements": 3, "percent_covered": 0.0, "percent_covered_display": "0", "missing_lines": 3, "excluded_lines": 0}, "missing_lines": [479, 480, 481], "excluded_lines": []}, "TrustRelationship.get_effective_access_level": {"executed_lines": [], "summary": {"covered_lines": 0, "num_statements": 2, "percent_covered": 0.0, "percent_covered_display": "0", "missing_lines": 2, "excluded_lines": 0}, "missing_lines": [485, 486], "excluded_lines": []}, "TrustGroupMembership.__str__": {"executed_lines": [], "summary": {"covered_lines": 0, "num_statements": 1, "percent_covered": 0.0, "percent_covered_display": "0", "missing_lines": 1, "excluded_lines": 0}, "missing_lines": [547], "excluded_lines": []}, "TrustLog.__str__": {"executed_lines": [], "summary": {"covered_lines": 0, "num_statements": 2, "percent_covered": 0.0, "percent_covered_display": "0", "missing_lines": 2, "excluded_lines": 0}, "missing_lines": [651, 652], "excluded_lines": []}, "TrustLog.get_detail": {"executed_lines": [], "summary": {"covered_lines": 0, "num_statements": 1, "percent_covered": 0.0, "percent_covered_display": "0", "missing_lines": 1, "excluded_lines": 0}, "missing_lines": [656], "excluded_lines": []}, "TrustLog.get_metadata": {"executed_lines": [], "summary": {"covered_lines": 0, "num_statements": 1, "percent_covered": 0.0, "percent_covered_display": "0", "missing_lines": 1, "excluded_lines": 0}, "missing_lines": [660], "excluded_lines": []}, "TrustLog.log_trust_event": {"executed_lines": [], "summary": {"covered_lines": 0, "num_statements": 1, "percent_covered": 0.0, "percent_covered_display": "0", "missing_lines": 1, "excluded_lines": 0}, "missing_lines": [668], "excluded_lines": []}, "SharingPolicy.__str__": {"executed_lines": [], "summary": {"covered_lines": 0, "num_statements": 1, "percent_covered": 0.0, "percent_covered_display": "0", "missing_lines": 1, "excluded_lines": 0}, "missing_lines": [777], "excluded_lines": []}, "SharingPolicy.applies_to_stix_object": {"executed_lines": [], "summary": {"covered_lines": 0, "num_statements": 5, "percent_covered": 0.0, "percent_covered_display": "0", "missing_lines": 5, "excluded_lines": 0}, "missing_lines": [781, 782, 783, 784, 785], "excluded_lines": []}, "SharingPolicy.get_anonymization_requirements": {"executed_lines": [], "summary": {"covered_lines": 0, "num_statements": 1, "percent_covered": 0.0, "percent_covered_display": "0", "missing_lines": 1, "excluded_lines": 0}, "missing_lines": [789], "excluded_lines": []}, "": {"executed_lines": [1, 2, 3, 4, 5, 8, 14, 22, 29, 37, 46, 47, 51, 52, 57, 62, 65, 68, 74, 80, 84, 88, 92, 93, 94, 99, 100, 101, 102, 103, 109, 112, 121, 122, 126, 127, 131, 132, 137, 138, 142, 143, 148, 151, 156, 160, 164, 171, 175, 179, 180, 181, 185, 190, 191, 192, 193, 194, 200, 203, 207, 211, 212, 217, 218, 222, 225, 229, 235, 241, 247, 257, 263, 267, 273, 277, 284, 288, 293, 301, 305, 309, 315, 323, 327, 333, 334, 335, 340, 347, 351, 355, 362, 363, 364, 365, 366, 367, 377, 380, 387, 388, 394, 395, 401, 402, 413, 422, 449, 459, 469, 477, 483, 489, 490, 493, 494, 499, 503, 513, 517, 518, 523, 529, 536, 537, 538, 539, 540, 541, 546, 550, 551, 554, 572, 573, 578, 584, 590, 597, 604, 608, 613, 618, 622, 628, 632, 636, 638, 639, 640, 641, 642, 650, 654, 658, 662, 663, 683, 684, 688, 689, 694, 699, 703, 709, 713, 719, 732, 739, 743, 749, 755, 760, 764, 765, 766, 771, 772, 773, 774, 776, 779, 787], "summary": {"covered_lines": 178, "num_statements": 178, "percent_covered": 100.0, "percent_covered_display": "100", "missing_lines": 0, "excluded_lines": 0}, "missing_lines": [], "excluded_lines": []}}, "classes": {"TrustLevel": {"executed_lines": [], "summary": {"covered_lines": 0, "num_statements": 9, "percent_covered": 0.0, "percent_covered_display": "0", "missing_lines": 9, "excluded_lines": 0}, "missing_lines": [110, 113, 114, 117, 118, 119, 124, 129, 134], "excluded_lines": []}, "TrustLevel.Meta": {"executed_lines": [], "summary": {"covered_lines": 0, "num_statements": 0, "percent_covered": 100.0, "percent_covered_display": "100", "missing_lines": 0, "excluded_lines": 0}, "missing_lines": [], "excluded_lines": []}, "TrustGroup": {"executed_lines": [], "summary": {"covered_lines": 0, "num_statements": 4, "percent_covered": 0.0, "percent_covered_display": "0", "missing_lines": 4, "excluded_lines": 0}, "missing_lines": [201, 205, 209, 214], "excluded_lines": []}, "TrustGroup.Meta": {"executed_lines": [], "summary": {"covered_lines": 0, "num_statements": 0, "percent_covered": 100.0, "percent_covered_display": "100", "missing_lines": 0, "excluded_lines": 0}, "missing_lines": [], "excluded_lines": []}, "TrustRelationship": {"executed_lines": [], "summary": {"covered_lines": 0, "num_statements": 60, "percent_covered": 0.0, "percent_covered_display": "0", "missing_lines": 60, "excluded_lines": 0}, "missing_lines": [378, 381, 382, 384, 385, 390, 391, 392, 397, 398, 399, 404, 405, 415, 416, 417, 418, 419, 420, 424, 425, 426, 427, 428, 429, 430, 431, 434, 435, 436, 437, 438, 440, 444, 445, 447, 451, 452, 453, 454, 455, 456, 457, 461, 462, 463, 464, 465, 466, 467, 471, 472, 473, 474, 475, 479, 480, 481, 485, 486], "excluded_lines": []}, "TrustRelationship.Meta": {"executed_lines": [], "summary": {"covered_lines": 0, "num_statements": 0, "percent_covered": 100.0, "percent_covered_display": "100", "missing_lines": 0, "excluded_lines": 0}, "missing_lines": [], "excluded_lines": []}, "TrustGroupMembership": {"executed_lines": [], "summary": {"covered_lines": 0, "num_statements": 1, "percent_covered": 0.0, "percent_covered_display": "0", "missing_lines": 1, "excluded_lines": 0}, "missing_lines": [547], "excluded_lines": []}, "TrustGroupMembership.Meta": {"executed_lines": [], "summary": {"covered_lines": 0, "num_statements": 0, "percent_covered": 100.0, "percent_covered_display": "100", "missing_lines": 0, "excluded_lines": 0}, "missing_lines": [], "excluded_lines": []}, "TrustLog": {"executed_lines": [], "summary": {"covered_lines": 0, "num_statements": 5, "percent_covered": 0.0, "percent_covered_display": "0", "missing_lines": 5, "excluded_lines": 0}, "missing_lines": [651, 652, 656, 660, 668], "excluded_lines": []}, "TrustLog.Meta": {"executed_lines": [], "summary": {"covered_lines": 0, "num_statements": 0, "percent_covered": 100.0, "percent_covered_display": "100", "missing_lines": 0, "excluded_lines": 0}, "missing_lines": [], "excluded_lines": []}, "SharingPolicy": {"executed_lines": [], "summary": {"covered_lines": 0, "num_statements": 7, "percent_covered": 0.0, "percent_covered_display": "0", "missing_lines": 7, "excluded_lines": 0}, "missing_lines": [777, 781, 782, 783, 784, 785, 789], "excluded_lines": []}, "SharingPolicy.Meta": {"executed_lines": [], "summary": {"covered_lines": 0, "num_statements": 0, "percent_covered": 100.0, "
[...]
es": 0}, "missing_lines": [], "excluded_lines": [], "functions": {"": {"executed_lines": [1, 4, 5, 9, 13], "summary": {"covered_lines": 4, "num_statements": 4, "percent_covered": 100.0, "percent_covered_display": "100", "missing_lines": 0, "excluded_lines": 0}, "missing_lines": [], "excluded_lines": []}}, "classes": {"": {"executed_lines": [1, 4, 5, 9, 13], "summary": {"covered_lines": 4, "num_statements": 4, "percent_covered": 100.0, "percent_covered_display": "100", "missing_lines": 0, "excluded_lines": 0}, "missing_lines": [], "excluded_lines": []}}}, "apps/user_management/__init__.py": {"executed_lines": [1], "summary": {"covered_lines": 0, "num_statements": 0, "percent_covered": 100.0, "percent_covered_display": "100", "missing_lines": 0, "excluded_lines": 0}, "missing_lines": [], "excluded_lines": [], "functions": {"": {"executed_lines": [1], "summary": {"covered_lines": 0, "num_statements": 0, "percent_covered": 100.0, "percent_covered_display": "100", "missing_lines": 0, "excluded_lines": 0}, "missing_lines": [], "excluded_lines": []}}, "classes": {"": {"executed_lines": [1], "summary": {"covered_lines": 0, "num_statements": 0, "percent_covered": 100.0, "percent_covered_display": "100", "missing_lines": 0, "excluded_lines": 0}, "missing_lines": [], "excluded_lines": []}}}, "apps/user_management/apps.py": {"executed_lines": [1, 4, 5, 6, 7, 9, 11], "summary": {"covered_lines": 7, "num_statements": 7, "percent_covered": 100.0, "percent_covered_display": "100", "missing_lines": 0, "excluded_lines": 0}, "missing_lines": [], "excluded_lines": [], "functions": {"UserManagementConfig.ready": {"executed_lines": [11], "summary": {"covered_lines": 1, "num_statements": 1, "percent_covered": 100.0, "percent_covered_display": "100", "missing_lines": 0, "excluded_lines": 0}, "missing_lines": [], "excluded_lines": []}, "": {"executed_lines": [1, 4, 5, 6, 7, 9], "summary": {"covered_lines": 6, "num_statements": 6, "percent_covered": 100.0, "percent_covered_display": "100", "missing_lines": 0, "excluded_lines": 0}, "missing_lines": [], "excluded_lines": []}}, "classes": {"UserManagementConfig": {"executed_lines": [11], "summary": {"covered_lines": 1, "num_statements": 1, "percent_covered": 100.0, "percent_covered_display": "100", "missing_lines": 0, "excluded_lines": 0}, "missing_lines": [], "excluded_lines": []}, "": {"executed_lines": [1, 4, 5, 6, 7, 9], "summary": {"covered_lines": 6, "num_statements": 6, "percent_covered": 100.0, "percent_covered_display": "100", "missing_lines": 0, "excluded_lines": 0}, "missing_lines": [], "excluded_lines": []}}}, "apps/user_management/models.py": {"executed_lines": [1, 5, 6, 7, 10, 11, 13, 14, 15, 16, 19, 32, 43, 44, 45, 48, 49, 51, 52, 53, 54, 55, 57, 58, 60, 65, 66, 71, 72, 75, 84, 91, 92, 95, 96, 97, 100, 101, 102, 105, 106, 108, 109, 111, 112, 113, 114, 115, 117, 120, 122, 124, 126, 128, 130, 132, 134, 136, 138, 141, 142, 144, 145, 146, 147, 149, 150, 151, 153, 155, 156, 157, 158, 159, 161, 164, 170, 171, 173, 182, 183, 184, 186, 187, 189, 190, 192, 194, 195, 196, 197, 198, 200, 201, 204, 205, 207, 208, 210, 211, 213, 214, 216, 217, 218, 220, 222, 223, 224, 225, 226, 228, 231, 233, 234, 236, 238], "summary": {"covered_lines": 111, "num_statements": 117, "percent_covered": 94.87179487179488, "percent_covered_display": "95", "missing_lines": 6, "excluded_lines": 0}, "missing_lines": [62, 118, 162, 166, 167, 229], "excluded_lines": [], "functions": {"Organization.__str__": {"executed_lines": [58], "summary": {"covered_lines": 1, "num_statements": 1, "percent_covered": 100.0, "percent_covered_display": "100", "missing_lines": 0, "excluded_lines": 0}, "missing_lines": [], "excluded_lines": []}, "Organization.get_active_users_count": {"executed_lines": [], "summary": {"covered_lines": 0, "num_statements": 1, "percent_covered": 0.0, "percent_covered_display": "0", "missing_lines": 1, "excluded_lines": 0}, "missing_lines": [62], "excluded_lines": []}, "CustomUser.__str__": {"executed_lines": [], "summary": {"covered_lines": 0, "num_statements": 1, "percent_covered": 0.0, "percent_covered_display": "0", "missing_lines": 1, "excluded_lines": 0}, "missing_lines": [118], "excluded_lines": []}, "CustomUser.get_full_name": {"executed_lines": [122], "summary": {"covered_lines": 1, "num_statements": 1, "percent_covered": 100.0, "percent_covered_display": "100", "missing_lines": 0, "excluded_lines": 0}, "missing_lines": [], "excluded_lines": []}, "CustomUser.is_publisher": {"executed_lines": [126], "summary": {"covered_lines": 1, "num_statements": 1, "percent_covered": 100.0, "percent_covered_display": "100", "missing_lines": 0, "excluded_lines": 0}, "missing_lines": [], "excluded_lines": []}, "CustomUser.is_admin": {"executed_lines": [130], "summary": {"covered_lines": 1, "num_statements": 1, "percent_covered": 100.0, "percent_covered_display": "100", "missing_lines": 0, "excluded_lines": 0}, "missing_lines": [], "excluded_lines": []}, "CustomUser.can_publish_intelligence": {"executed_lines": [134], "summary": {"covered_lines": 1, "num_statements": 1, "percent_covered": 100.0, "percent_covered_display": "100", "missing_lines": 0, "excluded_lines": 0}, "missing_lines": [], "excluded_lines": []}, "CustomUser.can_manage_organization": {"executed_lines": [138], "summary": {"covered_lines": 1, "num_statements": 1, "percent_covered": 100.0, "percent_covered_display": "100", "missing_lines": 0, "excluded_lines": 0}, "missing_lines": [], "excluded_lines": []}, "UserSession.__str__": {"executed_lines": [], "summary": {"covered_lines": 0, "num_statements": 1, "percent_covered": 0.0, "percent_covered_display": "0", "missing_lines": 1, "excluded_lines": 0}, "missing_lines": [162], "excluded_lines": []}, "UserSession.is_expired": {"executed_lines": [], "summary": {"covered_lines": 0, "num_statements": 2, "percent_covered": 0.0, "percent_covered_display": "0", "missing_lines": 2, "excluded_lines": 0}, "missing_lines": [166, 167], "excluded_lines": []}, "AuthenticationLog.__str__": {"executed_lines": [201], "summary": {"covered_lines": 1, "num_statements": 1, "percent_covered": 100.0, "percent_covered_display": "100", "missing_lines": 0, "excluded_lines": 0}, "missing_lines": [], "excluded_lines": []}, "InvitationToken.__str__": {"executed_lines": [], "summary": {"covered_lines": 0, "num_statements": 1, "percent_covered": 0.0, "percent_covered_display": "0", "missing_lines": 1, "excluded_lines": 0}, "missing_lines": [229], "excluded_lines": []}, "InvitationToken.is_expired": {"executed_lines": [233, 234], "summary": {"covered_lines": 2, "num_statements": 2, "percent_covered": 100.0, "percent_covered_display": "100", "missing_lines": 0, "excluded_lines": 0}, "missing_lines": [], "excluded_lines": []}, "InvitationToken.is_valid": {"executed_lines": [238], "summary": {"covered_lines": 1, "num_statements": 1, "percent_covered": 100.0, "percent_covered_display": "100", "missing_lines": 0, "excluded_lines": 0}, "missing_lines": [], "excluded_lines": []}, "": {"executed_lines": [1, 5, 6, 7, 10, 11, 13, 14, 15, 16, 19, 32, 43, 44, 45, 48, 49, 51, 52, 53, 54, 55, 57, 60, 65, 66, 71, 72, 75, 84, 91, 92, 95, 96, 97, 100, 101, 102, 105, 106, 108, 109, 111, 112, 113, 114, 115, 117, 120, 124, 128, 132, 136, 141, 142, 144, 145, 146, 147, 149, 150, 151, 153, 155, 156, 157, 158, 159, 161, 164, 170, 171, 173, 182, 183, 184, 186, 187, 189, 190, 192, 194, 195, 196, 197, 198, 200, 204, 205, 207, 208, 210, 211, 213, 214, 216, 217, 218, 220, 222, 223, 224, 225, 226, 228, 231, 236], "summary": {"covered_lines": 101, "num_statements": 101, "percent_covered": 100.0, "percent_covered_display": "100", "missing_lines": 0, "excluded_lines": 0}, "missing_lines": [], "excluded_lines": []}}, "classes": {"Organization": {"executed_lines": [58], "summary": {"covered_lines": 1, "num_statements": 2, "percent_covered": 50.0, "percent_covered_display": "50", "missing_lines": 1, "excluded_lines": 0}, "missing_lines": [62], "excluded_lines": []}, "Organization.Meta": {"executed_lines": [], "summary": {"covered_lines": 0, "num_statements": 0, "percent_covered": 100.0, "percent_covered_display": "100", "missing_lines": 0, "excluded_lines": 0}, "missing_lines": [], "excluded_lines": []}, "CustomUser": {"executed_lines": [122, 126, 130, 134, 138], "summary": {"covered_lines": 5, "num_statements": 6, "percent_covered": 83.33333333333333, "percent_covered_display": "83", "missing_lines": 1, "excluded_lines": 0}, "missing_lines": [118], "excluded_lines": []}, "CustomUser.Meta": {"executed_lines": [], "summary": {"covered_lines": 0, "num_statements": 0, "percent_covered": 100.0, "percent_covered_display": "100", "missing_lines": 0, "excluded_lines": 0}, "missing_lines": [], "excluded_lines": []}, "UserSession": {"executed_lines": [], "summary": {"covered_lines": 0, "num_statements": 3, "percent_covered": 0.0, "percent_covered_display": "0", "missing_lines": 3, "excluded_lines": 0}, "missing_lines": [162, 166, 167], "excluded_lines": []}, "UserSession.Meta": {"executed_lines": [], "summary": {"covered_lines": 0, "num_statements": 0, "percent_covered": 100.0, "percent_covered_display": "100", "missing_lines": 0, "excluded_lines": 0}, "missing_lines": [], "excluded_lines": []}, "AuthenticationLog": {"executed_lines": [201], "summary": {"covered_lines": 1, "num_statements": 1, "percent_covered": 100.0, "percent_covered_display": "100", "missing_lines": 0, "excluded_lines": 0}, "missing_lines": [], "excluded_lines": []}, "AuthenticationLog.Meta": {"executed_lines": [], "summary": {"covered_lines": 0, "num_statements": 0, "percent_covered": 100.0, "percent_covered_display": "100", "missing_lines": 0, "excluded_lines": 0}, "missing_lines": [], "excluded_lines": []}, "InvitationToken": {"executed_lines": [233, 234, 238], "summary": {"covered_lines": 3, "num_statements": 4, "percent_covered": 75.0, "percent_covered_display": "75", "missing_lines": 1, "excluded_lines": 0}, "missing_lines": [229], "excluded_lines": []}, "InvitationToken.Meta": {"executed_lines": [], "summary": {"covered_lines": 0, "num_statements": 0, "percent_covered": 100.0, "percent_covered_display": "100", "missing_lines": 0, "excluded_lines": 0}, "missing_lines": [], "excluded_lines": []}, "": {"executed_lines": [1, 5, 6, 7, 10, 11, 13, 14, 15, 16, 19, 32, 43, 44, 45, 48, 49, 51, 52, 53, 54, 55, 57, 60, 65, 66, 71, 72, 75, 84, 91, 92, 95, 96, 97, 100, 101, 102, 105, 106, 108, 109, 111, 112, 113, 114, 115, 117, 120, 124, 128, 132, 136, 141, 142, 144, 145, 146, 147, 149, 150, 151, 153, 155, 156, 157, 158, 159, 161, 164, 170, 171, 173, 182, 183, 184, 186, 187, 189, 190, 192, 194, 195, 196, 197, 198, 200, 204, 205, 207, 208, 210, 211, 213, 214, 216, 217, 218, 220, 222, 223, 224, 225, 226, 228, 231, 236], "summary": {"covered_lines": 101, "num_statements": 101, "percent_covered": 100.0, "percent_covered_display": "100", "missing_lines": 0, "excluded_lines": 0}, "missing_lines": [], "excluded_lines": []}}}, "apps/user_management/tests.py": {"executed_lines": [1, 4, 5, 6, 7, 8, 9, 10, 11, 14, 17, 18, 20, 22, 29, 38, 41, 61, 64, 67, 68, 75, 77, 80, 89, 92, 95, 102, 103, 105, 108, 118, 119, 120, 121, 124, 126, 129, 137, 146, 147, 150, 151, 152, 154, 157, 165, 166, 167, 168, 169, 171, 174, 175, 176, 182, 185, 186, 187, 194, 196, 198, 200, 201, 209, 211, 213, 215, 216, 222, 224, 259, 261, 264, 281, 284, 295, 296, 297, 298, 301, 303, 306, 307, 318, 319, 321, 323, 324, 326, 329, 331, 334, 347, 348, 360, 363, 372, 373, 376, 385, 386, 389, 390, 391, 393, 395, 397, 400, 409, 410, 417, 420, 430, 431, 432, 435, 443, 444, 445, 447, 450, 451, 460, 461, 464, 465, 472, 473], "summary": {"covered_lines": 127, "num_statements": 146, "percent_covered": 86.98630136986301, "percent_covered_display": "87", "missing_lines": 19, "excluded_lines": 0}, "missing_lines": [44, 47, 50, 57, 58, 59, 227, 236, 237, 245, 251, 252, 273, 274, 275, 276, 279, 357, 358], "excluded_lines": [], "functions": {"UserManagementCoverageTest.setUp": {"executed_lines": [22, 29], "summary": {"covered_lines": 2, "num_statements": 2, "percent_covered": 100.0, "percent_covered_display": "100", "missing_lines": 0, "excluded_lines": 0}, "missing_lines": [], "excluded_lines": []}, "UserManagementCoverageTest.test_user_model_properties": {"executed_lines": [41], "summary": {"covered_lines": 1, "num_statements": 7, "percent_covered": 14.285714285714286, "percent_covered_display": "14", "missing_lines": 6, "excluded_lines": 0}, "missing_lines": [44, 47, 50, 57, 58, 59], "excluded_lines": []}, "UserManagementCoverageTest.test_organization_model_methods": {"executed_lines": [64, 67, 68, 75], "summary": {"covered_lines": 4, "num_statements": 4, "percent_covered": 100.0, "percent_covered_display": "100", "missing_lines": 0, "excluded_lines": 0}, "missing_lines": [], "excluded_lines": []}, "UserManagementCoverageTest.test_invitation_token_methods": {"executed_lines": [80, 89, 92, 95, 102, 103], "summary": {"covered_lines": 6, "num_statements": 6, "percent_covered": 100.0, "percent_covered_display": "100", "missing_lines": 0, "excluded_lines": 0}, "missing_lines": [], "excluded_lines": []}, "UserManagementCoverageTest.test_authentication_log_model": {"executed_lines": [108, 118, 119, 120, 121, 124], "summary": {"covered_lines": 6, "num_statements": 6, "percent_covered": 100.0, "percent_covered_display": "100", "missing_lines": 0, "excluded_lines": 0}, "missing_lines": [], "excluded_lines": []}, "UserManagementCoverageTest.test_integration_service_methods": {"executed_lines": [129, 137, 146, 147, 150, 151, 152], "summary": {"covered_lines": 7, "num_statements": 7, "percent_covered": 100.0, "percent_covered_display": "100", "missing_lines": 0, "excluded_lines": 0}, "missing_lines": [], "excluded_lines": []}, "UserManagementCoverageTest.test_user_invitation_workflow": {"executed_lines": [157, 165, 166, 167, 168, 169], "summary": {"covered_lines": 6, "num_statements": 6, "percent_covered": 100.0, "percent_covered_display": "100", "missing_lines": 0, "excluded_lines": 0}, "missing_lines": [], "excluded_lines": []}, "UserManagementCoverageTest.test_model_edge_cases": {"executed_lines": [174, 175, 176, 182, 185, 186, 187, 194], "summary": {"covered_lines": 8, "num_statements": 8, "percent_covered": 100.0, "percent_covered_display": "100", "missing_lines": 0, "excluded_lines": 0}, "missing_lines": [], "excluded_lines": []}, "UserManagementCoverageTest.test_authentication_log_actions": {"executed_lines": [198, 200, 201, 209], "summary": {"covered_lines": 4, "num_statements": 4, "percent_covered": 100.0, "percent_covered_display": "100", "missing_lines": 0, "excluded_lines": 0}, "missing_lines": [], "excluded_lines": []}, "UserManagementCoverageTest.test_trust_level_defaults": {"executed_lines": [213, 215, 216, 222], "summary": {"covered_lines": 4, "num_statements": 4, "percent_covered": 100.0, "percent_covered_display": "100", "missing_lines": 0, "excluded_lines": 0}, "missing_lines": [], "excluded_lines": []}, "UserManagementCoverageTest.test_service_error_handling": {"executed_lines": [397, 400, 409, 410], "summary": {"covered_lines": 4, "num_statements": 4, "percent_covered": 100.0, "percent_covered_display": "100", "missing_lines": 0, "excluded_lines": 0}, "missing_lines": [], "excluded_lines": []}, "UserManagementCoverageTest.test_user_session_model": {"executed_lines": [261, 264], "summary": {"covered_lines": 2, "num_statements": 7, "percent_covered": 28.571428571428573, "percent_covered_display": "29", "missing_lines": 5, "excluded_lines": 0}, "missing_lines": [273, 274, 275, 276, 279], "excluded_lines": []}, "UserManagementCoverageTest.test_organization_comprehensive": {"executed_lines": [284, 295, 296, 297, 298, 301], "summary": {"covered_lines": 6, "num_statements": 6, "percent_covered": 100.0, "percent_covered_display": "100", "missing_lines": 0, "excluded_lines": 0}, "missing_lines": [], "excluded_lines": []}, "UserManagementCoverageTest.test_custom_user_comprehensive": {"executed_lines": [306, 307, 318, 319, 321, 323, 324, 326, 329], "summary": {"covered_lines": 9, "num_statements": 9, "percent_covered": 100.0, "percent_covered_display": "100", "missing_lines": 0, "excluded_lines": 0}, "missing_lines": [], "excluded_lines": []}, "UserManagementCoverageTest.test_authentication_log_comprehensive": {"executed_lines": [334, 347, 348], "summary": {"covered_lines": 3, "num_statements": 5, "percent_covered": 60.0, "percent_covered_display": "60", "missing_lines": 2, "excluded_lines": 0}, "missing_lines": [357, 358], "excluded_lines": []}, "UserManagementCoverageTest.test_invitation_token_comprehensive": {"executed_lines": [363, 372, 373, 376, 385, 386, 389, 390, 391, 393], "summary": {"covered_lines": 10, "num_statements": 10, "percent_covered": 100.0, "percent_covered_display": "100", "missing_lines": 0, "excluded_lines": 0}, "missing_lines": [], "excluded_lines": []}, "UserManagementCoverageTest.test_user_permissions_comprehensive": {"executed_lines": [420, 430, 431, 432, 435, 443, 444, 445], "summary": {"covered_lines": 8, "num_statements": 8, "percent_covered": 100.0, "percent_covered_display": "100", "missing_lines": 0, "excluded_lines": 0}, "missing_lines": [], "excluded_lines": []}, "UserManagementCoverageTest.test_model_meta_and_ordering": {"executed_lines": [450, 451, 460, 461, 464, 465, 472, 473], "summary": {"covered_lines": 8, "num_statements": 8, "percent_covered": 100.0, "percent_covered_display": "100", "missing_lines": 0, "excluded_lines": 0}, "missing_lines": [], "excluded_lines": []}, "": {"executed_lines": [1, 4, 5, 6, 7, 8, 9, 10, 11, 14, 17, 18, 20, 38, 61, 77, 105, 126, 154, 171, 196, 211, 224, 259, 281, 303, 331, 360, 395, 417, 447], "summary": {"covered_lines": 29, "num_statements": 29, "percent_covered": 100.0, "percent_covered_display": "100", "missing_lines": 0, "excluded_lines": 0}, "missing_lines": [], "excluded_lines": []}}, "classes": {"UserManagementCoverageTest": {"executed_lines": [22, 29, 41, 64, 67, 68, 75, 80, 89, 92, 95, 102, 103, 108, 118, 119, 120, 121, 124, 129, 137, 146, 147, 150, 151, 152, 157, 165, 166, 167, 168, 169, 174, 175, 176, 182, 185, 186, 187, 194, 198, 200, 201, 209, 213, 215, 216, 222, 261, 264, 284, 295, 296, 297, 298, 301, 306, 307, 318, 319, 321, 323, 324, 326, 329, 334, 347, 348, 363, 372, 373, 376, 385, 386, 389, 390, 391, 393, 397, 400, 409, 410, 420, 430, 431, 432, 435, 443, 444, 445, 450, 451, 460, 461, 464, 465, 472, 473], "summary": {"covered_lines": 98, "num_statements": 117, "percent_covered": 83.76068376068376, "percent_covered_display": "84", "missing_lines": 19, "excluded_lines": 0}, "missing_lines": [44, 47, 50, 57, 58, 59, 227, 236, 237, 245, 251, 252, 273, 274, 275, 276, 279, 357, 358], "excluded_lines": []}, "": {"executed_lines": [1, 4, 5, 6, 7, 8, 9, 10, 11, 14, 17, 18, 20, 38, 61, 77, 105, 126, 154, 171, 196, 211, 224, 259, 281, 303, 331, 360, 395, 417, 447], "summary": {"covered_lines": 29, "num_statements": 29, "percent_covered": 100.0, "percent_covered_display": "100", "missing_lines": 0, "excluded_lines": 0}, "missing_lines": [], "excluded_lines": []}}}, "apps/user_management/urls.py": {"executed_lines": [1, 4, 5, 9, 13], "summary": {"covered_lines": 4, "num_statements": 4, "percent_covered": 100.0, "percent_covered_display": "100", "missing_lines": 0, "excluded_lines": 0}, "missing_lines": [], "excluded_lines": [], "functions": {"": {"executed_lines": [1, 4, 5, 9, 13], "summary": {"covered_lines": 4, "num_statements": 4, "percent_covered": 100.0, "percent_covered_display": "100", "missing_lines": 0, "excluded_lines": 0}, "missing_lines": [], "excluded_lines": []}}, "classes": {"": {"executed_lines": [1, 4, 5, 9, 13], "summary": {"covered_lines": 4, "num_statements": 4, "percent_covered": 100.0, "percent_covered_display": "100", "missing_lines": 0, "excluded_lines": 0}, "missing_lines": [], "excluded_lines": []}}}}, "totals": {"covered_lines": 1429, "num_statements": 3505, "percent_covered": 40.770328102710415, "percent_covered_display": "41", "missing_lines": 2076, "excluded_lines": 58}}