{"meta": {"format": 3, "version": "7.9.1", "timestamp": "2025-07-09T09:59:00.834180", "branch_coverage": false, "show_contexts": false}, "files": {"/mnt/c/Users/jadyn/Documents/University of Pretoria/2025/Capstone/core/__init__.py": {"executed_lines": [1], "summary": {"covered_lines": 0, "num_statements": 0, "percent_covered": 100.0, "percent_covered_display": "100", "missing_lines": 0, "excluded_lines": 0}, "missing_lines": [], "excluded_lines": [], "functions": {"": {"executed_lines": [], "summary": {"covered_lines": 0, "num_statements": 0, "percent_covered": 100.0, "percent_covered_display": "100", "missing_lines": 0, "excluded_lines": 0}, "missing_lines": [], "excluded_lines": []}}, "classes": {"": {"executed_lines": [], "summary": {"covered_lines": 0, "num_statements": 0, "percent_covered": 100.0, "percent_covered_display": "100", "missing_lines": 0, "excluded_lines": 0}, "missing_lines": [], "excluded_lines": []}}}, "/mnt/c/Users/jadyn/Documents/University of Pretoria/2025/Capstone/core/middleware/__init__.py": {"executed_lines": [1, 3], "summary": {"covered_lines": 2, "num_statements": 2, "percent_covered": 100.0, "percent_covered_display": "100", "missing_lines": 0, "excluded_lines": 0}, "missing_lines": [], "excluded_lines": [], "functions": {"": {"executed_lines": [1, 3], "summary": {"covered_lines": 2, "num_statements": 2, "percent_covered": 100.0, "percent_covered_display": "100", "missing_lines": 0, "excluded_lines": 0}, "missing_lines": [], "excluded_lines": []}}, "classes": {"": {"executed_lines": [1, 3], "summary": {"covered_lines": 2, "num_statements": 2, "percent_covered": 100.0, "percent_covered_display": "100", "missing_lines": 0, "excluded_lines": 0}, "missing_lines": [], "excluded_lines": []}}}, "/mnt/c/Users/jadyn/Documents/University of Pretoria/2025/Capstone/core/middleware/audit_middleware.py": {"executed_lines": [1, 2, 3, 4, 5, 6, 7, 9, 12, 13, 23, 24, 25, 28, 37, 46, 48, 51, 52, 53, 58, 61, 62, 65, 66, 69, 70, 71, 72, 73, 75, 77, 80, 81, 83, 84, 85, 86, 88, 90, 93, 94, 96, 97, 98, 99, 101, 103, 105, 106, 108, 110, 111, 113, 115, 117, 125, 134, 136, 139, 140, 141, 144, 147, 149, 160, 161, 163, 173, 175, 178, 179, 180, 182, 192, 202, 204, 205, 206, 209, 210, 211, 212, 213, 214, 215, 216, 217, 218, 219, 220, 221, 223, 224, 225, 226, 227, 228, 229, 230, 232, 233, 234, 235, 236, 238, 240, 242, 243, 244, 246, 247, 249, 251, 252, 255, 257, 258, 259, 260, 261, 263, 264, 266], "summary": {"covered_lines": 123, "num_statements": 125, "percent_covered": 98.4, "percent_covered_display": "98", "missing_lines": 2, "excluded_lines": 0}, "missing_lines": [54, 56], "excluded_lines": [], "functions": {"AuditMiddleware.__init__": {"executed_lines": [24, 25, 28, 37, 46], "summary": {"covered_lines": 5, "num_statements": 5, "percent_covered": 100.0, "percent_covered_display": "100", "missing_lines": 0, "excluded_lines": 0}, "missing_lines": [], "excluded_lines": []}, "AuditMiddleware.get_audit_service": {"executed_lines": [51, 52, 53], "summary": {"covered_lines": 3, "num_statements": 5, "percent_covered": 60.0, "percent_covered_display": "60", "missing_lines": 2, "excluded_lines": 0}, "missing_lines": [54, 56], "excluded_lines": []}, "AuditMiddleware.process_request": {"executed_lines": [61, 62, 65, 66, 69, 70, 71, 72, 73, 75], "summary": {"covered_lines": 10, "num_statements": 10, "percent_covered": 100.0, "percent_covered_display": "100", "missing_lines": 0, "excluded_lines": 0}, "missing_lines": [], "excluded_lines": []}, "AuditMiddleware.process_response": {"executed_lines": [80, 81, 83, 84, 85, 86, 88], "summary": {"covered_lines": 7, "num_statements": 7, "percent_covered": 100.0, "percent_covered_display": "100", "missing_lines": 0, "excluded_lines": 0}, "missing_lines": [], "excluded_lines": []}, "AuditMiddleware.process_exception": {"executed_lines": [93, 94, 96, 97, 98, 99, 101], "summary": {"covered_lines": 7, "num_statements": 7, "percent_covered": 100.0, "percent_covered_display": "100", "missing_lines": 0, "excluded_lines": 0}, "missing_lines": [], "excluded_lines": []}, "AuditMiddleware._should_audit_request": {"executed_lines": [105, 106], "summary": {"covered_lines": 2, "num_statements": 2, "percent_covered": 100.0, "percent_covered_display": "100", "missing_lines": 0, "excluded_lines": 0}, "missing_lines": [], "excluded_lines": []}, "AuditMiddleware._is_sensitive_endpoint": {"executed_lines": [110, 111], "summary": {"covered_lines": 2, "num_statements": 2, "percent_covered": 100.0, "percent_covered_display": "100", "missing_lines": 0, "excluded_lines": 0}, "missing_lines": [], "excluded_lines": []}, "AuditMiddleware._log_request_start": {"executed_lines": [115, 117, 125], "summary": {"covered_lines": 3, "num_statements": 3, "percent_covered": 100.0, "percent_covered_display": "100", "missing_lines": 0, "excluded_lines": 0}, "missing_lines": [], "excluded_lines": []}, "AuditMiddleware._log_request_complete": {"executed_lines": [136, 139, 140, 141, 144, 147, 149, 160, 161, 163], "summary": {"covered_lines": 10, "num_statements": 10, "percent_covered": 100.0, "percent_covered_display": "100", "missing_lines": 0, "excluded_lines": 0}, "missing_lines": [], "excluded_lines": []}, "AuditMiddleware._log_request_exception": {"executed_lines": [175, 178, 179, 180, 182, 192], "summary": {"covered_lines": 6, "num_statements": 6, "percent_covered": 100.0, "percent_covered_display": "100", "missing_lines": 0, "excluded_lines": 0}, "missing_lines": [], "excluded_lines": []}, "AuditMiddleware._get_action_from_request": {"executed_lines": [204, 205, 206, 209, 210, 211, 212, 213, 214, 215, 216, 217, 218, 219, 220, 221, 223, 224, 225, 226, 227, 228, 229, 230, 232, 233, 234, 235, 236, 238], "summary": {"covered_lines": 30, "num_statements": 30, "percent_covered": 100.0, "percent_covered_display": "100", "missing_lines": 0, "excluded_lines": 0}, "missing_lines": [], "excluded_lines": []}, "AuditMiddleware._get_client_ip": {"executed_lines": [242, 243, 244, 246, 247], "summary": {"covered_lines": 5, "num_statements": 5, "percent_covered": 100.0, "percent_covered_display": "100", "missing_lines": 0, "excluded_lines": 0}, "missing_lines": [], "excluded_lines": []}, "AuditMiddleware._sanitize_request_data": {"executed_lines": [251, 252, 255, 257, 258, 259, 260, 261, 263, 264, 266], "summary": {"covered_lines": 11, "num_statements": 11, "percent_covered": 100.0, "percent_covered_display": "100", "missing_lines": 0, "excluded_lines": 0}, "missing_lines": [], "excluded_lines": []}, "": {"executed_lines": [1, 2, 3, 4, 5, 6, 7, 9, 12, 13, 23, 48, 58, 77, 90, 103, 108, 113, 134, 173, 202, 240, 249], "summary": {"covered_lines": 22, "num_statements": 22, "percent_covered": 100.0, "percent_covered_display": "100", "missing_lines": 0, "excluded_lines": 0}, "missing_lines": [], "excluded_lines": []}}, "classes": {"AuditMiddleware": {"executed_lines": [24, 25, 28, 37, 46, 51, 52, 53, 61, 62, 65, 66, 69, 70, 71, 72, 73, 75, 80, 81, 83, 84, 85, 86, 88, 93, 94, 96, 97, 98, 99, 101, 105, 106, 110, 111, 115, 117, 125, 136, 139, 140, 141, 144, 147, 149, 160, 161, 163, 175, 178, 179, 180, 182, 192, 204, 205, 206, 209, 210, 211, 212, 213, 214, 215, 216, 217, 218, 219, 220, 221, 223, 224, 225, 226, 227, 228, 229, 230, 232, 233, 234, 235, 236, 238, 242, 243, 244, 246, 247, 251, 252, 255, 257, 258, 259, 260, 261, 263, 264, 266], "summary": {"covered_lines": 101, "num_statements": 103, "percent_covered": 98.05825242718447, "percent_covered_display": "98", "missing_lines": 2, "excluded_lines": 0}, "missing_lines": [54, 56], "excluded_lines": []}, "": {"executed_lines": [1, 2, 3, 4, 5, 6, 7, 9, 12, 13, 23, 48, 58, 77, 90, 103, 108, 113, 134, 173, 202, 240, 249], "summary": {"covered_lines": 22, "num_statements": 22, "percent_covered": 100.0, "percent_covered_display": "100", "missing_lines": 0, "excluded_lines": 0}, "missing_lines": [], "excluded_lines": []}}}, "/mnt/c/Users/jadyn/Documents/University of Pretoria/2025/Capstone/core/services/__init__.py": {"executed_lines": [1, 3], "summary": {"covered_lines": 2, "num_statements": 2, "percent_covered": 100.0, "percent_covered_display": "100", "missing_lines": 0, "excluded_lines": 0}, "missing_lines": [], "excluded_lines": [], "functions": {"": {"executed_lines": [1, 3], "summary": {"covered_lines": 2, "num_statements": 2, "percent_covered": 100.0, "percent_covered_display": "100", "missing_lines": 0, "excluded_lines": 0}, "missing_lines": [], "excluded_lines": []}}, "classes": {"": {"executed_lines": [1, 3], "summary": {"covered_lines": 2, "num_statements": 2, "percent_covered": 100.0, "percent_covered_display": "100", "missing_lines": 0, "excluded_lines": 0}, "missing_lines": [], "excluded_lines": []}}}, "/mnt/c/Users/jadyn/Documents/University of Pretoria/2025/Capstone/core/services/audit_service.py": {"executed_lines": [1, 2, 3, 4, 5, 6, 7, 9, 12, 13, 18, 19, 21, 23, 26, 44, 46, 47, 48, 101, 119, 121, 122, 123, 169, 187, 189, 198, 207, 216, 232, 233, 235, 236, 237, 239, 240, 241, 244, 247, 249, 264, 275, 276, 277, 278, 279, 281, 284, 292, 300, 305, 310, 325, 336, 337, 338, 339, 341, 344, 349, 354, 360, 361, 370, 376, 382, 384, 396, 408, 410, 416, 418, 419, 421, 423, 424, 426, 427, 428, 429, 430, 432, 435, 437, 443, 445, 446, 448, 450, 451, 453, 454, 455, 456, 457, 459, 462, 464, 470, 489, 512, 531, 533, 534, 538, 540, 541, 542, 543, 544, 547], "summary": {"covered_lines": 111, "num_statements": 198, "percent_covered": 56.06060606060606, "percent_covered_display": "56", "missing_lines": 87, "excluded_lines": 0}, "missing_lines": [50, 53, 54, 55, 58, 59, 61, 62, 63, 64, 65, 68, 69, 72, 73, 74, 75, 76, 77, 78, 80, 90, 95, 97, 98, 99, 125, 128, 129, 130, 133, 134, 136, 137, 138, 139, 140, 143, 144, 146, 158, 163, 165, 166, 167, 212, 213, 214, 260, 261, 262, 321, 322, 323, 362, 363, 364, 365, 367, 385, 397, 412, 413, 414, 425, 431, 433, 439, 440, 441, 452, 458, 460, 466, 467, 468, 472, 491, 514, 519, 524, 525, 526, 527, 529, 536, 545], "excluded_lines": [], "functions": {"AuditService.__init__": {"executed_lines": [19], "summary": {"covered_lines": 1, "num_statements": 1, "percent_covered": 100.0, "percent_covered_display": "100", "missing_lines": 0, "excluded_lines": 0}, "missing_lines": [], "excluded_lines": []}, "AuditService._is_test_environment": {"executed_lines": [23], "summary": {"covered_lines": 1, "num_statements": 1, "percent_covered": 100.0, "percent_covered_display": "100", "missing_lines": 0, "excluded_lines": 0}, "missing_lines": [], "excluded_lines": []}, "AuditService.log_user_event": {"executed_lines": [44, 46, 47, 48], "summary": {"covered_lines": 4, "num_statements": 30, "percent_covered": 13.333333333333334, "percent_covered_display": "13", "missing_lines": 26, "excluded_lines": 0}, "missing_lines": [50, 53, 54, 55, 58, 59, 61, 62, 63, 64, 65, 68, 69, 72, 73, 74, 75, 76, 77, 78, 80, 90, 95, 97, 98, 99], "excluded_lines": []}, "AuditService.log_trust_event": {"executed_lines": [119, 121, 122, 123], "summary": {"covered_lines": 4, "num_statements": 23, "percent_covered": 17.391304347826086, "percent_covered_display": "17", "missing_lines": 19, "excluded_lines": 0}, "missing_lines": [125, 128, 129, 130, 133, 134, 136, 137, 138, 139, 140, 143, 144, 146, 158, 163, 165, 166, 167], "excluded_lines": []}, "AuditService.log_combined_event": {"executed_lines": [187, 189, 198, 207], "summary": {"covered_lines": 4, "num_statements": 7, "percent_covered": 57.142857142857146, "percent_covered_display": "57", "missing_lines": 3, "excluded_lines": 0}, "missing_lines": [212, 213, 214], "excluded_lines": []}, "AuditService.get_audit_logs": {"executed_lines": [232, 233, 235, 236, 237, 239, 240, 241, 244, 247, 249], "summary": {"covered_lines": 11, "num_statements": 14, "percent_covered": 78.57142857142857, "percent_covered_display": "79", "missing_lines": 3, "excluded_lines": 0}, "missing_lines": [260, 261, 262], "excluded_lines": []}, "AuditService.get_user_activity_summary": {"executed_lines": [275, 276, 277, 278, 279, 281, 284, 292, 300, 305, 310], "summary": {"covered_lines": 11, "num_statements": 14, "percent_covered": 78.57142857142857, "percent_covered_display": "79", "missing_lines": 3, "excluded_lines": 0}, "missing_lines": [321, 322, 323], "excluded_lines": []}, "AuditService.get_security_events": {"executed_lines": [336, 337, 338, 339, 341, 344, 349, 354, 360, 361, 370, 376, 382, 384, 396, 408, 410], "summary": {"covered_lines": 17, "num_statements": 27, "percent_covered": 62.96296296296296, "percent_covered_display": "63", "missing_lines": 10, "excluded_lines": 0}, "missing_lines": [362, 363, 364, 365, 367, 385, 397, 412, 413, 414], "excluded_lines": []}, "AuditService._get_user_logs": {"executed_lines": [418, 419, 421, 423, 424, 426, 427, 428, 429, 430, 432, 435, 437], "summary": {"covered_lines": 13, "num_statements": 19, "percent_covered": 68.42105263157895, "percent_covered_display": "68", "missing_lines": 6, "excluded_lines": 0}, "missing_lines": [425, 431, 433, 439, 440, 441], "excluded_lines": []}, "AuditService._get_trust_logs": {"executed_lines": [445, 446, 448, 450, 451, 453, 454, 455, 456, 457, 459, 462, 464], "summary": {"covered_lines": 13, "num_statements": 19, "percent_covered": 68.42105263157895, "percent_covered_display": "68", "missing_lines": 6, "excluded_lines": 0}, "missing_lines": [452, 458, 460, 466, 467, 468], "excluded_lines": []}, "AuditService._format_user_log": {"executed_lines": [], "summary": {"covered_lines": 0, "num_statements": 1, "percent_covered": 0.0, "percent_covered_display": "0", "missing_lines": 1, "excluded_lines": 0}, "missing_lines": [472], "excluded_lines": []}, "AuditService._format_trust_log": {"executed_lines": [], "summary": {"covered_lines": 0, "num_statements": 1, "percent_covered": 0.0, "percent_covered_display": "0", "missing_lines": 1, "excluded_lines": 0}, "missing_lines": [491], "excluded_lines": []}, "AuditService._get_event_severity": {"executed_lines": [], "summary": {"covered_lines": 0, "num_statements": 7, "percent_covered": 0.0, "percent_covered_display": "0", "missing_lines": 7, "excluded_lines": 0}, "missing_lines": [514, 519, 524, 525, 526, 527, 529], "excluded_lines": []}, "AuditService._sanitize_data": {"executed_lines": [533, 534], "summary": {"covered_lines": 2, "num_statements": 3, "percent_covered": 66.66666666666667, "percent_covered_display": "67", "missing_lines": 1, "excluded_lines": 0}, "missing_lines": [536], "excluded_lines": []}, "AuditService._sanitize_value": {"executed_lines": [540, 541, 542, 543, 544, 547], "summary": {"covered_lines": 6, "num_statements": 7, "percent_covered": 85.71428571428571, "percent_covered_display": "86", "missing_lines": 1, "excluded_lines": 0}, "missing_lines": [545], "excluded_lines": []}, "": {"executed_lines": [1, 2, 3, 4, 5, 6, 7, 9, 12, 13, 18, 21, 26, 101, 169, 216, 264, 325, 416, 443, 470, 489, 512, 531, 538], "summary": {"covered_lines": 24, "num_statements": 24, "percent_covered": 100.0, "percent_covered_display": "100", "missing_lines": 0, "excluded_lines": 0}, "missing_lines": [], "excluded_lines": []}}, "classes": {"AuditService": {"executed_lines": [19, 23, 44, 46, 47, 48, 119, 121, 122, 123, 187, 189, 198, 207, 232, 233, 235, 236, 237, 239, 240, 241, 244, 247, 249, 275, 276, 277, 278, 279, 281, 284, 292, 300, 305, 310, 336, 337, 338, 339, 341, 344, 349, 354, 360, 361, 370, 376, 382, 384, 396, 408, 410, 418, 419, 421, 423, 424, 426, 427, 428, 429, 430, 432, 435, 437, 445, 446, 448, 450, 451, 453, 454, 455, 456, 457, 459, 462, 464, 533, 534, 540, 541, 542, 543, 544, 547], "summary": {"covered_lines": 87, "num_statements": 174, "percent_covered": 50.0, "percent_covered_display": "50", "missing_lines": 87, "excluded_lines": 0}, "missing_lines": [50, 53, 54, 55, 58, 59, 61, 62, 63, 64, 65, 68, 69, 72, 73, 74, 75, 76, 77, 78, 80, 90, 95, 97, 98, 99, 125, 128, 129, 130, 133, 134, 136, 137, 138, 139, 140, 143, 144, 146, 158, 163, 165, 166, 167, 212, 213, 214, 260, 261, 262, 321, 322, 323, 362, 363, 364, 365, 367, 385, 397, 412, 413, 414, 425, 431, 433, 439, 440, 441, 452, 458, 460, 466, 467, 468, 472, 491, 514, 519, 524, 525, 526, 527, 529, 536, 545], "excluded_lines": []}, "": {"executed_lines": [1, 2, 3, 4, 5, 6, 7, 9, 12, 13, 18, 21, 26, 101, 169, 216, 264, 325, 416, 443, 470, 489, 512, 531, 538], "summary": {"covered_lines": 24, "num_statements": 24, "percent_covered": 100.0, "percent_covered_display": "100", "missing_lines": 0, "excluded_lines": 0}, "missing_lines": [], "excluded_lines": []}}}, "/mnt/c/Users/jadyn/Documents/University of Pretoria/2025/Capstone/core/signals.py": {"executed_lines": [1, 2, 3, 4, 5, 6, 7, 8, 10, 13, 15, 17, 20, 29, 30, 32, 34, 35, 66, 67, 69, 71, 72, 95, 96, 98, 100, 101, 126, 127, 129, 131, 132, 156, 157, 159, 161, 162, 183, 184, 186, 188, 189], "summary": {"covered_lines": 43, "num_statements": 86, "percent_covered": 50.0, "percent_covered_display": "50", "missing_lines": 43, "excluded_lines": 0}, "missing_lines": [22, 23, 24, 25, 26, 27, 38, 39, 41, 44, 47, 49, 63, 64, 74, 77, 79, 80, 92, 93, 103, 106, 108, 109, 123, 124, 134, 137, 139, 140, 153, 154, 164, 165, 166, 168, 180, 181, 191, 192, 194, 207, 208], "excluded_lines": [], "functions": {"_is_test_environment": {"executed_lines": [17], "summary": {"covered_lines": 1, "num_statements": 1, "percent_covered": 100.0, "percent_covered_display": "100", "missing_lines": 0, "excluded_lines": 0}, "missing_lines": [], "excluded_lines": []}, "_get_client_ip": {"executed_lines": [], "summary": {"covered_lines": 0, "num_statements": 6, "percent_covered": 0.0, "percent_covered_display": "0", "missing_lines": 6, "excluded_lines": 0}, "missing_lines": [22, 23, 24, 25, 26, 27], "excluded_lines": []}, "log_user_changes": {"executed_lines": [32, 34, 35], "summary": {"covered_lines": 3, "num_statements": 11, "percent_covered": 27.272727272727273, "percent_covered_display": "27", "missing_lines": 8, "excluded_lines": 0}, "missing_lines": [38, 39, 41, 44, 47, 49, 63, 64], "excluded_lines": []}, "log_organization_changes": {"executed_lines": [69, 71, 72], "summary": {"covered_lines": 3, "num_statements": 9, "percent_covered": 33.333333333333336, "percent_covered_display": "33", "missing_lines": 6, "excluded_lines": 0}, "missing_lines": [74, 77, 79, 80, 92, 93], "excluded_lines": []}, "log_trust_relationship_changes": {"executed_lines": [98, 100, 101], "summary": {"covered_lines": 3, "num_statements": 9, "percent_covered": 33.333333333333336, "percent_covered_display": "33", "missing_lines": 6, "excluded_lines": 0}, "missing_lines": [103, 106, 108, 109, 123, 124], "excluded_lines": []}, "log_trust_group_changes": {"executed_lines": [129, 131, 132], "summary": {"covered_lines": 3, "num_statements": 9, "percent_covered": 33.333333333333336, "percent_covered_display": "33", "missing_lines": 6, "excluded_lines": 0}, "missing_lines": [134, 137, 139, 140, 153, 154], "excluded_lines": []}, "log_successful_login": {"executed_lines": [159, 161, 162], "summary": {"covered_lines": 3, "num_statements": 9, "percent_covered": 33.333333333333336, "percent_covered_display": "33", "missing_lines": 6, "excluded_lines": 0}, "missing_lines": [164, 165, 166, 168, 180, 181], "excluded_lines": []}, "log_failed_login": {"executed_lines": [186, 188, 189], "summary": {"covered_lines": 3, "num_statements": 8, "percent_covered": 37.5, "percent_covered_display": "38", "missing_lines": 5, "excluded_lines": 0}, "missing_lines": [191, 192, 194, 207, 208], "excluded_lines": []}, "": {"executed_lines": [1, 2, 3, 4, 5, 6, 7, 8, 10, 13, 15, 20, 29, 30, 66, 67, 95, 96, 126, 127, 156, 157, 183, 184], "summary": {"covered_lines": 24, "num_statements": 24, "percent_covered": 100.0, "percent_covered_display": "100", "missing_lines": 0, "excluded_lines": 0}, "missing_lines": [], "excluded_lines": []}}, "classes": {"": {"executed_lines": [1, 2, 3, 4, 5, 6, 7, 8, 10, 13, 15, 17, 20, 29, 30, 32, 34, 35, 66, 67, 69, 71, 72, 95, 96, 98, 100, 101, 126, 127, 129, 131, 132, 156, 157, 159, 161, 162, 183, 184, 186, 188, 189], "summary": {"covered_lines": 43, "num_statements": 86, "percent_covered": 50.0, "percent_covered_display": "50", "missing_lines": 43, "excluded_lines": 0}, "missing_lines": [22, 23, 24, 25, 26, 27, 38, 39, 41, 44, 47, 49, 63, 64, 74, 77, 79, 80, 92, 93, 103, 106, 108, 109, 123, 124, 134, 137, 139, 140, 153, 154, 164, 165, 166, 168, 180, 181, 191, 192, 194, 207, 208], "excluded_lines": []}}}, "/mnt/c/Users/jadyn/Documents/University of Pretoria/2025/Capstone/core/tests/__init__.py": {"executed_lines": [1, 7], "summary": {"covered_lines": 1, "num_statements": 1, "percent_covered": 100.0, "percent_covered_display": "100", "missing_lines": 0, "excluded_lines": 0}, "missing_lines": [], "excluded_lines": [], "functions": {"": {"executed_lines": [1, 7], "summary": {"covered_lines": 1, "num_statements": 1, "percent_covered": 100.0, "percent_covered_display": "100", "missing_lines": 0, "excluded_lines": 0}, "missing_lines": [], "excluded_lines": []}}, "classes": {"": {"executed_lines": [1, 7], "summary": {"covered_lines": 1, "num_statements": 1, "percent_covered": 100.0, "percent_covered_display": "100", "missing_lines": 0, "excluded_lines": 0}, "missing_lines": [], "excluded_lines": []}}}, "/mnt/c/Users/jadyn/Documents/University of Pretoria/2025/Capstone/core/tests/apps.py": {"executed_lines": [1, 4, 5, 6, 7], "summary": {"covered_lines": 5, "num_statements": 5, "percent_covered": 100.0, "percent_covered_display": "100", "missing_lines": 0, "excluded_lines": 0}, "missing_lines": [], "excluded_lines": [], "functions": {"": {"executed_lines": [1, 4, 5, 6, 7], "summary": {"covered_lines": 5, "num_statements": 5, "percent_covered": 100.0, "percent_covered_display": "100", "missing_lines": 0, "excluded_lines": 0}, "missing_lines": [], "excluded_lines": []}}, "classes": {"TestsConfig": {"executed_lines": [], "summary": {"covered_lines": 0, "num_statements": 0, "percent_covered": 100.0, "percent_covered_display": "100", "missing_lines": 0, "excluded_lines": 0}, "missing_lines": [], "excluded_lines": []}, "": {"executed_lines": [1, 4, 5, 6, 7], "summary": {"covered_lines": 5, "num_statements": 5, "percent_covered": 100.0, "percent_covered_display": "100", "missing_lines": 0, "excluded_lines": 0}, "missing_lines": [], "excluded_lines": []}}}, "/mnt/c/Users/jadyn/Documents/University of Pretoria/2025/Capstone/core/tests/factories.py": {"executed_lines": [1, 4, 5, 6, 7, 8, 9, 10, 11, 12, 14, 17, 18, 19, 21, 22, 23, 24, 25, 26, 27, 28, 29, 30, 31, 34, 35, 36, 38, 39, 40, 41, 42, 43, 44, 45, 48, 49, 50, 52, 53, 54, 56, 57, 58, 59, 62, 63, 64, 65, 67, 68, 69, 70, 71, 72, 73, 76, 77, 78, 80, 81, 82, 83, 84, 85, 86, 87, 88, 89, 90, 91, 94, 95, 96, 98, 99, 100, 101, 102, 103, 104, 107, 108, 109, 111, 112, 113, 114, 115, 116], "summary": {"covered_lines": 90, "num_statements": 91, "percent_covered": 98.9010989010989, "percent_covered_display": "99", "missing_lines": 1, "excluded_lines": 0}, "missing_lines": [55], "excluded_lines": [], "functions": {"CustomUserFactory.set_password": {"executed_lines": [54, 56, 57, 58, 59], "summary": {"covered_lines": 5, "num_statements": 6, "percent_covered": 83.33333333333333, "percent_covered_display": "83", "missing_lines": 1, "excluded_lines": 0}, "missing_lines": [55], "excluded_lines": []}, "": {"executed_lines": [1, 4, 5, 6, 7, 8, 9, 10, 11, 12, 14, 17, 18, 19, 21, 22, 23, 24, 25, 26, 27, 28, 29, 30, 31, 34, 35, 36, 38, 39, 40, 41, 42, 43, 44, 45, 48, 49, 50, 52, 53, 62, 63, 64, 65, 67, 68, 69, 70, 71, 72, 73, 76, 77, 78, 80, 81, 82, 83, 84, 85, 86, 87, 88, 89, 90, 91, 94, 95, 96, 98, 99, 100, 101, 102, 103, 104, 107, 108, 109, 111, 112, 113, 114, 115, 116], "summary": {"covered_lines": 85, "num_statements": 85, "percent_covered": 100.0, "percent_covered_display": "100", "missing_lines": 0, "excluded_lines": 0}, "missing_lines": [], "excluded_lines": []}}, "classes": {"OrganizationFactory": {"executed_lines": [], "summary": {"covered_lines": 0, "num_statements": 0, "percent_covered": 100.0, "percent_covered_display": "100", "missing_lines": 0, "excluded_lines": 0}, "missing_lines": [], "excluded_lines": []}, "OrganizationFactory.Meta": {"executed_lines": [], "summary": {"covered_lines": 0, "num_statements": 0, "percent_covered": 100.0, "percent_covered_display": "100", "missing_lines": 0, "excluded_lines": 0}, "missing_lines": [], "excluded_lines": []}, "CustomUserFactory": {"executed_lines": [54, 56, 57, 58, 59], "summary": {"covered_lines": 5, "num_statements": 6, "percent_covered": 83.33333333333333, "percent_covered_display": "83", "missing_lines": 1, "excluded_lines": 0}, "missing_lines": [55], "excluded_lines": []}, "CustomUserFactory.Meta": {"executed_lines": [], "summary": {"covered_lines": 0, "num_statements": 0, "percent_covered": 100.0, "percent_covered_display": "100", "missing_lines": 0, "excluded_lines": 0}, "missing_lines": [], "excluded_lines": []}, "TrustLevelFactory": {"executed_lines": [], "summary": {"covered_lines": 0, "num_statements": 0, "percent_covered": 100.0, "percent_covered_display": "100", "missing_lines": 0, "excluded_lines": 0}, "missing_lines": [], "excluded_lines": []}, "TrustLevelFactory.Meta": {"executed_lines": [], "summary": {"covered_lines": 0, "num_statements": 0, "percent_covered": 100.0, "percent_covered_display": "100", "missing_lines": 0, "excluded_lines": 0}, "missing_lines": [], "excluded_lines": []}, "TrustRelationshipFactory": {"executed_lines": [], "summary": {"covered_lines": 0, "num_statements": 0, "percent_covered": 100.0, "percent_covered_display": "100", "missing_lines": 0, "excluded_lines": 0}, "missing_lines": [], "excluded_lines": []}, "TrustRelationshipFactory.Meta": {"executed_lines": [], "summary": {"covered_lines": 0, "num_statements": 0, "percent_covered": 100.0, "percent_covered_display": "100", "missing_lines": 0, "excluded_lines": 0}, "missing_lines": [], "excluded_lines": []}, "TrustGroupFactory": {"executed_lines": [], "summary": {"covered_lines": 0, "num_statements": 0, "percent_covered": 100.0, "percent_covered_display": "100", "missing_lines": 0, "excluded_lines": 0}, "missing_lines": [], "excluded_lines": []}, "TrustGroupFactory.Meta": {"executed_lines": [], "summary": {"covered_lines": 0, "num_statements": 0, "percent_covered": 100.0, "percent_covered_display": "100", "missing_lines": 0, "excluded_lines": 0}, "missing_lines": [], "excluded_lines": []}, "TrustLogFactory": {"executed_lines": [], "summary": {"covered_lines": 0, "num_statements": 0, "percent_covered": 100.0, "percent_covered_display": "100", "missing_lines": 0, "excluded_lines": 0}, "missing_lines": [], "excluded_lines": []}, "TrustLogFactory.Meta": {"executed_lines": [], "summary": {"covered_lines": 0, "num_statements": 0, "percent_covered": 100.0, "percent_covered_display": "100", "missing_lines": 0, "excluded_lines": 0}, "missing_lines": [], "excluded_lines": []}, "": {"executed_lines": [1, 4, 5, 6, 7, 8, 9, 10, 11, 12, 14, 17, 18, 19, 21, 22, 23, 24, 25, 26, 27, 28, 29, 30, 31, 34, 35, 36, 38, 39, 40, 41, 42, 43, 44, 45, 48, 49, 50, 52, 53, 62, 63, 64, 65, 67, 68, 69, 70, 71, 72, 73, 76, 77, 78, 80, 81, 82, 83, 84, 85, 86, 87, 88, 89, 90, 91, 94, 95, 96, 98, 99, 100, 101, 102, 103, 104, 107, 108, 109, 111, 112, 113, 114, 115, 116], "summary": {"covered_lines": 85, "num_statements": 85, "percent_covered": 100.0, "percent_covered_display": "100", "missing_lines": 0, "excluded_lines": 0}, "missing_lines": [], "excluded_lines": []}}}, "/mnt/c/Users/jadyn/Documents/University of Pretoria/2025/Capstone/core/tests/test_audit_middleware_comprehensive.py": {"executed_lines": [1, 4, 5, 6, 7, 8, 10, 11, 14, 15, 17, 19, 20, 21, 24, 30, 37, 39, 40, 41, 42, 43, 45, 48, 56, 57, 58, 63, 65, 73, 74, 75, 80, 82, 91, 92, 93, 98, 100, 107, 108, 109, 114, 116, 117, 119, 120, 122, 124, 125, 127, 128, 130, 132, 134, 135, 137, 138, 140, 142, 151, 153, 154, 155, 156, 157, 158, 160, 162, 163, 164, 166, 168, 169, 171, 173, 174, 176, 177, 179, 181, 182, 184, 185, 187, 189, 190, 192, 193, 195, 197, 198, 200, 201, 203, 205, 213, 214, 215, 217, 218, 220, 222, 230, 231, 232, 234, 235, 237, 239, 240, 242, 243, 245, 247, 248, 250, 251, 253, 255, 256, 258, 259, 261, 262, 264, 266, 268, 269, 270, 272, 274, 276, 277, 279, 280, 281, 283, 285, 287, 289, 290, 292, 293, 295, 296, 298, 299, 301, 302, 303, 305, 306, 308, 309, 311, 313, 314, 316, 318, 319, 321, 322, 324, 325, 327, 328, 330, 331, 332, 334, 335, 337, 338, 339, 341, 342, 344, 345, 347, 349, 350, 352, 354, 355, 357, 358, 360, 361, 363, 364, 366, 367, 368, 370, 371, 373, 374, 375, 377, 379, 380, 381, 382, 384, 385, 387, 388, 390, 391, 392, 393, 394, 395, 396, 397, 399, 401, 402, 403, 405, 406, 408, 409, 411, 413, 415, 416, 417, 418, 420, 421, 423, 424, 426, 427, 428, 429, 430, 431, 433, 435, 436, 437, 439, 440, 442, 443, 445, 446, 448, 450, 451, 453, 455, 456, 458, 459, 461, 463, 465, 466, 467, 468, 470, 471, 473, 474, 476, 477, 478, 479, 480, 481, 482, 483, 485, 487, 488, 490, 492, 493, 495, 496, 498, 499, 502, 503, 505, 507, 508, 509, 512, 518, 525, 526, 528, 531, 533, 534, 535, 537, 538, 541, 544, 547, 549, 550, 552, 553, 555, 556, 557, 559, 562, 565, 568, 570], "summary": {"covered_lines": 315, "num_statements": 315, "percent_covered": 100.0, "percent_covered_display": "100", "missing_lines": 0, "excluded_lines": 0}, "missing_lines": [], "excluded_lines": [], "functions": {"AuditMiddlewareTest.setUp": {"executed_lines": [19, 20, 21, 24, 30], "summary": {"covered_lines": 5, "num_statements": 5, "percent_covered": 100.0, "percent_covered_display": "100", "missing_lines": 0, "excluded_lines": 0}, "missing_lines": [], "excluded_lines": []}, "AuditMiddlewareTest.test_middleware_initialization": {"executed_lines": [39, 40, 41, 42, 43], "summary": {"covered_lines": 5, "num_statements": 5, "percent_covered": 100.0, "percent_covered_display": "100", "missing_lines": 0, "excluded_lines": 0}, "missing_lines": [], "excluded_lines": []}, "AuditMiddlewareTest.test_should_audit_request_api_path": {"executed_lines": [48, 56, 57, 58], "summary": {"covered_lines": 4, "num_statements": 4, "percent_covered": 100.0, "percent_covered_display": "100", "missing_lines": 0, "excluded_lines": 0}, "missing_lines": [], "excluded_lines": []}, "AuditMiddlewareTest.test_should_audit_request_non_api_path": {"executed_lines": [65, 73, 74, 75], "summary": {"covered_lines": 4, "num_statements": 4, "percent_covered": 100.0, "percent_covered_display": "100", "missing_lines": 0, "excluded_lines": 0}, "missing_lines": [], "excluded_lines": []}, "AuditMiddlewareTest.test_is_sensitive_endpoint_true": {"executed_lines": [82, 91, 92, 93], "summary": {"covered_lines": 4, "num_statements": 4, "percent_covered": 100.0, "percent_covered_display": "100", "missing_lines": 0, "excluded_lines": 0}, "missing_lines": [], "excluded_lines": []}, "AuditMiddlewareTest.test_is_sensitive_endpoint_false": {"executed_lines": [100, 107, 108, 109], "summary": {"covered_lines": 4, "num_statements": 4, "percent_covered": 100.0, "percent_covered_display": "100", "missing_lines": 0, "excluded_lines": 0}, "missing_lines": [], "excluded_lines": []}, "AuditMiddlewareTest.test_get_client_ip_x_forwarded_for": {"executed_lines": [116, 117, 119, 120], "summary": {"covered_lines": 4, "num_statements": 4, "percent_covered": 100.0, "percent_covered_display": "100", "missing_lines": 0, "excluded_lines": 0}, "missing_lines": [], "excluded_lines": []}, "AuditMiddlewareTest.test_get_client_ip_remote_addr": {"executed_lines": [124, 125, 127, 128], "summary": {"covered_lines": 4, "num_statements": 4, "percent_covered": 100.0, "percent_covered_display": "100", "missing_lines": 0, "excluded_lines": 0}, "missing_lines": [], "excluded_lines": []}, "AuditMiddlewareTest.test_get_client_ip_default": {"executed_lines": [132, 134, 135, 137, 138], "summary": {"covered_lines": 5, "num_statements": 5, "percent_covered": 100.0, "percent_covered_display": "100", "missing_lines": 0, "excluded_lines": 0}, "missing_lines": [], "excluded_lines": []}, "AuditMiddlewareTest.test_sanitize_request_data_dict_with_sensitive_fields": {"executed_lines": [142, 151, 153, 154, 155, 156, 157, 158], "summary": {"covered_lines": 8, "num_statements": 8, "percent_covered": 100.0, "percent_covered_display": "100", "missing_lines": 0, "excluded_lines": 0}, "missing_lines": [], "excluded_lines": []}, "AuditMiddlewareTest.test_sanitize_request_data_non_dict": {"executed_lines": [162, 163, 164], "summary": {"covered_lines": 3, "num_statements": 3, "percent_covered": 100.0, "percent_covered_display": "100", "missing_lines": 0, "excluded_lines": 0}, "missing_lines": [], "excluded_lines": []}, "AuditMiddlewareTest.test_sanitize_request_data_none": {"executed_lines": [168, 169], "summary": {"covered_lines": 2, "num_statements": 2, "percent_covered": 100.0, "percent_covered_display": "100", "missing_lines": 0, "excluded_lines": 0}, "missing_lines": [], "excluded_lines": []}, "AuditMiddlewareTest.test_get_action_from_request_login_success": {"executed_lines": [173, 174, 176, 177], "summary": {"covered_lines": 4, "num_statements": 4, "percent_covered": 100.0, "percent_covered_display": "100", "missing_lines": 0, "excluded_lines": 0}, "missing_lines": [], "excluded_lines": []}, "AuditMiddlewareTest.test_get_action_from_request_login_failure": {"executed_lines": [181, 182, 184, 185], "summary": {"covered_lines": 4, "num_statements": 4, "percent_covered": 100.0, "percent_covered_display": "100", "missing_lines": 0, "excluded_lines": 0}, "missing_lines": [], "excluded_lines": []}, "AuditMiddlewareTest.test_get_action_from_request_logout": {"executed_lines": [189, 190, 192, 193], "summary": {"covered_lines": 4, "num_statements": 4, "percent_covered": 100.0, "percent_covered_display": "100", "missing_lines": 0, "excluded_lines": 0}, "missing_lines": [], "excluded_lines": []}, "AuditMiddlewareTest.test_get_action_from_request_password_change": {"executed_lines": [197, 198, 200, 201], "summary": {"covered_lines": 4, "num_statements": 4, "percent_covered": 100.0, "percent_covered_display": "100", "missing_lines": 0, "excluded_lines": 0}, "missing_lines": [], "excluded_lines": []}, "AuditMiddlewareTest.test_get_action_from_request_user_operations": {"executed_lines": [205, 213, 214, 215, 217, 218], "summary": {"covered_lines": 6, "num_statements": 6, "percent_covered": 100.0, "percent_covered_display": "100", "missing_lines": 0, "excluded_lines": 0}, "missing_lines": [], "excluded_lines": []}, "AuditMiddlewareTest.test_get_action_from_request_organization_operations": {"executed_lines": [222, 230, 231, 232, 234, 235], "summary": {"covered_lines": 6, "num_statements": 6, "percent_covered": 100.0, "percent_covered_display": "100", "missing_lines": 0, "excluded_lines": 0}, "missing_lines": [], "excluded_lines": []}, "AuditMiddlewareTest.test_get_action_from_request_admin_access": {"executed_lines": [239, 240, 242, 243], "summary": {"covered_lines": 4, "num_statements": 4, "percent_covered": 100.0, "percent_covered_display": "100", "missing_lines": 0, "excluded_lines": 0}, "missing_lines": [], "excluded_lines": []}, "AuditMiddlewareTest.test_get_action_from_request_trust_access": {"executed_lines": [247, 248, 250, 251], "summary": {"covered_lines": 4, "num_statements": 4, "percent_covered": 100.0, "percent_covered_display": "100", "missing_lines": 0, "excluded_lines": 0}, "missing_lines": [], "excluded_lines": []}, "AuditMiddlewareTest.test_get_action_from_request_generic_api": {"executed_lines": [255, 256, 258, 259], "summary": {"covered_lines": 4, "num_statements": 4, "percent_covered": 100.0, "percent_covered_display": "100", "missing_lines": 0, "excluded_lines": 0}, "missing_lines": [], "excluded_lines": []}, "AuditMiddlewareTest.test_process_request_sensitive_endpoint": {"executed_lines": [264, 266, 268, 269, 270], "summary": {"covered_lines": 5, "num_statements": 5, "percent_covered": 100.0, "percent_covered_display": "100", "missing_lines": 0, "excluded_lines": 0}, "missing_lines": [], "excluded_lines": []}, "AuditMiddlewareTest.test_process_request_non_sensitive_endpoint": {"executed_lines": [274, 276, 277, 279, 280, 281], "summary": {"covered_lines": 6, "num_statements": 6, "percent_covered": 100.0, "percent_covered_display": "100", "missing_lines": 0, "excluded_lines": 0}, "missing_lines": [], "excluded_lines": []}, "AuditMiddlewareTest.test_process_request_non_api_endpoint": {"executed_lines": [285, 287, 289, 290], "summary": {"covered_lines": 4, "num_statements": 4, "percent_covered": 100.0, "percent_covered_display": "100", "missing_lines": 0, "excluded_lines": 0}, "missing_lines": [], "excluded_lines": []}, "AuditMiddlewareTest.test_process_request_logging_exception": {"executed_lines": [295, 296, 298, 299, 301, 302, 303], "summary": {"covered_lines": 7, "num_statements": 7, "percent_covered": 100.0, "percent_covered_display": "100", "missing_lines": 0, "excluded_lines": 0}, "missing_lines": [], "excluded_lines": []}, "AuditMiddlewareTest.test_process_response_api_endpoint": {"executed_lines": [308, 309, 311, 313, 314], "summary": {"covered_lines": 5, "num_statements": 5, "percent_covered": 100.0, "percent_covered_display": "100", "missing_lines": 0, "excluded_lines": 0}, "missing_lines": [], "excluded_lines": []}, "AuditMiddlewareTest.test_process_response_non_api_endpoint": {"executed_lines": [318, 319, 321, 322, 324, 325], "summary": {"covered_lines": 6, "num_statements": 6, "percent_covered": 100.0, "percent_covered_display": "100", "missing_lines": 0, "excluded_lines": 0}, "missing_lines": [], "excluded_lines": []}, "AuditMiddlewareTest.test_process_response_logging_exception": {"executed_lines": [330, 331, 332, 334, 335, 337, 338, 339], "summary": {"covered_lines": 8, "num_statements": 8, "percent_covered": 100.0, "percent_covered_display": "100", "missing_lines": 0, "excluded_lines": 0}, "missing_lines": [], "excluded_lines": []}, "AuditMiddlewareTest.test_process_exception_api_endpoint": {"executed_lines": [344, 345, 347, 349, 350], "summary": {"covered_lines": 5, "num_statements": 5, "percent_covered": 100.0, "percent_covered_display": "100", "missing_lines": 0, "excluded_lines": 0}, "missing_lines": [], "excluded_lines": []}, "AuditMiddlewareTest.test_process_exception_non_api_endpoint": {"executed_lines": [354, 355, 357, 358, 360, 361], "summary": {"covered_lines": 6, "num_statements": 6, "percent_covered": 100.0, "percent_covered_display": "100", "missing_lines": 0, "excluded_lines": 0}, "missing_lines": [], "excluded_lines": []}, "AuditMiddlewareTest.test_process_exception_logging_exception": {"executed_lines": [366, 367, 368, 370, 371, 373, 374, 375], "summary": {"covered_lines": 8, "num_statements": 8, "percent_covered": 100.0, "percent_covered_display": "100", "missing_lines": 0, "excluded_lines": 0}, "missing_lines": [], "excluded_lines": []}, "AuditMiddlewareTest.test_log_request_start_authenticated_user": {"executed_lines": [379, 380, 381, 382, 384, 385, 387, 388, 390, 391, 392, 393, 394, 395, 396, 397], "summary": {"covered_lines": 16, "num_statements": 16, "percent_covered": 100.0, "percent_covered_display": "100", "missing_lines": 0, "excluded_lines": 0}, "missing_lines": [], "excluded_lines": []}, "AuditMiddlewareTest.test_log_request_start_anonymous_user": {"executed_lines": [401, 402, 403, 405, 406, 408, 409, 411], "summary": {"covered_lines": 8, "num_statements": 8, "percent_covered": 100.0, "percent_covered_display": "100", "missing_lines": 0, "excluded_lines": 0}, "missing_lines": [], "excluded_lines": []}, "AuditMiddlewareTest.test_log_request_complete_with_timing": {"executed_lines": [415, 416, 417, 418, 420, 421, 423, 424, 426, 427, 428, 429, 430, 431], "summary": {"covered_lines": 14, "num_statements": 14, "percent_covered": 100.0, "percent_covered_display": "100", "missing_lines": 0, "excluded_lines": 0}, "missing_lines": [], "excluded_lines": []}, "AuditMiddlewareTest.test_log_request_complete_error_status": {"executed_lines": [435, 436, 437, 439, 440, 442, 443, 445, 446], "summary": {"covered_lines": 9, "num_statements": 9, "percent_covered": 100.0, "percent_covered_display": "100", "missing_lines": 0, "excluded_lines": 0}, "missing_lines": [], "excluded_lines": []}, "AuditMiddlewareTest.test_log_request_complete_no_timing": {"executed_lines": [450, 451, 453, 455, 456, 458, 459, 461], "summary": {"covered_lines": 8, "num_statements": 8, "percent_covered": 100.0, "percent_covered_display": "100", "missing_lines": 0, "excluded_lines": 0}, "missing_lines": [], "excluded_lines": []}, "AuditMiddlewareTest.test_log_request_exception_with_timing": {"executed_lines": [465, 466, 467, 468, 470, 471, 473, 474, 476, 477, 478, 479, 480, 481, 482, 483], "summary": {"covered_lines": 16, "num_statements": 16, "percent_covered": 100.0, "percent_covered_display": "100", "missing_lines": 0, "excluded_lines": 0}, "missing_lines": [], "excluded_lines": []}, "AuditMiddlewareTest.test_log_request_exception_no_timing": {"executed_lines": [487, 488, 490, 492, 493, 495, 496, 498, 499], "summary": {"covered_lines": 9, "num_statements": 9, "percent_covered": 100.0, "percent_covered_display": "100", "missing_lines": 0, "excluded_lines": 0}, "missing_lines": [], "excluded_lines": []}, "AuditMiddlewareIntegrationTest.setUp": {"executed_lines": [507, 508, 509, 512, 518], "summary": {"covered_lines": 5, "num_statements": 5, "percent_covered": 100.0, "percent_covered_display": "100", "missing_lines": 0, "excluded_lines": 0}, "missing_lines": [], "excluded_lines": []}, "AuditMiddlewareIntegrationTest.test_complete_request_lifecycle_sensitive_endpoint": {"executed_lines": [528, 531, 533, 534, 535, 537, 538, 541, 544, 547], "summary": {"covered_lines": 10, "num_statements": 10, "percent_covered": 100.0, "percent_covered_display": "100", "missing_lines": 0, "excluded_lines": 0}, "missing_lines": [], "excluded_lines": []}, "AuditMiddlewareIntegrationTest.test_complete_request_lifecycle_with_exception": {"executed_lines": [552, 553, 555, 556, 557, 559, 562, 565, 568, 570], "summary": {"covered_lines": 10, "num_statements": 10, "percent_covered": 100.0, "percent_covered_display": "100", "missing_lines": 0, "excluded_lines": 0}, "missing_lines": [], "excluded_lines": []}, "": {"executed_lines": [1, 4, 5, 6, 7, 8, 10, 11, 14, 15, 17, 37, 45, 63, 80, 98, 114, 122, 130, 140, 160, 166, 171, 179, 187, 195, 203, 220, 237, 245, 253, 261, 262, 272, 283, 292, 293, 305, 306, 316, 327, 328, 341, 342, 352, 363, 364, 377, 399, 413, 433, 448, 463, 485, 502, 503, 505, 525, 526, 549, 550], "summary": {"covered_lines": 58, "num_statements": 58, "percent_covered": 100.0, "percent_covered_display": "100", "missing_lines": 0, "excluded_lines": 0}, "missing_lines": [], "excluded_lines": []}}, "classes": {"AuditMiddlewareTest": {"executed_lines": [19, 20, 21, 24, 30, 39, 40, 41, 42, 43, 48, 56, 57, 58, 65, 73, 74, 75, 82, 91, 92, 93, 100, 107, 108, 109, 116, 117, 119, 120, 124, 125, 127, 128, 132, 134, 135, 137, 138, 142, 151, 153, 154, 155, 156, 157, 158, 162, 163, 164, 168, 169, 173, 174, 176, 177, 181, 182, 184, 185, 189, 190, 192, 193, 197, 198, 200, 201, 205, 213, 214, 215, 217, 218, 222, 230, 231, 232, 234, 235, 239, 240, 242, 243, 247, 248, 250, 251, 255, 256, 258, 259, 264, 266, 268, 269, 270, 274, 276, 277, 279, 280, 281, 285, 287, 289, 290, 295, 296, 298, 299, 301, 302, 303, 308, 309, 311, 313, 314, 318, 319, 321, 322, 324, 325, 330, 331, 332, 334, 335, 337, 338, 339, 344, 345, 347, 349, 350, 354, 355, 357, 358, 360, 361, 366, 367, 368, 370, 371, 373, 374, 375, 379, 380, 381, 382, 384, 385, 387, 388, 390, 391, 392, 393, 394, 395, 396, 397, 401, 402, 403, 405, 406, 408, 409, 411, 415, 416, 417, 418, 420, 421, 423, 424, 426, 427, 428, 429, 430, 431, 435, 436, 437, 439, 440, 442, 443, 445, 446, 450, 451, 453, 455, 456, 458, 459, 461, 465, 466, 467, 468, 470, 471, 473, 474, 476, 477, 478, 479, 480, 481, 482, 483, 487, 488, 490, 492, 493, 495, 496, 498, 499], "summary": {"covered_lines": 232, "num_statements": 232, "percent_covered": 100.0, "percent_covered_display": "100", "missing_lines": 0, "excluded_lines": 0}, "missing_lines": [], "excluded_lines": []}, "AuditMiddlewareIntegrationTest": {"executed_lines": [507, 508, 509, 512, 518, 528, 531, 533, 534, 535, 537, 538, 541, 544, 547, 552, 553, 555, 556, 557, 559, 562, 565, 568, 570], "summary": {"covered_lines": 25, "num_statements": 25, "percent_covered": 100.0, "percent_covered_display": "100", "missing_lines": 0, "excluded_lines": 0}, "missing_lines": [], "excluded_lines": []}, "": {"executed_lines": [1, 4, 5, 6, 7, 8, 10, 11, 14, 15, 17, 37, 45, 63, 80, 98, 114, 122, 130, 140, 160, 166, 171, 179, 187, 195, 203, 220, 237, 245, 253, 261, 262, 272, 283, 292, 293, 305, 306, 316, 327, 328, 341, 342, 352, 363, 364, 377, 399, 413, 433, 448, 463, 485, 502, 503, 505, 525, 526, 549, 550], "summary": {"covered_lines": 58, "num_statements": 58, "percent_covered": 100.0, "percent_covered_display": "100", "missing_lines": 0, "excluded_lines": 0}, "missing_lines": [], "excluded_lines": []}}}, "/mnt/c/Users/jadyn/Documents/University of Pretoria/2025/Capstone/core/tests/test_comprehensive_coverage.py": {"executed_lines": [1, 7, 8, 9, 10, 11, 12, 13, 15, 19, 23, 26, 27, 29, 31, 39, 40, 43, 44, 45, 47, 48, 49, 51, 52, 53, 55, 57, 64, 65, 68, 72, 73, 74, 76, 78, 87, 88, 91, 92, 93, 96, 97, 98, 100, 102, 110, 119, 120, 123, 124, 125, 127, 128, 129, 131, 132, 133, 135, 137, 145, 154, 155, 158, 159, 160, 162, 163, 164, 166, 168, 178, 179, 182, 183, 184, 186, 187, 189, 190, 191, 194, 195, 197, 200, 208, 209, 210, 212, 215, 223, 224, 225, 227, 229, 231, 240, 248, 249, 251, 254, 261, 262, 265, 271, 277, 280, 281, 287, 290, 296, 297, 300, 301, 303, 306, 313, 315, 316, 317, 318, 319, 322, 328, 329, 330, 332, 335, 336, 339, 340, 342, 345, 346, 349, 350, 353, 359, 360, 362, 365, 377, 378, 380, 383, 391, 392, 394, 397, 406, 407, 410, 419, 420, 423, 424, 426, 428, 436, 439, 448, 449, 451, 453, 461, 470, 471, 477, 483, 484, 486, 488, 494, 501, 502, 503, 509, 517, 518, 519, 524, 525, 526, 531, 532, 533, 537, 539, 541, 544, 545, 552, 553, 556, 557, 558, 560, 562, 564, 567, 568, 571, 572, 574, 576, 577, 583, 584, 586, 589, 590, 595, 596, 598, 601, 602, 607, 608, 610, 612, 615, 617, 618, 623, 624, 626, 629, 630, 637, 638, 640, 642, 644, 652, 653, 654, 659, 660, 662], "summary": {"covered_lines": 231, "num_statements": 249, "percent_covered": 92.7710843373494, "percent_covered_display": "93", "missing_lines": 18, "excluded_lines": 0}, "missing_lines": [69, 70, 282, 285, 354, 356, 478, 480, 504, 506, 520, 521, 527, 528, 534, 535, 578, 580], "excluded_lines": [], "functions": {"ModelMethodCoverageTest.test_custom_user_methods": {"executed_lines": [31, 39, 40, 43, 44, 45, 47, 48, 49, 51, 52, 53], "summary": {"covered_lines": 12, "num_statements": 12, "percent_covered": 100.0, "percent_covered_display": "100", "missing_lines": 0, "excluded_lines": 0}, "missing_lines": [], "excluded_lines": []}, "ModelMethodCoverageTest.test_organization_methods": {"executed_lines": [57, 64, 65, 68, 72, 73, 74], "summary": {"covered_lines": 7, "num_statements": 9, "percent_covered": 77.77777777777777, "percent_covered_display": "78", "missing_lines": 2, "excluded_lines": 0}, "missing_lines": [69, 70], "excluded_lines": []}, "ModelMethodCoverageTest.test_trust_level_methods": {"executed_lines": [78, 87, 88, 91, 92, 93, 96, 97, 98], "summary": {"covered_lines": 9, "num_statements": 9, "percent_covered": 100.0, "percent_covered_display": "100", "missing_lines": 0, "excluded_lines": 0}, "missing_lines": [], "excluded_lines": []}, "ModelMethodCoverageTest.test_trust_relationship_methods": {"executed_lines": [102, 110, 119, 120, 123, 124, 125, 127, 128, 129, 131, 132, 133], "summary": {"covered_lines": 13, "num_statements": 13, "percent_covered": 100.0, "percent_covered_display": "100", "missing_lines": 0, "excluded_lines": 0}, "missing_lines": [], "excluded_lines": []}, "ModelMethodCoverageTest.test_trust_group_methods": {"executed_lines": [137, 145, 154, 155, 158, 159, 160, 162, 163, 164], "summary": {"covered_lines": 10, "num_statements": 10, "percent_covered": 100.0, "percent_covered_display": "100", "missing_lines": 0, "excluded_lines": 0}, "missing_lines": [], "excluded_lines": []}, "ModelMethodCoverageTest.test_trust_log_methods": {"executed_lines": [168, 178, 179, 182, 183, 184, 186, 187, 189, 190, 191], "summary": {"covered_lines": 11, "num_statements": 11, "percent_covered": 100.0, "percent_covered_display": "100", "missing_lines": 0, "excluded_lines": 0}, "missing_lines": [], "excluded_lines": []}, "ModelValidationCoverageTest.test_trust_level_validation": {"executed_lines": [200, 208, 209, 210, 212, 215, 223, 224, 225, 227], "summary": {"covered_lines": 10, "num_statements": 10, "percent_covered": 100.0, "percent_covered_display": "100", "missing_lines": 0, "excluded_lines": 0}, "missing_lines": [], "excluded_lines": []}, "ModelValidationCoverageTest.test_trust_relationship_validation": {"executed_lines": [231, 240, 248, 249], "summary": {"covered_lines": 4, "num_statements": 4, "percent_covered": 100.0, "percent_covered_display": "100", "missing_lines": 0, "excluded_lines": 0}, "missing_lines": [], "excluded_lines": []}, "ModelValidationCoverageTest.test_custom_user_validation": {"executed_lines": [254, 261, 262, 265, 271, 277, 280, 281], "summary": {"covered_lines": 8, "num_statements": 10, "percent_covered": 80.0, "percent_covered_display": "80", "missing_lines": 2, "excluded_lines": 0}, "missing_lines": [282, 285], "excluded_lines": []}, "ModelValidationCoverageTest.test_organization_validation": {"executed_lines": [290, 296, 297], "summary": {"covered_lines": 3, "num_statements": 3, "percent_covered": 100.0, "percent_covered_display": "100", "missing_lines": 0, "excluded_lines": 0}, "missing_lines": [], "excluded_lines": []}, "ModelManagerCoverageTest.test_custom_user_manager": {"executed_lines": [306, 313, 315, 316, 317, 318, 319, 322, 328, 329, 330], "summary": {"covered_lines": 11, "num_statements": 11, "percent_covered": 100.0, "percent_covered_display": "100", "missing_lines": 0, "excluded_lines": 0}, "missing_lines": [], "excluded_lines": []}, "ModelManagerCoverageTest.test_trust_level_manager": {"executed_lines": [335, 336, 339, 340], "summary": {"covered_lines": 4, "num_statements": 4, "percent_covered": 100.0, "percent_covered_display": "100", "missing_lines": 0, "excluded_lines": 0}, "missing_lines": [], "excluded_lines": []}, "ModelManagerCoverageTest.test_trust_relationship_manager": {"executed_lines": [345, 346, 349, 350, 353], "summary": {"covered_lines": 5, "num_statements": 7, "percent_covered": 71.42857142857143, "percent_covered_display": "71", "missing_lines": 2, "excluded_lines": 0}, "missing_lines": [354, 356], "excluded_lines": []}, "ModelPropertyCoverageTest.test_trust_relationship_properties": {"executed_lines": [365, 377, 378, 380, 383, 391, 392], "summary": {"covered_lines": 7, "num_statements": 7, "percent_covered": 100.0, "percent_covered_display": "100", "missing_lines": 0, "excluded_lines": 0}, "missing_lines": [], "excluded_lines": []}, "ModelPropertyCoverageTest.test_trust_level_properties": {"executed_lines": [397, 406, 407, 410, 419, 420], "summary": {"covered_lines": 6, "num_statements": 6, "percent_covered": 100.0, "percent_covered_display": "100", "missing_lines": 0, "excluded_lines": 0}, "missing_lines": [], "excluded_lines": []}, "SignalCoverageTest.test_trust_relationship_signals": {"executed_lines": [428, 436, 439, 448, 449], "summary": {"covered_lines": 5, "num_statements": 5, "percent_covered": 100.0, "percent_covered_display": "100", "missing_lines": 0, "excluded_lines": 0}, "missing_lines": [], "excluded_lines": []}, "SignalCoverageTest.test_trust_group_membership_signals": {"executed_lines": [453, 461, 470, 471, 477], "summary": {"covered_lines": 5, "num_statements": 7, "percent_covered": 71.42857142857143, "percent_covered_display": "71", "missing_lines": 2, "excluded_lines": 0}, "missing_lines": [478, 480], "excluded_lines": []}, "UtilityFunctionCoverageTest.test_validation_utilities": {"executed_lines": [488, 494, 501, 502, 503, 509, 517, 518, 519, 524, 525, 526, 531, 532, 533], "summary": {"covered_lines": 15, "num_statements": 23, "percent_covered": 65.21739130434783, "percent_covered_display": "65", "missing_lines": 8, "excluded_lines": 0}, "missing_lines": [504, 506, 520, 521, 527, 528, 534, 535], "excluded_lines": []}, "UtilityFunctionCoverageTest.test_service_utilities": {"executed_lines": [539, 541, 544, 545, 552, 553, 556, 557, 558], "summary": {"covered_lines": 9, "num_statements": 9, "percent_covered": 100.0, "percent_covered_display": "100", "missing_lines": 0, "excluded_lines": 0}, "missing_lines": [], "excluded_lines": []}, "UtilityFunctionCoverageTest.test_pattern_utilities": {"executed_lines": [562, 564, 567, 568, 571, 572, 574, 576, 577], "summary": {"covered_lines": 9, "num_statements": 11, "percent_covered": 81.81818181818181, "percent_covered_display": "82", "missing_lines": 2, "excluded_lines": 0}, "missing_lines": [578, 580], "excluded_lines": []}, "EdgeCaseCoverageTest.test_empty_and_null_values": {"executed_lines": [589, 590, 595, 596, 598, 601, 602, 607, 608, 610], "summary": {"covered_lines": 10, "num_statements": 10, "percent_covered": 100.0, "percent_covered_display": "100", "missing_lines": 0, "excluded_lines": 0}, "missing_lines": [], "excluded_lines": []}, "EdgeCaseCoverageTest.test_extreme_values": {"executed_lines": [615, 617, 618, 623, 624, 626, 629, 630, 637, 638, 640], "summary": {"covered_lines": 11, "num_statements": 11, "percent_covered": 100.0, "percent_covered_display": "100", "missing_lines": 0, "excluded_lines": 0}, "missing_lines": [], "excluded_lines": []}, "EdgeCaseCoverageTest.test_unicode_and_special_characters": {"executed_lines": [644, 652, 653, 654, 659, 660, 662], "summary": {"covered_lines": 7, "num_statements": 7, "percent_covered": 100.0, "percent_covered_display": "100", "missing_lines": 0, "excluded_lines": 0}, "missing_lines": [], "excluded_lines": []}, "": {"executed_lines": [1, 7, 8, 9, 10, 11, 12, 13, 15, 19, 23, 26, 27, 29, 55, 76, 100, 135, 166, 194, 195, 197, 229, 251, 287, 300, 301, 303, 332, 342, 359, 360, 362, 394, 423, 424, 426, 451, 483, 484, 486, 537, 560, 583, 584, 586, 612, 642], "summary": {"covered_lines": 40, "num_statements": 40, "percent_covered": 100.0, "percent_covered_display": "100", "missing_lines": 0, "excluded_lines": 0}, "missing_lines": [], "excluded_lines": []}}, "classes": {"ModelMethodCoverageTest": {"executed_lines": [31, 39, 40, 43, 44, 45, 47, 48, 49, 51, 52, 53, 57, 64, 65, 68, 72, 73, 74, 78, 87, 88, 91, 92, 93, 96, 97, 98, 102, 110, 119, 120, 123, 124, 125, 127, 128, 129, 131, 132, 133, 137, 145, 154, 155, 158, 159, 160, 162, 163, 164, 168, 178, 179, 182, 183, 184, 186, 187, 189, 190, 191], "summary": {"covered_lines": 62, "num_statements": 64, "percent_covered": 96.875, "percent_covered_display": "97", "missing_lines": 2, "excluded_lines": 0}, "missing_lines": [69, 70], "excluded_lines": []}, "ModelValidationCoverageTest": {"executed_lines": [200, 208, 209, 210, 212, 215, 223, 224, 225, 227, 231, 240, 248, 249, 254, 261, 262, 265, 271, 277, 280, 281, 290, 296, 297], "summary": {"covered_lines": 25, "num_statements": 27, "percent_covered": 92.5925925925926, "percent_covered_display": "93", "missing_lines": 2, "excluded_lines": 0}, "missing_lines": [282, 285], "excluded_lines": []}, "ModelManagerCoverageTest": {"executed_lines": [306, 313, 315, 316, 317, 318, 319, 322, 328, 329, 330, 335, 336, 339, 340, 345, 346, 349, 350, 353], "summary": {"covered_lines": 20, "num_statements": 22, "percent_covered": 90.9090909090909, "percent_covered_display": "91", "missing_lines": 2, "excluded_lines": 0}, "missing_lines": [354, 356], "excluded_lines": []}, "ModelPropertyCoverageTest": {"executed_lines": [365, 377, 378, 380, 383, 391, 392, 397, 406, 407, 410, 419, 420], "summary": {"covered_lines": 13, "num_statements": 13, "percent_covered": 100.0, "percent_covered_display": "100", "missing_lines": 0, "excluded_lines": 0}, "missing_lines": [], "excluded_lines": []}, "SignalCoverageTest": {"executed_lines": [428, 436, 439, 448, 449, 453, 461, 470, 471, 477], "summary": {"covered_lines": 10, "num_statements": 12, "percent_covered": 83.33333333333333, "percent_covered_display": "83", "missing_lines": 2, "excluded_lines": 0}, "missing_lines": [478, 480], "excluded_lines": []}, "UtilityFunctionCoverageTest": {"executed_lines": [488, 494, 501, 502, 503, 509, 517, 518, 519, 524, 525, 526, 531, 532, 533, 539, 541, 544, 545, 552, 553, 556, 557, 558, 562, 564, 567, 568, 571, 572, 574, 576, 577], "summary": {"covered_lines": 33, "num_statements": 43, "percent_covered": 76.74418604651163, "percent_covered_display": "77", "missing_lines": 10, "excluded_lines": 0}, "missing_lines": [504, 506, 520, 521, 527, 528, 534, 535, 578, 580], "excluded_lines": []}, "EdgeCaseCoverageTest": {"executed_lines": [589, 590, 595, 596, 598, 601, 602, 607, 608, 610, 615, 617, 618, 623, 624, 626, 629, 630, 637, 638, 640, 644, 652, 653, 654, 659, 660, 662], "summary": {"covered_lines": 28, "num_statements": 28, "percent_covered": 100.0, "percent_covered_display": "100", "missing_lines": 0, "excluded_lines": 0}, "missing_lines": [], "excluded_lines": []}, "": {"executed_lines": [1, 7, 8, 9, 10, 11, 12, 13, 15, 19, 23, 26, 27, 29, 55, 76, 100, 135, 166, 194, 195, 197, 229, 251, 287, 300, 301, 303, 332, 342, 359, 360, 362, 394, 423, 424, 426, 451, 483, 484, 486, 537, 560, 583, 584, 586, 612, 642], "summary": {"covered_lines": 40, "num_statements": 40, "percent_covered": 100.0, "percent_covered_display": "100", "missing_lines": 0, "excluded_lines": 0}, "missing_lines": [], "excluded_lines": []}}}, "/mnt/c/Users/jadyn/Documents/University of Pretoria/2025/Capstone/core/tests/test_factories_comprehensive.py": {"executed_lines": [1, 4, 5, 6, 7, 8, 9, 11, 19, 23, 25, 28, 29, 31, 33, 35, 36, 37, 38, 39, 40, 42, 44, 45, 47, 48, 49, 51, 53, 55, 56, 57, 60, 61, 63, 65, 67, 71, 73, 75, 76, 78, 84, 85, 86, 87, 90, 91, 93, 95, 97, 98, 99, 100, 101, 102, 103, 104, 105, 107, 109, 110, 112, 113, 115, 117, 118, 120, 121, 123, 125, 126, 128, 134, 135, 136, 138, 140, 142, 143, 144, 147, 148, 150, 152, 154, 155, 156, 157, 158, 159, 160, 161, 162, 163, 165, 167, 169, 170, 171, 173, 175, 176, 177, 179, 186, 187, 188, 189, 191, 193, 194, 196, 199, 200, 202, 204, 206, 207, 208, 209, 210, 211, 212, 213, 214, 215, 216, 217, 220, 223, 225, 227, 228, 229, 231, 237, 238, 239, 241, 243, 244, 246, 253, 254, 255, 256, 258, 260, 262, 263, 264, 267, 268, 270, 272, 274, 275, 276, 277, 278, 279, 280, 281, 283, 285, 286, 288, 295, 296, 297, 298, 300, 302, 303, 305, 307, 309, 311, 312, 313, 323, 324, 326, 328, 330, 331, 332, 333, 334, 335, 337, 339, 340, 342, 348, 349, 350, 352, 354, 356, 360, 362, 364, 366, 367, 368, 371, 372, 374, 377, 378, 379, 380, 383, 384, 393, 399, 404, 405, 406, 407, 408, 410, 413, 419, 421, 422, 423, 425, 428, 429, 430, 433, 434, 436, 437, 439, 440, 442, 445, 446, 447, 450, 451, 452, 455, 456, 457, 458, 462, 464, 467, 468, 469, 470, 473, 474, 475, 476, 477, 480, 481], "summary": {"covered_lines": 255, "num_statements": 257, "percent_covered": 99.22178988326849, "percent_covered_display": "99", "missing_lines": 2, "excluded_lines": 0}, "missing_lines": [459, 460], "excluded_lines": [], "functions": {"OrganizationFactoryTest.test_create_single_organization": {"executed_lines": [33, 35, 36, 37, 38, 39, 40], "summary": {"covered_lines": 7, "num_statements": 7, "percent_covered": 100.0, "percent_covered_display": "100", "missing_lines": 0, "excluded_lines": 0}, "missing_lines": [], "excluded_lines": []}, "OrganizationFactoryTest.test_create_multiple_organizations": {"executed_lines": [44, 45, 47, 48, 49], "summary": {"covered_lines": 5, "num_statements": 5, "percent_covered": 100.0, "percent_covered_display": "100", "missing_lines": 0, "excluded_lines": 0}, "missing_lines": [], "excluded_lines": []}, "OrganizationFactoryTest.test_create_organization_batch": {"executed_lines": [53, 55, 56, 57, 60, 61], "summary": {"covered_lines": 6, "num_statements": 6, "percent_covered": 100.0, "percent_covered_display": "100", "missing_lines": 0, "excluded_lines": 0}, "missing_lines": [], "excluded_lines": []}, "OrganizationFactoryTest.test_organization_build_without_save": {"executed_lines": [65, 67, 71], "summary": {"covered_lines": 3, "num_statements": 3, "percent_covered": 100.0, "percent_covered_display": "100", "missing_lines": 0, "excluded_lines": 0}, "missing_lines": [], "excluded_lines": []}, "OrganizationFactoryTest.test_organization_custom_attributes": {"executed_lines": [75, 76, 78, 84, 85, 86, 87], "summary": {"covered_lines": 7, "num_statements": 7, "percent_covered": 100.0, "percent_covered_display": "100", "missing_lines": 0, "excluded_lines": 0}, "missing_lines": [], "excluded_lines": []}, "UserFactoryTest.test_create_single_user": {"executed_lines": [95, 97, 98, 99, 100, 101, 102, 103, 104, 105], "summary": {"covered_lines": 10, "num_statements": 10, "percent_covered": 100.0, "percent_covered_display": "100", "missing_lines": 0, "excluded_lines": 0}, "missing_lines": [], "excluded_lines": []}, "UserFactoryTest.test_create_multiple_users": {"executed_lines": [109, 110, 112, 113], "summary": {"covered_lines": 4, "num_statements": 4, "percent_covered": 100.0, "percent_covered_display": "100", "missing_lines": 0, "excluded_lines": 0}, "missing_lines": [], "excluded_lines": []}, "UserFactoryTest.test_user_with_existing_organization": {"executed_lines": [117, 118, 120, 121], "summary": {"covered_lines": 4, "num_statements": 4, "percent_covered": 100.0, "percent_covered_display": "100", "missing_lines": 0, "excluded_lines": 0}, "missing_lines": [], "excluded_lines": []}, "UserFactoryTest.test_user_custom_attributes": {"executed_lines": [125, 126, 128, 134, 135, 136], "summary": {"covered_lines": 6, "num_statements": 6, "percent_covered": 100.0, "percent_covered_display": "100", "missing_lines": 0, "excluded_lines": 0}, "missing_lines": [], "excluded_lines": []}, "UserFactoryTest.test_user_batch_creation": {"executed_lines": [140, 142, 143, 144], "summary": {"covered_lines": 4, "num_statements": 4, "percent_covered": 100.0, "percent_covered_display": "100", "missing_lines": 0, "excluded_lines": 0}, "missing_lines": [], "excluded_lines": []}, "TrustLevelFactoryTest.test_create_single_trust_level": {"executed_lines": [152, 154, 155, 156, 157, 158, 159, 160, 161, 162, 163], "summary": {"covered_lines": 11, "num_statements": 11, "percent_covered": 100.0, "percent_covered_display": "100", "missing_lines": 0, "excluded_lines": 0}, "missing_lines": [], "excluded_lines": []}, "TrustLevelFactoryTest.test_trust_level_batch_creation": {"executed_lines": [167, 169, 170, 171], "summary": {"covered_lines": 4, "num_statements": 4, "percent_covered": 100.0, "percent_covered_display": "100", "missing_lines": 0, "excluded_lines": 0}, "missing_lines": [], "excluded_lines": []}, "TrustLevelFactoryTest.test_trust_level_custom_attributes": {"executed_lines": [175, 176, 177, 179, 186, 187, 188, 189], "summary": {"covered_lines": 8, "num_statements": 8, "percent_covered": 100.0, "percent_covered_display": "100", "missing_lines": 0, "excluded_lines": 0}, "missing_lines": [], "excluded_lines": []}, "TrustLevelFactoryTest.test_trust_level_with_custom_user": {"executed_lines": [193, 194, 196], "summary": {"covered_lines": 3, "num_statements": 3, "percent_covered": 100.0, "percent_covered_display": "100", "missing_lines": 0, "excluded_lines": 0}, "missing_lines": [], "excluded_lines": []}, "TrustRelationshipFactoryTest.test_create_single_trust_relationship": {"executed_lines": [204, 206, 207, 208, 209, 210, 211, 212, 213, 214, 215, 216, 217, 220, 223], "summary": {"covered_lines": 15, "num_statements": 15, "percent_covered": 100.0, "percent_covered_display": "100", "missing_lines": 0, "excluded_lines": 0}, "missing_lines": [], "excluded_lines": []}, "TrustRelationshipFactoryTest.test_trust_relationship_with_existing_organizations": {"executed_lines": [227, 228, 229, 231, 237, 238, 239], "summary": {"covered_lines": 7, "num_statements": 7, "percent_covered": 100.0, "percent_covered_display": "100", "missing_lines": 0, "excluded_lines": 0}, "missing_lines": [], "excluded_lines": []}, "TrustRelationshipFactoryTest.test_trust_relationship_custom_attributes": {"executed_lines": [243, 244, 246, 253, 254, 255, 256], "summary": {"covered_lines": 7, "num_statements": 7, "percent_covered": 100.0, "percent_covered_display": "100", "missing_lines": 0, "excluded_lines": 0}, "missing_lines": [], "excluded_lines": []}, "TrustRelationshipFactoryTest.test_trust_relationship_batch_creation": {"executed_lines": [260, 262, 263, 264], "summary": {"covered_lines": 4, "num_statements": 4, "percent_covered": 100.0, "percent_covered_display": "100", "missing_lines": 0, "excluded_lines": 0}, "missing_lines": [], "excluded_lines": []}, "TrustGroupFactoryTest.test_create_single_trust_group": {"executed_lines": [272, 274, 275, 276, 277, 278, 279, 280, 281], "summary": {"covered_lines": 9, "num_statements": 9, "percent_covered": 100.0, "percent_covered_display": "100", "missing_lines": 0, "excluded_lines": 0}, "missing_lines": [], "excluded_lines": []}, "TrustGroupFactoryTest.test_trust_group_custom_attributes": {"executed_lines": [285, 286, 288, 295, 296, 297, 298], "summary": {"covered_lines": 7, "num_statements": 7, "percent_covered": 100.0, "percent_covered_display": "100", "missing_lines": 0, "excluded_lines": 0}, "missing_lines": [], "excluded_lines": []}, "TrustGroupFactoryTest.test_trust_group_with_existing_trust_level": {"executed_lines": [302, 303, 305], "summary": {"covered_lines": 3, "num_statements": 3, "percent_covered": 100.0, "percent_covered_display": "100", "missing_lines": 0, "excluded_lines": 0}, "missing_lines": [], "excluded_lines": []}, "TrustGroupFactoryTest.test_trust_group_batch_creation": {"executed_lines": [309, 311, 312, 313], "summary": {"covered_lines": 4, "num_statements": 4, "percent_covered": 100.0, "percent_covered_display": "100", "missing_lines": 0, "excluded_lines": 0}, "missing_lines": [], "excluded_lines": []}, "TrustLogFactoryTest.test_create_single_trust_log": {"executed_lines": [328, 330, 331, 332, 333, 334, 335], "summary": {"covered_lines": 7, "num_statements": 7, "percent_covered": 100.0, "percent_covered_display": "100", "missing_lines": 0, "excluded_lines": 0}, "missing_lines": [], "excluded_lines": []}, "TrustLogFactoryTest.test_trust_log_custom_attributes": {"executed_lines": [339, 340, 342, 348, 349, 350], "summary": {"covered_lines": 6, "num_statements": 6, "percent_covered": 100.0, "percent_covered_display": "100", "missing_lines": 0, "excluded_lines": 0}, "missing_lines": [], "excluded_lines": []}, "TrustLogFactoryTest.test_trust_log_with_existing_entities": {"executed_lines": [354, 356, 360], "summary": {"covered_lines": 3, "num_statements": 3, "percent_covered": 100.0, "percent_covered_display": "100", "missing_lines": 0, "excluded_lines": 0}, "missing_lines": [], "excluded_lines": []}, "TrustLogFactoryTest.test_trust_log_batch_creation": {"executed_lines": [364, 366, 367, 368], "summary": {"covered_lines": 4, "num_statements": 4, "percent_covered": 100.0, "percent_covered_display": "100", "missing_lines": 0, "excluded_lines": 0}, "missing_lines": [], "excluded_lines": []}, "FactoryIntegrationTest.test_complete_trust_ecosystem_creation": {"executed_lines": [377, 378, 379, 380, 383, 384, 393, 399, 404, 405, 406, 407, 408], "summary": {"covered_lines": 13, "num_statements": 13, "percent_covered": 100.0, "percent_covered_display": "100", "missing_lines": 0, "excluded_lines": 0}, "missing_lines": [], "excluded_lines": []}, "FactoryIntegrationTest.test_factory_inheritance_and_overrides": {"executed_lines": [413, 419, 421, 422, 423], "summary": {"covered_lines": 5, "num_statements": 5, "percent_covered": 100.0, "percent_covered_display": "100", "missing_lines": 0, "excluded_lines": 0}, "missing_lines": [], "excluded_lines": []}, "FactoryIntegrationTest.test_factory_uniqueness_constraints": {"executed_lines": [428, 429, 430, 433, 434, 436, 437, 439, 440], "summary": {"covered_lines": 9, "num_statements": 9, "percent_covered": 100.0, "percent_covered_display": "100", "missing_lines": 0, "excluded_lines": 0}, "missing_lines": [], "excluded_lines": []}, "FactoryIntegrationTest.test_factory_data_consistency": {"executed_lines": [445, 446, 447, 450, 451, 452, 455, 456, 457, 458], "summary": {"covered_lines": 10, "num_statements": 12, "percent_covered": 83.33333333333333, "percent_covered_display": "83", "missing_lines": 2, "excluded_lines": 0}, "missing_lines": [459, 460], "excluded_lines": []}, "FactoryIntegrationTest.test_factory_performance_batch_creation": {"executed_lines": [464, 467, 468, 469, 470, 473, 474, 475, 476, 477, 480, 481], "summary": {"covered_lines": 12, "num_statements": 12, "percent_covered": 100.0, "percent_covered_display": "100", "missing_lines": 0, "excluded_lines": 0}, "missing_lines": [], "excluded_lines": []}, "": {"executed_lines": [1, 4, 5, 6, 7, 8, 9, 11, 19, 23, 25, 28, 29, 31, 42, 51, 63, 73, 90, 91, 93, 107, 115, 123, 138, 147, 148, 150, 165, 173, 191, 199, 200, 202, 225, 241, 258, 267, 268, 270, 283, 300, 307, 323, 324, 326, 337, 352, 362, 371, 372, 374, 410, 425, 442, 462], "summary": {"covered_lines": 48, "num_statements": 48, "percent_covered": 100.0, "percent_covered_display": "100", "missing_lines": 0, "excluded_lines": 0}, "missing_lines": [], "excluded_lines": []}}, "classes": {"OrganizationFactoryTest": {"executed_lines": [33, 35, 36, 37, 38, 39, 40, 44, 45, 47, 48, 49, 53, 55, 56, 57, 60, 61, 65, 67, 71, 75, 76, 78, 84, 85, 86, 87], "summary": {"covered_lines": 28, "num_statements": 28, "percent_covered": 100.0, "percent_covered_display": "100", "missing_lines": 0, "excluded_lines": 0}, "missing_lines": [], "excluded_lines": []}, "UserFactoryTest": {"executed_lines": [95, 97, 98, 99, 100, 101, 102, 103, 104, 105, 109, 110, 112, 113, 117, 118, 120, 121, 125, 126, 128, 134, 135, 136, 140, 142, 143, 144], "summary": {"covered_lines": 28, "num_statements": 28, "percent_covered": 100.0, "percent_covered_display": "100", "missing_lines": 0, "excluded_lines": 0}, "missing_lines": [], "excluded_lines": []}, "TrustLevelFactoryTest": {"executed_lines": [152, 154, 155, 156, 157, 158, 159, 160, 161, 162, 163, 167, 169, 170, 171, 175, 176, 177, 179, 186, 187, 188, 189, 193, 194, 196], "summary": {"covered_lines": 26, "num_statements": 26, "percent_covered": 100.0, "percent_covered_display": "100", "missing_lines": 0, "excluded_lines": 0}, "missing_lines": [], "excluded_lines": []}, "TrustRelationshipFactoryTest": {"executed_lines": [204, 206, 207, 208, 209, 210, 211, 212, 213, 214, 215, 216, 217, 220, 223, 227, 228, 229, 231, 237, 238, 239, 243, 244, 246, 253, 254, 255, 256, 260, 262, 263, 264], "summary": {"covered_lines": 33, "num_statements": 33, "percent_covered": 100.0, "percent_covered_display": "100", "missing_lines": 0, "excluded_lines": 0}, "missing_lines": [], "excluded_lines": []}, "TrustGroupFactoryTest": {"executed_lines": [272, 274, 275, 276, 277, 278, 279, 280, 281, 285, 286, 288, 295, 296, 297, 298, 302, 303, 305, 309, 311, 312, 313], "summary": {"covered_lines": 23, "num_statements": 23, "percent_covered": 100.0, "percent_covered_display": "100", "missing_lines": 0, "excluded_lines": 0}, "missing_lines": [], "excluded_lines": []}, "TrustLogFactoryTest": {"executed_lines": [328, 330, 331, 332, 333, 334, 335, 339, 340, 342, 348, 349, 350, 354, 356, 360, 364, 366, 367, 368], "summary": {"covered_lines": 20, "num_statements": 20, "percent_covered": 100.0, "percent_covered_display": "100", "missing_lines": 0, "excluded_lines": 0}, "missing_lines": [], "excluded_lines": []}, "FactoryIntegrationTest": {"executed_lines": [377, 378, 379, 380, 383, 384, 393, 399, 404, 405, 406, 407, 408, 413, 419, 421, 422, 423, 428, 429, 430, 433, 434, 436, 437, 439, 440, 445, 446, 447, 450, 451, 452, 455, 456, 457, 458, 464, 467, 468, 469, 470, 473, 474, 475, 476, 477, 480, 481], "summary": {"covered_lines": 49, "num_statements": 51, "percent_covered": 96.07843137254902, "percent_covered_display": "96", "missing_lines": 2, "excluded_lines": 0}, "missing_lines": [459, 460], "excluded_lines": []}, "": {"executed_lines": [1, 4, 5, 6, 7, 8, 9, 11, 19, 23, 25, 28, 29, 31, 42, 51, 63, 73, 90, 91, 93, 107, 115, 123, 138, 147, 148, 150, 165, 173, 191, 199, 200, 202, 225, 241, 258, 267, 268, 270, 283, 300, 307, 323, 324, 326, 337, 352, 362, 371, 372, 374, 410, 425, 442, 462], "summary": {"covered_lines": 48, "num_statements": 48, "percent_covered": 100.0, "percent_covered_display": "100", "missing_lines": 0, "excluded_lines": 0}, "missing_lines": [], "excluded_lines": []}}}, "/mnt/c/Users/jadyn/Documents/University of Pretoria/2025/Capstone/core/tests/test_fixtures.py": {"executed_lines": [1, 7, 8, 9, 10, 13, 14, 16, 19, 26, 33, 41, 42, 45, 55, 65, 74, 84, 87, 97, 107, 118, 121, 134, 152], "summary": {"covered_lines": 23, "num_statements": 37, "percent_covered": 62.16216216216216, "percent_covered_display": "62", "missing_lines": 14, "excluded_lines": 0}, "missing_lines": [123, 124, 130, 131, 136, 137, 138, 140, 148, 149, 154, 155, 164, 165], "excluded_lines": [], "functions": {"BaseTestCase.setUp": {"executed_lines": [19, 26, 33, 41, 42, 45, 55, 65, 74, 84, 87, 97, 107, 118], "summary": {"covered_lines": 14, "num_statements": 14, "percent_covered": 100.0, "percent_covered_display": "100", "missing_lines": 0, "excluded_lines": 0}, "missing_lines": [], "excluded_lines": []}, "create_test_organization": {"executed_lines": [], "summary": {"covered_lines": 0, "num_statements": 4, "percent_covered": 0.0, "percent_covered_display": "0", "missing_lines": 4, "excluded_lines": 0}, "missing_lines": [123, 124, 130, 131], "excluded_lines": []}, "create_test_user": {"executed_lines": [], "summary": {"covered_lines": 0, "num_statements": 6, "percent_covered": 0.0, "percent_covered_display": "0", "missing_lines": 6, "excluded_lines": 0}, "missing_lines": [136, 137, 138, 140, 148, 149], "excluded_lines": []}, "create_test_trust_level": {"executed_lines": [], "summary": {"covered_lines": 0, "num_statements": 4, "percent_covered": 0.0, "percent_covered_display": "0", "missing_lines": 4, "excluded_lines": 0}, "missing_lines": [154, 155, 164, 165], "excluded_lines": []}, "": {"executed_lines": [1, 7, 8, 9, 10, 13, 14, 16, 121, 134, 152], "summary": {"covered_lines": 9, "num_statements": 9, "percent_covered": 100.0, "percent_covered_display": "100", "missing_lines": 0, "excluded_lines": 0}, "missing_lines": [], "excluded_lines": []}}, "classes": {"BaseTestCase": {"executed_lines": [19, 26, 33, 41, 42, 45, 55, 65, 74, 84, 87, 97, 107, 118], "summary": {"covered_lines": 14, "num_statements": 14, "percent_covered": 100.0, "percent_covered_display": "100", "missing_lines": 0, "excluded_lines": 0}, "missing_lines": [], "excluded_lines": []}, "": {"executed_lines": [1, 7, 8, 9, 10, 13, 14, 16, 121, 134, 152], "summary": {"covered_lines": 9, "num_statements": 23, "percent_covered": 39.130434782608695, "percent_covered_display": "39", "missing_lines": 14, "excluded_lines": 0}, "missing_lines": [123, 124, 130, 131, 136, 137, 138, 140, 148, 149, 154, 155, 164, 165], "excluded_lines": []}}}, "/mnt/c/Users/jadyn/Documents/University of Pretoria/2025/Capstone/core/tests/test_integration.py": {"executed_lines": [1, 7, 8, 10, 11, 12, 13, 16, 17, 19, 22, 23, 29, 33, 35, 36, 42, 46, 48, 50, 51, 58], "summary": {"covered_lines": 20, "num_statements": 26, "percent_covered": 76.92307692307692, "percent_covered_display": "77", "missing_lines": 6, "excluded_lines": 0}, "missing_lines": [30, 31, 43, 44, 59, 60], "excluded_lines": [], "functions": {"TrustManagementIntegrationTest.test_complete_trust_relationship_workflow": {"executed_lines": [22, 23, 29], "summary": {"covered_lines": 3, "num_statements": 5, "percent_covered": 60.0, "percent_covered_display": "60", "missing_lines": 2, "excluded_lines": 0}, "missing_lines": [30, 31], "excluded_lines": []}, "TrustManagementIntegrationTest.test_service_integration_with_models": {"executed_lines": [35, 36, 42], "summary": {"covered_lines": 3, "num_statements": 5, "percent_covered": 60.0, "percent_covered_display": "60", "missing_lines": 2, "excluded_lines": 0}, "missing_lines": [43, 44], "excluded_lines": []}, "TrustManagementIntegrationTest.test_trust_group_workflow": {"executed_lines": [48, 50, 51, 58], "summary": {"covered_lines": 4, "num_statements": 6, "percent_covered": 66.66666666666667, "percent_covered_display": "67", "missing_lines": 2, "excluded_lines": 0}, "missing_lines": [59, 60], "excluded_lines": []}, "": {"executed_lines": [1, 7, 8, 10, 11, 12, 13, 16, 17, 19, 33, 46], "summary": {"covered_lines": 10, "num_statements": 10, "percent_covered": 100.0, "percent_covered_display": "100", "missing_lines": 0, "excluded_lines": 0}, "missing_lines": [], "excluded_lines": []}}, "classes": {"TrustManagementIntegrationTest": {"executed_lines": [22, 23, 29, 35, 36, 42, 48, 50, 51, 58], "summary": {"covered_lines": 10, "num_statements": 16, "percent_covered": 62.5, "percent_covered_display": "62", "missing_lines": 6, "excluded_lines": 0}, "missing_lines": [30, 31, 43, 44, 59, 60], "excluded_lines": []}, "": {"executed_lines": [1, 7, 8, 10, 11, 12, 13, 16, 17, 19, 33, 46], "summary": {"covered_lines": 10, "num_statements": 10, "percent_covered": 100.0, "percent_covered_display": "100", "missing_lines": 0, "excluded_lines": 0}, "missing_lines": [], "excluded_lines": []}}}, "/mnt/c/Users/jadyn/Documents/University of Pretoria/2025/Capstone/core/tests/test_middleware_audit.py": {"executed_lines": [1, 7, 8, 9, 10, 11, 12, 13, 15, 16, 17, 18, 19, 22, 23, 25, 26, 27, 28, 30, 32, 33, 35, 37, 38, 40, 41, 42, 47, 49, 50, 51, 52, 54, 55, 56, 61, 63, 64, 66, 67, 68, 73, 75, 77, 78, 79, 81, 82, 84, 85, 91, 92, 94, 95, 96, 98, 100, 101, 103, 105, 106, 113, 114, 118, 120, 122, 124, 125, 133, 134, 138, 140, 142, 144, 145, 153, 154, 155, 156, 161, 163, 164, 169, 176, 177, 178, 179, 184, 186, 187, 192, 193, 194, 195, 200, 202, 203, 208, 209, 214, 217, 219, 225, 226, 228, 231, 232, 234, 236, 245, 246, 247, 248, 249, 251, 253, 261, 262, 264, 267, 274, 282, 287, 292, 293, 295, 297, 298, 301, 307, 308, 311, 319, 323, 326, 327, 329, 331, 340, 341, 342, 343, 344, 346, 348, 356, 357, 359, 361, 371, 372, 373, 375, 376, 379, 380, 381, 384, 385, 387, 388, 389, 391, 394, 395, 404, 410, 412, 415, 421, 422, 431, 435, 437, 439, 441, 442, 450, 451, 452, 455, 456, 457, 458, 459, 461, 465, 466, 468, 469, 470, 471, 473, 476, 477, 478, 479, 481, 484, 485, 494, 495, 496, 497, 499, 501, 504, 511, 512, 520, 521, 522, 523, 525, 527, 529, 531, 534, 535, 536, 546, 549], "summary": {"covered_lines": 215, "num_statements": 240, "percent_covered": 89.58333333333333, "percent_covered_display": "90", "missing_lines": 25, "excluded_lines": 0}, "missing_lines": [43, 45, 57, 59, 69, 71, 86, 88, 115, 116, 117, 135, 136, 137, 157, 159, 180, 182, 196, 198, 210, 212, 462, 542, 544], "excluded_lines": [], "functions": {"AuditMiddlewareTest.setUp": {"executed_lines": [26, 27, 28], "summary": {"covered_lines": 3, "num_statements": 3, "percent_covered": 100.0, "percent_covered_display": "100", "missing_lines": 0, "excluded_lines": 0}, "missing_lines": [], "excluded_lines": []}, "AuditMiddlewareTest.test_middleware_instantiation": {"executed_lines": [32, 33], "summary": {"covered_lines": 2, "num_statements": 2, "percent_covered": 100.0, "percent_covered_display": "100", "missing_lines": 0, "excluded_lines": 0}, "missing_lines": [], "excluded_lines": []}, "AuditMiddlewareTest.test_middleware_processes_request": {"executed_lines": [37, 38, 40, 41, 42], "summary": {"covered_lines": 5, "num_statements": 7, "percent_covered": 71.42857142857143, "percent_covered_display": "71", "missing_lines": 2, "excluded_lines": 0}, "missing_lines": [43, 45], "excluded_lines": []}, "AuditMiddlewareTest.test_middleware_with_authenticated_user": {"executed_lines": [49, 50, 51, 52, 54, 55, 56], "summary": {"covered_lines": 7, "num
[...]
d": 0.0, "percent_covered_display": "0", "missing_lines": 5, "excluded_lines": 0}, "missing_lines": [414, 415, 416, 417, 418], "excluded_lines": []}, "AdminViewSet.comprehensive_audit_logs": {"executed_lines": [], "summary": {"covered_lines": 0, "num_statements": 31, "percent_covered": 0.0, "percent_covered_display": "0", "missing_lines": 31, "excluded_lines": 0}, "missing_lines": [437, 438, 441, 443, 444, 445, 447, 448, 449, 451, 452, 453, 455, 456, 457, 458, 460, 461, 462, 463, 465, 466, 468, 469, 472, 480, 485, 486, 491, 492, 493], "excluded_lines": []}, "AdminViewSet.user_activity_summary": {"executed_lines": [], "summary": {"covered_lines": 0, "num_statements": 14, "percent_covered": 0.0, "percent_covered_display": "0", "missing_lines": 14, "excluded_lines": 0}, "missing_lines": [506, 507, 509, 510, 511, 512, 517, 519, 524, 529, 530, 535, 536, 537], "excluded_lines": []}, "AdminViewSet.security_events": {"executed_lines": [], "summary": {"covered_lines": 0, "num_statements": 11, "percent_covered": 0.0, "percent_covered_display": "0", "missing_lines": 11, "excluded_lines": 0}, "missing_lines": [551, 552, 554, 555, 557, 562, 572, 573, 578, 579, 580], "excluded_lines": []}, "AdminViewSet.audit_statistics": {"executed_lines": [], "summary": {"covered_lines": 0, "num_statements": 19, "percent_covered": 0.0, "percent_covered_display": "0", "missing_lines": 19, "excluded_lines": 0}, "missing_lines": [593, 594, 596, 598, 599, 600, 602, 605, 610, 611, 616, 622, 629, 642, 647, 648, 653, 654, 655], "excluded_lines": []}, "AdminViewSet._get_client_ip": {"executed_lines": [], "summary": {"covered_lines": 0, "num_statements": 5, "percent_covered": 0.0, "percent_covered_display": "0", "missing_lines": 5, "excluded_lines": 0}, "missing_lines": [662, 663, 664, 666, 667], "excluded_lines": []}, "": {"executed_lines": [1, 2, 3, 4, 5, 6, 7, 8, 9, 10, 11, 12, 13, 15, 18, 19, 23, 24, 26, 34, 39, 40, 93, 94, 137, 138, 226, 227, 277, 278, 309, 310, 366, 371, 382, 389, 394, 402, 412, 420, 421, 498, 499, 542, 543, 585, 586, 660], "summary": {"covered_lines": 47, "num_statements": 47, "percent_covered": 100.0, "percent_covered_display": "100", "missing_lines": 0, "excluded_lines": 0}, "missing_lines": [], "excluded_lines": []}}, "classes": {"AdminViewSet": {"executed_lines": [27, 28, 29, 30, 31, 32, 36, 37, 42, 43, 46, 47, 50, 51, 53, 64, 75, 80, 81, 368, 369, 373, 374, 376, 377, 384, 385], "summary": {"covered_lines": 27, "num_statements": 205, "percent_covered": 13.170731707317072, "percent_covered_display": "13", "missing_lines": 178, "excluded_lines": 0}, "missing_lines": [54, 86, 87, 88, 96, 97, 99, 119, 124, 125, 130, 131, 132, 150, 151, 154, 155, 156, 157, 158, 159, 162, 164, 165, 166, 167, 168, 169, 170, 171, 172, 173, 174, 175, 177, 179, 180, 181, 197, 213, 214, 219, 220, 221, 229, 230, 232, 233, 234, 235, 240, 243, 256, 264, 265, 270, 271, 272, 280, 281, 283, 284, 286, 288, 296, 297, 302, 303, 304, 312, 313, 315, 318, 334, 338, 339, 348, 353, 354, 359, 360, 361, 392, 396, 397, 398, 399, 400, 404, 405, 406, 409, 410, 414, 415, 416, 417, 418, 437, 438, 441, 443, 444, 445, 447, 448, 449, 451, 452, 453, 455, 456, 457, 458, 460, 461, 462, 463, 465, 466, 468, 469, 472, 480, 485, 486, 491, 492, 493, 506, 507, 509, 510, 511, 512, 517, 519, 524, 529, 530, 535, 536, 537, 551, 552, 554, 555, 557, 562, 572, 573, 578, 579, 580, 593, 594, 596, 598, 599, 600, 602, 605, 610, 611, 616, 622, 629, 642, 647, 648, 653, 654, 655, 662, 663, 664, 666, 667], "excluded_lines": []}, "": {"executed_lines": [1, 2, 3, 4, 5, 6, 7, 8, 9, 10, 11, 12, 13, 15, 18, 19, 23, 24, 26, 34, 39, 40, 93, 94, 137, 138, 226, 227, 277, 278, 309, 310, 366, 371, 382, 389, 394, 402, 412, 420, 421, 498, 499, 542, 543, 585, 586, 660], "summary": {"covered_lines": 47, "num_statements": 47, "percent_covered": 100.0, "percent_covered_display": "100", "missing_lines": 0, "excluded_lines": 0}, "missing_lines": [], "excluded_lines": []}}}, "/mnt/c/Users/jadyn/Documents/University of Pretoria/2025/Capstone/core/user_management/views/auth_views.py": {"executed_lines": [1, 2, 3, 4, 5, 6, 7, 8, 9, 10, 11, 13, 16, 17, 18, 20, 22, 23, 24, 25, 26, 28, 29, 31, 32, 33, 34, 35, 37, 38, 43, 51, 52, 55, 56, 57, 58, 60, 65, 66, 71, 72, 117, 118, 160, 161, 196, 197, 225, 226, 270, 271, 330, 331], "summary": {"covered_lines": 53, "num_statements": 132, "percent_covered": 40.15151515151515, "percent_covered_display": "40", "missing_lines": 79, "excluded_lines": 0}, "missing_lines": [81, 82, 84, 85, 90, 92, 93, 105, 110, 111, 112, 127, 128, 129, 134, 136, 142, 143, 148, 153, 154, 155, 165, 166, 167, 173, 174, 175, 176, 178, 189, 190, 191, 201, 202, 203, 208, 210, 218, 219, 220, 235, 236, 237, 242, 244, 245, 250, 252, 253, 258, 263, 264, 265, 282, 283, 284, 289, 290, 291, 293, 294, 299, 300, 305, 312, 313, 318, 323, 324, 325, 335, 336, 337, 342, 344, 349, 350, 351], "excluded_lines": [], "functions": {"AuthenticationViewSet.__init__": {"executed_lines": [23, 24, 25, 26], "summary": {"covered_lines": 4, "num_statements": 4, "percent_covered": 100.0, "percent_covered_display": "100", "missing_lines": 0, "excluded_lines": 0}, "missing_lines": [], "excluded_lines": []}, "AuthenticationViewSet.login": {"executed_lines": [31, 32, 33, 34, 35, 37, 38, 43, 51, 52, 55, 56, 57, 58, 60, 65, 66], "summary": {"covered_lines": 17, "num_statements": 17, "percent_covered": 100.0, "percent_covered_display": "100", "missing_lines": 0, "excluded_lines": 0}, "missing_lines": [], "excluded_lines": []}, "AuthenticationViewSet.refresh": {"executed_lines": [], "summary": {"covered_lines": 0, "num_statements": 11, "percent_covered": 0.0, "percent_covered_display": "0", "missing_lines": 11, "excluded_lines": 0}, "missing_lines": [81, 82, 84, 85, 90, 92, 93, 105, 110, 111, 112], "excluded_lines": []}, "AuthenticationViewSet.logout": {"executed_lines": [], "summary": {"covered_lines": 0, "num_statements": 11, "percent_covered": 0.0, "percent_covered_display": "0", "missing_lines": 11, "excluded_lines": 0}, "missing_lines": [127, 128, 129, 134, 136, 142, 143, 148, 153, 154, 155], "excluded_lines": []}, "AuthenticationViewSet.verify": {"executed_lines": [], "summary": {"covered_lines": 0, "num_statements": 11, "percent_covered": 0.0, "percent_covered_display": "0", "missing_lines": 11, "excluded_lines": 0}, "missing_lines": [165, 166, 167, 173, 174, 175, 176, 178, 189, 190, 191], "excluded_lines": []}, "AuthenticationViewSet.sessions": {"executed_lines": [], "summary": {"covered_lines": 0, "num_statements": 8, "percent_covered": 0.0, "percent_covered_display": "0", "missing_lines": 8, "excluded_lines": 0}, "missing_lines": [201, 202, 203, 208, 210, 218, 219, 220], "excluded_lines": []}, "AuthenticationViewSet.revoke_session": {"executed_lines": [], "summary": {"covered_lines": 0, "num_statements": 13, "percent_covered": 0.0, "percent_covered_display": "0", "missing_lines": 13, "excluded_lines": 0}, "missing_lines": [235, 236, 237, 242, 244, 245, 250, 252, 253, 258, 263, 264, 265], "excluded_lines": []}, "AuthenticationViewSet.change_password": {"executed_lines": [], "summary": {"covered_lines": 0, "num_statements": 17, "percent_covered": 0.0, "percent_covered_display": "0", "missing_lines": 17, "excluded_lines": 0}, "missing_lines": [282, 283, 284, 289, 290, 291, 293, 294, 299, 300, 305, 312, 313, 318, 323, 324, 325], "excluded_lines": []}, "AuthenticationViewSet.dashboard": {"executed_lines": [], "summary": {"covered_lines": 0, "num_statements": 8, "percent_covered": 0.0, "percent_covered_display": "0", "missing_lines": 8, "excluded_lines": 0}, "missing_lines": [335, 336, 337, 342, 344, 349, 350, 351], "excluded_lines": []}, "": {"executed_lines": [1, 2, 3, 4, 5, 6, 7, 8, 9, 10, 11, 13, 16, 17, 18, 20, 22, 28, 29, 71, 72, 117, 118, 160, 161, 196, 197, 225, 226, 270, 271, 330, 331], "summary": {"covered_lines": 32, "num_statements": 32, "percent_covered": 100.0, "percent_covered_display": "100", "missing_lines": 0, "excluded_lines": 0}, "missing_lines": [], "excluded_lines": []}}, "classes": {"AuthenticationViewSet": {"executed_lines": [23, 24, 25, 26, 31, 32, 33, 34, 35, 37, 38, 43, 51, 52, 55, 56, 57, 58, 60, 65, 66], "summary": {"covered_lines": 21, "num_statements": 100, "percent_covered": 21.0, "percent_covered_display": "21", "missing_lines": 79, "excluded_lines": 0}, "missing_lines": [81, 82, 84, 85, 90, 92, 93, 105, 110, 111, 112, 127, 128, 129, 134, 136, 142, 143, 148, 153, 154, 155, 165, 166, 167, 173, 174, 175, 176, 178, 189, 190, 191, 201, 202, 203, 208, 210, 218, 219, 220, 235, 236, 237, 242, 244, 245, 250, 252, 253, 258, 263, 264, 265, 282, 283, 284, 289, 290, 291, 293, 294, 299, 300, 305, 312, 313, 318, 323, 324, 325, 335, 336, 337, 342, 344, 349, 350, 351], "excluded_lines": []}, "": {"executed_lines": [1, 2, 3, 4, 5, 6, 7, 8, 9, 10, 11, 13, 16, 17, 18, 20, 22, 28, 29, 71, 72, 117, 118, 160, 161, 196, 197, 225, 226, 270, 271, 330, 331], "summary": {"covered_lines": 32, "num_statements": 32, "percent_covered": 100.0, "percent_covered_display": "100", "missing_lines": 0, "excluded_lines": 0}, "missing_lines": [], "excluded_lines": []}}}, "/mnt/c/Users/jadyn/Documents/University of Pretoria/2025/Capstone/core/user_management/views/organization_views.py": {"executed_lines": [1, 2, 3, 4, 5, 6, 7, 8, 9, 10, 12, 15, 16, 20, 21, 23, 24, 25, 26, 27, 29, 30, 98, 99, 127, 128, 177, 178, 225, 226, 266, 267, 294, 295, 364, 365, 392], "summary": {"covered_lines": 36, "num_statements": 130, "percent_covered": 27.692307692307693, "percent_covered_display": "28", "missing_lines": 94, "excluded_lines": 0}, "missing_lines": [51, 52, 53, 58, 59, 60, 62, 67, 72, 85, 86, 91, 92, 93, 101, 102, 107, 114, 115, 120, 121, 122, 140, 141, 142, 143, 145, 151, 156, 164, 165, 170, 171, 172, 188, 189, 197, 200, 201, 202, 204, 209, 218, 219, 220, 235, 236, 238, 244, 253, 254, 259, 260, 261, 269, 270, 274, 281, 282, 287, 288, 289, 306, 307, 309, 310, 311, 313, 314, 319, 320, 321, 322, 323, 328, 336, 351, 352, 357, 358, 359, 367, 368, 372, 379, 380, 385, 386, 387, 394, 395, 396, 398, 399], "excluded_lines": [], "functions": {"OrganizationViewSet.__init__": {"executed_lines": [24, 25, 26, 27], "summary": {"covered_lines": 4, "num_statements": 4, "percent_covered": 100.0, "percent_covered_display": "100", "missing_lines": 0, "excluded_lines": 0}, "missing_lines": [], "excluded_lines": []}, "OrganizationViewSet.create_organization": {"executed_lines": [], "summary": {"covered_lines": 0, "num_statements": 14, "percent_covered": 0.0, "percent_covered_display": "0", "missing_lines": 14, "excluded_lines": 0}, "missing_lines": [51, 52, 53, 58, 59, 60, 62, 67, 72, 85, 86, 91, 92, 93], "excluded_lines": []}, "OrganizationViewSet.get_organization": {"executed_lines": [], "summary": {"covered_lines": 0, "num_statements": 8, "percent_covered": 0.0, "percent_covered_display": "0", "missing_lines": 8, "excluded_lines": 0}, "missing_lines": [101, 102, 107, 114, 115, 120, 121, 122], "excluded_lines": []}, "OrganizationViewSet.update_organization": {"executed_lines": [], "summary": {"covered_lines": 0, "num_statements": 12, "percent_covered": 0.0, "percent_covered_display": "0", "missing_lines": 12, "excluded_lines": 0}, "missing_lines": [140, 141, 142, 143, 145, 151, 156, 164, 165, 170, 171, 172], "excluded_lines": []}, "OrganizationViewSet.list_organizations": {"executed_lines": [], "summary": {"covered_lines": 0, "num_statements": 11, "percent_covered": 0.0, "percent_covered_display": "0", "missing_lines": 11, "excluded_lines": 0}, "missing_lines": [188, 189, 197, 200, 201, 202, 204, 209, 218, 219, 220], "excluded_lines": []}, "OrganizationViewSet.deactivate_organization": {"executed_lines": [], "summary": {"covered_lines": 0, "num_statements": 9, "percent_covered": 0.0, "percent_covered_display": "0", "missing_lines": 9, "excluded_lines": 0}, "missing_lines": [235, 236, 238, 244, 253, 254, 259, 260, 261], "excluded_lines": []}, "OrganizationViewSet.statistics": {"executed_lines": [], "summary": {"covered_lines": 0, "num_statements": 8, "percent_covered": 0.0, "percent_covered_display": "0", "missing_lines": 8, "excluded_lines": 0}, "missing_lines": [269, 270, 274, 281, 282, 287, 288, 289], "excluded_lines": []}, "OrganizationViewSet.create_trust_relationship": {"executed_lines": [], "summary": {"covered_lines": 0, "num_statements": 19, "percent_covered": 0.0, "percent_covered_display": "0", "missing_lines": 19, "excluded_lines": 0}, "missing_lines": [306, 307, 309, 310, 311, 313, 314, 319, 320, 321, 322, 323, 328, 336, 351, 352, 357, 358, 359], "excluded_lines": []}, "OrganizationViewSet.trust_metrics": {"executed_lines": [], "summary": {"covered_lines": 0, "num_statements": 8, "percent_covered": 0.0, "percent_covered_display": "0", "missing_lines": 8, "excluded_lines": 0}, "missing_lines": [367, 368, 372, 379, 380, 385, 386, 387], "excluded_lines": []}, "OrganizationViewSet._get_client_ip": {"executed_lines": [], "summary": {"covered_lines": 0, "num_statements": 5, "percent_covered": 0.0, "percent_covered_display": "0", "missing_lines": 5, "excluded_lines": 0}, "missing_lines": [394, 395, 396, 398, 399], "excluded_lines": []}, "": {"executed_lines": [1, 2, 3, 4, 5, 6, 7, 8, 9, 10, 12, 15, 16, 20, 21, 23, 29, 30, 98, 99, 127, 128, 177, 178, 225, 226, 266, 267, 294, 295, 364, 365, 392], "summary": {"covered_lines": 32, "num_statements": 32, "percent_covered": 100.0, "percent_covered_display": "100", "missing_lines": 0, "excluded_lines": 0}, "missing_lines": [], "excluded_lines": []}}, "classes": {"OrganizationViewSet": {"executed_lines": [24, 25, 26, 27], "summary": {"covered_lines": 4, "num_statements": 98, "percent_covered": 4.081632653061225, "percent_covered_display": "4", "missing_lines": 94, "excluded_lines": 0}, "missing_lines": [51, 52, 53, 58, 59, 60, 62, 67, 72, 85, 86, 91, 92, 93, 101, 102, 107, 114, 115, 120, 121, 122, 140, 141, 142, 143, 145, 151, 156, 164, 165, 170, 171, 172, 188, 189, 197, 200, 201, 202, 204, 209, 218, 219, 220, 235, 236, 238, 244, 253, 254, 259, 260, 261, 269, 270, 274, 281, 282, 287, 288, 289, 306, 307, 309, 310, 311, 313, 314, 319, 320, 321, 322, 323, 328, 336, 351, 352, 357, 358, 359, 367, 368, 372, 379, 380, 385, 386, 387, 394, 395, 396, 398, 399], "excluded_lines": []}, "": {"executed_lines": [1, 2, 3, 4, 5, 6, 7, 8, 9, 10, 12, 15, 16, 20, 21, 23, 29, 30, 98, 99, 127, 128, 177, 178, 225, 226, 266, 267, 294, 295, 364, 365, 392], "summary": {"covered_lines": 32, "num_statements": 32, "percent_covered": 100.0, "percent_covered_display": "100", "missing_lines": 0, "excluded_lines": 0}, "missing_lines": [], "excluded_lines": []}}}, "/mnt/c/Users/jadyn/Documents/University of Pretoria/2025/Capstone/core/user_management/views/user_views.py": {"executed_lines": [1, 2, 3, 4, 5, 6, 7, 8, 9, 10, 12, 15, 16, 20, 21, 23, 24, 25, 26, 28, 29, 83, 84, 86, 87, 89, 109, 110, 158, 159, 215, 216, 256, 257, 279, 280, 319, 320, 350], "summary": {"covered_lines": 38, "num_statements": 124, "percent_covered": 30.64516129032258, "percent_covered_display": "31", "missing_lines": 86, "excluded_lines": 0}, "missing_lines": [44, 45, 46, 51, 52, 53, 55, 60, 62, 70, 71, 76, 77, 78, 96, 97, 102, 103, 104, 124, 125, 126, 127, 129, 135, 137, 145, 146, 151, 152, 153, 169, 170, 178, 181, 182, 183, 185, 187, 193, 202, 203, 208, 209, 210, 225, 226, 228, 234, 243, 244, 249, 250, 251, 259, 260, 265, 272, 273, 274, 282, 283, 284, 285, 287, 293, 298, 306, 307, 312, 313, 314, 322, 323, 325, 330, 337, 338, 343, 344, 345, 352, 353, 354, 356, 357], "excluded_lines": [], "functions": {"UserViewSet.__init__": {"executed_lines": [24, 25, 26], "summary": {"covered_lines": 3, "num_statements": 3, "percent_covered": 100.0, "percent_covered_display": "100", "missing_lines": 0, "excluded_lines": 0}, "missing_lines": [], "excluded_lines": []}, "UserViewSet.create_user": {"executed_lines": [], "summary": {"covered_lines": 0, "num_statements": 14, "percent_covered": 0.0, "percent_covered_display": "0", "missing_lines": 14, "excluded_lines": 0}, "missing_lines": [44, 45, 46, 51, 52, 53, 55, 60, 62, 70, 71, 76, 77, 78], "excluded_lines": []}, "UserViewSet.get_user": {"executed_lines": [86, 87, 89], "summary": {"covered_lines": 3, "num_statements": 8, "percent_covered": 37.5, "percent_covered_display": "38", "missing_lines": 5, "excluded_lines": 0}, "missing_lines": [96, 97, 102, 103, 104], "excluded_lines": []}, "UserViewSet.update_user": {"executed_lines": [], "summary": {"covered_lines": 0, "num_statements": 12, "percent_covered": 0.0, "percent_covered_display": "0", "missing_lines": 12, "excluded_lines": 0}, "missing_lines": [124, 125, 126, 127, 129, 135, 137, 145, 146, 151, 152, 153], "excluded_lines": []}, "UserViewSet.list_users": {"executed_lines": [], "summary": {"covered_lines": 0, "num_statements": 14, "percent_covered": 0.0, "percent_covered_display": "0", "missing_lines": 14, "excluded_lines": 0}, "missing_lines": [169, 170, 178, 181, 182, 183, 185, 187, 193, 202, 203, 208, 209, 210], "excluded_lines": []}, "UserViewSet.deactivate_user": {"executed_lines": [], "summary": {"covered_lines": 0, "num_statements": 9, "percent_covered": 0.0, "percent_covered_display": "0", "missing_lines": 9, "excluded_lines": 0}, "missing_lines": [225, 226, 228, 234, 243, 244, 249, 250, 251], "excluded_lines": []}, "UserViewSet.profile": {"executed_lines": [], "summary": {"covered_lines": 0, "num_statements": 6, "percent_covered": 0.0, "percent_covered_display": "0", "missing_lines": 6, "excluded_lines": 0}, "missing_lines": [259, 260, 265, 272, 273, 274], "excluded_lines": []}, "UserViewSet.update_profile": {"executed_lines": [], "summary": {"covered_lines": 0, "num_statements": 12, "percent_covered": 0.0, "percent_covered_display": "0", "missing_lines": 12, "excluded_lines": 0}, "missing_lines": [282, 283, 284, 285, 287, 293, 298, 306, 307, 312, 313, 314], "excluded_lines": []}, "UserViewSet.statistics": {"executed_lines": [], "summary": {"covered_lines": 0, "num_statements": 9, "percent_covered": 0.0, "percent_covered_display": "0", "missing_lines": 9, "excluded_lines": 0}, "missing_lines": [322, 323, 325, 330, 337, 338, 343, 344, 345], "excluded_lines": []}, "UserViewSet._get_client_ip": {"executed_lines": [], "summary": {"covered_lines": 0, "num_statements": 5, "percent_covered": 0.0, "percent_covered_display": "0", "missing_lines": 5, "excluded_lines": 0}, "missing_lines": [352, 353, 354, 356, 357], "excluded_lines": []}, "": {"executed_lines": [1, 2, 3, 4, 5, 6, 7, 8, 9, 10, 12, 15, 16, 20, 21, 23, 28, 29, 83, 84, 109, 110, 158, 159, 215, 216, 256, 257, 279, 280, 319, 320, 350], "summary": {"covered_lines": 32, "num_statements": 32, "percent_covered": 100.0, "percent_covered_display": "100", "missing_lines": 0, "excluded_lines": 0}, "missing_lines": [], "excluded_lines": []}}, "classes": {"UserViewSet": {"executed_lines": [24, 25, 26, 86, 87, 89], "summary": {"covered_lines": 6, "num_statements": 92, "percent_covered": 6.521739130434782, "percent_covered_display": "7", "missing_lines": 86, "excluded_lines": 0}, "missing_lines": [44, 45, 46, 51, 52, 53, 55, 60, 62, 70, 71, 76, 77, 78, 96, 97, 102, 103, 104, 124, 125, 126, 127, 129, 135, 137, 145, 146, 151, 152, 153, 169, 170, 178, 181, 182, 183, 185, 187, 193, 202, 203, 208, 209, 210, 225, 226, 228, 234, 243, 244, 249, 250, 251, 259, 260, 265, 272, 273, 274, 282, 283, 284, 285, 287, 293, 298, 306, 307, 312, 313, 314, 322, 323, 325, 330, 337, 338, 343, 344, 345, 352, 353, 354, 356, 357], "excluded_lines": []}, "": {"executed_lines": [1, 2, 3, 4, 5, 6, 7, 8, 9, 10, 12, 15, 16, 20, 21, 23, 28, 29, 83, 84, 109, 110, 158, 159, 215, 216, 256, 257, 279, 280, 319, 320, 350], "summary": {"covered_lines": 32, "num_statements": 32, "percent_covered": 100.0, "percent_covered_display": "100", "missing_lines": 0, "excluded_lines": 0}, "missing_lines": [], "excluded_lines": []}}}}, "totals": {"covered_lines": 7950, "num_statements": 10419, "percent_covered": 76.30290814857472, "percent_covered_display": "76", "missing_lines": 2469, "excluded_lines": 0}}